2025-01-27 19:43:03.527 [info] Log level: Info
2025-01-27 19:43:03.648 [info] VSCODE_MACHINE_ID: dd745e17-5294-4cc8-a682-898a1783f5ec
2025-01-27 19:43:03.648 [info] VSCODE_SESSION_ID: c6cb86df-ff1a-4f40-8709-ad369b8d373f1738006978632
2025-01-27 19:43:03.648 [info] VSCODE_VERSION: 1.96.3
2025-01-27 19:43:03.648 [info] VSCODE_APP_NAME: Gitpod Code
2025-01-27 19:43:03.648 [info] VSCODE_APP_HOST: Gitpod
2025-01-27 19:43:03.648 [info] VSCODE_UI_KIND: web
2025-01-27 19:43:03.648 [info] GITPOD_WORKSPACE_CONTEXT_URL: https://github.com/samanthamoss87/project-4
2025-01-27 19:43:03.648 [info] GITPOD_INSTANCE_ID: 75e6ec6b-9907-47fb-a9e2-35933bf5624f
2025-01-27 19:43:03.648 [info] GITPOD_WORKSPACE_URL: https://samanthamoss87-project4-ewn3f8asl7s.ws-eu117.gitpod.io
2025-01-27 19:43:03.655 [info] Gitpod Web 3953e81
2025-01-27 19:43:03.655 [info] Reading sessions from keychain...
2025-01-27 19:43:03.968 [info] Getting sessions for all scopes...
2025-01-27 19:43:03.968 [info] Getting sessions for all scopes...
2025-01-27 19:43:03.968 [info] Getting GitHub sessions for all scopes...
2025-01-27 19:43:03.968 [info] Getting sessions for function:accessCodeSyncStorage...
2025-01-27 19:43:03.969 [info] Got stored sessions!
2025-01-27 19:43:03.969 [info] Verified session with the following scopes: function:accessCodeSyncStorage function:closePort function:controlAdmission function:deleteEnvVar function:generateNewGitpodToken function:getDefaultWorkspaceImage function:getGitpodTokenScopes function:getIDToken function:getLoggedInUser function:getOpenPorts function:getSupportedWorkspaceClasses function:getTeams function:getToken function:getWorkspace function:getWorkspaceEnvVars function:getWorkspaceOwner function:getWorkspaceTimeout function:getWorkspaceUsers function:guessGitTokenScopes function:isWorkspaceOwner function:openPort function:sendHeartBeat function:setEnvVar function:setWorkspaceTimeout function:stopWorkspace function:takeSnapshot function:trackEvent function:updateGitStatus function:waitForSnapshot resource:contentBlob::*::create/get resource:envVar::*/**::update resource:envVar::*/*::update resource:envVar::samanthamoss87/project-4::create/get/update/delete resource:gitpodToken::*::create resource:snapshot::ws-samanthamoss87-project4-ewn3f8asl7s::create resource:token::*::get resource:userStorage::*::create/get/update resource:workspace::samanthamoss87-project4-ewn3f8asl7s::get/update resource:workspaceInstance::75e6ec6b-9907-47fb-a9e2-35933bf5624f::get/update/delete
2025-01-27 19:43:03.969 [info] Got 1 verified sessions.
2025-01-27 19:43:03.969 [info] Got 1 sessions for all scopes...
2025-01-27 19:43:03.969 [info] Got 1 sessions for all scopes...
2025-01-27 19:43:03.969 [info] Got 1 sessions for function:accessCodeSyncStorage...
2025-01-27 19:43:04.098 [info] Got 1 GitHub sessions for all scopes...
2025-01-27 19:43:04.171 [info] Getting GitHub sessions for all scopes...
2025-01-27 19:43:04.171 [info] Getting sessions for all scopes...
2025-01-27 19:43:04.171 [info] Got 1 GitHub sessions for all scopes...
2025-01-27 19:43:04.171 [info] Got 1 sessions for all scopes...
2025-01-27 19:43:04.589 [info] Getting GitHub sessions for all scopes...
2025-01-27 19:43:04.589 [info] Got 1 GitHub sessions for all scopes...
2025-01-27 19:43:05.329 [info] Getting GitHub sessions for read:user,repo,user:email,workflow...
2025-01-27 19:43:05.329 [info] Got 1 GitHub sessions for read:user,repo,user:email,workflow...
2025-01-27 19:43:05.913 [info] Getting GitHub sessions for project,read:org,read:user,repo,user:email,workflow...
2025-01-27 19:43:05.913 [info] Got 0 GitHub sessions for project,read:org,read:user,repo,user:email,workflow...
2025-01-27 19:43:06.240 [info] Getting GitHub sessions for read:user,repo,user:email,workflow...
2025-01-27 19:43:06.240 [info] Got 1 GitHub sessions for read:user,repo,user:email,workflow...
2025-01-27 19:43:06.518 [info] Getting GitHub sessions for read:user,repo,user:email,workflow...
2025-01-27 19:43:06.518 [info] Got 1 GitHub sessions for read:user,repo,user:email,workflow...
