2025-01-30 19:44:09.826 [info] Log level: Info
2025-01-30 19:44:09.882 [info] VSCODE_MACHINE_ID: dd745e17-5294-4cc8-a682-898a1783f5ec
2025-01-30 19:44:09.882 [info] VSCODE_SESSION_ID: e7f1786b-7630-4a7c-bf35-98397d8fa5141738266244927
2025-01-30 19:44:09.882 [info] VSCODE_VERSION: 1.96.3
2025-01-30 19:44:09.882 [info] VSCODE_APP_NAME: Gitpod Code
2025-01-30 19:44:09.882 [info] VSCODE_APP_HOST: Gitpod
2025-01-30 19:44:09.882 [info] VSCODE_UI_KIND: web
2025-01-30 19:44:09.882 [info] GITPOD_WORKSPACE_CONTEXT_URL: https://github.com/samanthamoss87/project-4
2025-01-30 19:44:09.882 [info] GITPOD_INSTANCE_ID: 2ff9a572-0da8-4d1a-ab06-5441fe4b0fdc
2025-01-30 19:44:09.882 [info] GITPOD_WORKSPACE_URL: https://samanthamoss87-project4-ewn3f8asl7s.ws-eu117.gitpod.io
2025-01-30 19:44:09.889 [info] Gitpod Web 3953e81
2025-01-30 19:44:09.889 [info] Reading sessions from keychain...
2025-01-30 19:44:10.106 [info] Getting sessions for all scopes...
2025-01-30 19:44:10.106 [info] Getting sessions for all scopes...
2025-01-30 19:44:10.106 [info] Getting GitHub sessions for all scopes...
2025-01-30 19:44:10.106 [info] Getting sessions for function:accessCodeSyncStorage...
2025-01-30 19:44:10.106 [info] Got stored sessions!
2025-01-30 19:44:10.128 [info] Verified session with the following scopes: function:accessCodeSyncStorage function:closePort function:controlAdmission function:deleteEnvVar function:generateNewGitpodToken function:getDefaultWorkspaceImage function:getGitpodTokenScopes function:getIDToken function:getLoggedInUser function:getOpenPorts function:getSupportedWorkspaceClasses function:getTeams function:getToken function:getWorkspace function:getWorkspaceEnvVars function:getWorkspaceOwner function:getWorkspaceTimeout function:getWorkspaceUsers function:guessGitTokenScopes function:isWorkspaceOwner function:openPort function:sendHeartBeat function:setEnvVar function:setWorkspaceTimeout function:stopWorkspace function:takeSnapshot function:trackEvent function:updateGitStatus function:waitForSnapshot resource:contentBlob::*::create/get resource:envVar::*/**::update resource:envVar::*/*::update resource:envVar::samanthamoss87/project-4::create/get/update/delete resource:gitpodToken::*::create resource:snapshot::ws-samanthamoss87-project4-ewn3f8asl7s::create resource:token::*::get resource:userStorage::*::create/get/update resource:workspace::samanthamoss87-project4-ewn3f8asl7s::get/update resource:workspaceInstance::2ff9a572-0da8-4d1a-ab06-5441fe4b0fdc::get/update/delete
2025-01-30 19:44:10.128 [info] Got 1 verified sessions.
2025-01-30 19:44:10.128 [info] Got 1 sessions for all scopes...
2025-01-30 19:44:10.128 [info] Got 1 sessions for all scopes...
2025-01-30 19:44:10.128 [info] Got 1 sessions for function:accessCodeSyncStorage...
2025-01-30 19:44:10.312 [info] Got 1 GitHub sessions for all scopes...
2025-01-30 19:44:10.343 [info] Getting GitHub sessions for all scopes...
2025-01-30 19:44:10.343 [info] Getting sessions for all scopes...
2025-01-30 19:44:10.343 [info] Got 1 GitHub sessions for all scopes...
2025-01-30 19:44:10.343 [info] Got 1 sessions for all scopes...
2025-01-30 19:44:10.562 [info] Getting GitHub sessions for all scopes...
2025-01-30 19:44:10.562 [info] Got 1 GitHub sessions for all scopes...
2025-01-30 19:44:11.627 [info] Getting GitHub sessions for read:user,repo,user:email,workflow...
2025-01-30 19:44:11.627 [info] Got 1 GitHub sessions for read:user,repo,user:email,workflow...
2025-01-30 19:44:12.254 [info] Getting GitHub sessions for project,read:org,read:user,repo,user:email,workflow...
2025-01-30 19:44:12.254 [info] Got 0 GitHub sessions for project,read:org,read:user,repo,user:email,workflow...
2025-01-30 19:44:12.625 [info] Getting GitHub sessions for read:user,repo,user:email,workflow...
2025-01-30 19:44:12.625 [info] Got 1 GitHub sessions for read:user,repo,user:email,workflow...
2025-01-30 19:44:12.884 [info] Getting GitHub sessions for read:user,repo,user:email,workflow...
2025-01-30 19:44:12.884 [info] Got 1 GitHub sessions for read:user,repo,user:email,workflow...
