2025-01-30 21:41:42.913 [info] Log level: Info
2025-01-30 21:41:42.913 [info] VSCODE_MACHINE_ID: dd745e17-5294-4cc8-a682-898a1783f5ec
2025-01-30 21:41:42.913 [info] VSCODE_SESSION_ID: 89aa6405-8ec0-419d-8757-88831972e85a1738273297938
2025-01-30 21:41:42.913 [info] VSCODE_VERSION: 1.96.3
2025-01-30 21:41:42.913 [info] VSCODE_APP_NAME: Gitpod Code
2025-01-30 21:41:42.913 [info] VSCODE_APP_HOST: Gitpod
2025-01-30 21:41:42.913 [info] VSCODE_UI_KIND: web
2025-01-30 21:41:42.913 [info] GITPOD_WORKSPACE_CONTEXT_URL: https://github.com/samanthamoss87/project-4
2025-01-30 21:41:42.913 [info] GITPOD_INSTANCE_ID: 42b65a55-fdb1-480e-8ef1-7fb6ab94afc5
2025-01-30 21:41:42.913 [info] GITPOD_WORKSPACE_URL: https://samanthamoss87-project4-ewn3f8asl7s.ws-eu117.gitpod.io
2025-01-30 21:41:42.913 [info] Gitpod Web 3953e81
2025-01-30 21:41:42.913 [info] Reading sessions from keychain...
2025-01-30 21:41:43.154 [info] Getting sessions for all scopes...
2025-01-30 21:41:43.154 [info] Getting sessions for all scopes...
2025-01-30 21:41:43.154 [info] Getting GitHub sessions for all scopes...
2025-01-30 21:41:43.154 [info] Getting sessions for function:accessCodeSyncStorage...
2025-01-30 21:41:43.155 [info] Got stored sessions!
2025-01-30 21:41:43.155 [info] Verified session with the following scopes: function:accessCodeSyncStorage function:closePort function:controlAdmission function:deleteEnvVar function:generateNewGitpodToken function:getDefaultWorkspaceImage function:getGitpodTokenScopes function:getIDToken function:getLoggedInUser function:getOpenPorts function:getSupportedWorkspaceClasses function:getTeams function:getToken function:getWorkspace function:getWorkspaceEnvVars function:getWorkspaceOwner function:getWorkspaceTimeout function:getWorkspaceUsers function:guessGitTokenScopes function:isWorkspaceOwner function:openPort function:sendHeartBeat function:setEnvVar function:setWorkspaceTimeout function:stopWorkspace function:takeSnapshot function:trackEvent function:updateGitStatus function:waitForSnapshot resource:contentBlob::*::create/get resource:envVar::*/**::update resource:envVar::*/*::update resource:envVar::samanthamoss87/project-4::create/get/update/delete resource:gitpodToken::*::create resource:snapshot::ws-samanthamoss87-project4-ewn3f8asl7s::create resource:token::*::get resource:userStorage::*::create/get/update resource:workspace::samanthamoss87-project4-ewn3f8asl7s::get/update resource:workspaceInstance::42b65a55-fdb1-480e-8ef1-7fb6ab94afc5::get/update/delete
2025-01-30 21:41:43.155 [info] Got 1 verified sessions.
2025-01-30 21:41:43.155 [info] Got 1 sessions for all scopes...
2025-01-30 21:41:43.155 [info] Got 1 sessions for all scopes...
2025-01-30 21:41:43.155 [info] Got 1 sessions for function:accessCodeSyncStorage...
2025-01-30 21:41:43.347 [info] Got 1 GitHub sessions for all scopes...
2025-01-30 21:41:43.365 [info] Getting GitHub sessions for all scopes...
2025-01-30 21:41:43.365 [info] Getting sessions for all scopes...
2025-01-30 21:41:43.365 [info] Got 1 GitHub sessions for all scopes...
2025-01-30 21:41:43.365 [info] Got 1 sessions for all scopes...
2025-01-30 21:41:43.593 [info] Getting GitHub sessions for all scopes...
2025-01-30 21:41:43.593 [info] Got 1 GitHub sessions for all scopes...
2025-01-30 21:41:44.138 [info] Getting GitHub sessions for read:user,repo,user:email,workflow...
2025-01-30 21:41:44.139 [info] Got 1 GitHub sessions for read:user,repo,user:email,workflow...
2025-01-30 21:41:44.236 [info] Getting sessions for all scopes...
2025-01-30 21:41:44.236 [info] Getting GitHub sessions for all scopes...
2025-01-30 21:41:44.240 [info] Got 1 sessions for all scopes...
2025-01-30 21:41:44.240 [info] Got 1 GitHub sessions for all scopes...
2025-01-30 21:41:44.762 [info] Getting GitHub sessions for project,read:org,read:user,repo,user:email,workflow...
2025-01-30 21:41:44.762 [info] Got 0 GitHub sessions for project,read:org,read:user,repo,user:email,workflow...
2025-01-30 21:41:45.028 [info] Getting GitHub sessions for read:user,repo,user:email,workflow...
2025-01-30 21:41:45.028 [info] Got 1 GitHub sessions for read:user,repo,user:email,workflow...
2025-01-30 21:41:45.389 [info] Getting GitHub sessions for read:user,repo,user:email,workflow...
2025-01-30 21:41:45.389 [info] Got 1 GitHub sessions for read:user,repo,user:email,workflow...
