2025-01-31 21:39:49.335 [warning] /home/gitpod/.ssh/config: ENOENT: no such file or directory, open '/home/gitpod/.ssh/config'
2025-01-31 21:39:49.335 [info] Activation> Extension version: 0.102.0
2025-01-31 21:39:51.451 [info] Looking for git repository
2025-01-31 21:39:51.451 [info] Found 0 repositories during activation
2025-01-31 21:39:51.451 [info] Git repository found, initializing review manager and pr tree view.
2025-01-31 21:39:51.455 [info] Registering git provider
2025-01-31 21:39:51.455 [info] Review+0> Validate state in progress
2025-01-31 21:39:51.455 [info] Review+0> Validating state...
2025-01-31 21:39:51.686 [info] Found GitHub remote for folder /workspace/project-4
2025-01-31 21:39:51.928 [info] Trying to use globalState for assignableUsers.
2025-01-31 21:39:52.054 [info] Review+0> No matching pull request metadata found locally for current branch main
2025-01-31 21:39:52.280 [info] Review+0> No matching pull request metadata found on GitHub for current branch main
2025-01-31 21:39:52.668 [info] Using globalState assignableUsers for 1.
2025-01-31 21:41:13.965 [info] Repo state for file:///workspace/project-4 changed.
2025-01-31 21:41:13.965 [info] Repo file:///workspace/project-4 has already been setup.
2025-01-31 21:52:17.743 [info] Review+0> Validate state in progress
2025-01-31 21:52:17.743 [info] Review+0> Validating state...
2025-01-31 21:52:18.092 [info] Found GitHub remote for folder /workspace/project-4
2025-01-31 21:52:18.093 [info] Using in-memory cached assignable users.
2025-01-31 21:52:18.101 [info] Review+0> No matching pull request metadata found locally for current branch main
2025-01-31 21:52:18.336 [info] Review+0> No matching pull request metadata found on GitHub for current branch main
2025-01-31 21:52:22.562 [info] Review+0> Validate state in progress
2025-01-31 21:52:22.562 [info] Review+0> Validating state...
2025-01-31 21:52:22.773 [info] Found GitHub remote for folder /workspace/project-4
2025-01-31 21:52:22.774 [info] Using in-memory cached assignable users.
2025-01-31 21:52:22.782 [info] Review+0> No matching pull request metadata found locally for current branch main
2025-01-31 21:52:23.020 [info] Review+0> No matching pull request metadata found on GitHub for current branch main
2025-01-31 22:02:32.845 [info] Review+0> Validate state in progress
2025-01-31 22:02:32.845 [info] Review+0> Validating state...
2025-01-31 22:02:33.177 [info] Found GitHub remote for folder /workspace/project-4
2025-01-31 22:02:33.178 [info] Using in-memory cached assignable users.
2025-01-31 22:02:33.185 [info] Review+0> No matching pull request metadata found locally for current branch main
2025-01-31 22:02:33.412 [info] Review+0> No matching pull request metadata found on GitHub for current branch main
2025-01-31 22:02:37.412 [info] Review+0> Validate state in progress
2025-01-31 22:02:37.412 [info] Review+0> Validating state...
2025-01-31 22:02:37.623 [info] Found GitHub remote for folder /workspace/project-4
2025-01-31 22:02:37.623 [info] Using in-memory cached assignable users.
2025-01-31 22:02:37.631 [info] Review+0> No matching pull request metadata found locally for current branch main
2025-01-31 22:02:37.881 [info] Review+0> No matching pull request metadata found on GitHub for current branch main
2025-01-31 22:15:49.376 [info] Review+0> Validate state in progress
2025-01-31 22:15:49.376 [info] Review+0> Validating state...
2025-01-31 22:15:49.706 [info] Found GitHub remote for folder /workspace/project-4
2025-01-31 22:15:49.706 [info] Using in-memory cached assignable users.
2025-01-31 22:15:49.714 [info] Review+0> No matching pull request metadata found locally for current branch main
2025-01-31 22:15:49.977 [info] Review+0> No matching pull request metadata found on GitHub for current branch main
2025-01-31 22:15:52.801 [info] Review+0> Validate state in progress
2025-01-31 22:15:52.801 [info] Review+0> Validating state...
2025-01-31 22:15:53.018 [info] Found GitHub remote for folder /workspace/project-4
2025-01-31 22:15:53.018 [info] Using in-memory cached assignable users.
2025-01-31 22:15:53.026 [info] Review+0> No matching pull request metadata found locally for current branch main
2025-01-31 22:15:53.280 [info] Review+0> No matching pull request metadata found on GitHub for current branch main
