2025-01-31 18:27:49.366 [warning] /home/gitpod/.ssh/config: ENOENT: no such file or directory, open '/home/gitpod/.ssh/config'
2025-01-31 18:27:49.366 [info] Activation> Extension version: 0.102.0
2025-01-31 18:27:51.448 [info] Looking for git repository
2025-01-31 18:27:51.448 [info] Found 0 repositories during activation
2025-01-31 18:27:51.448 [info] Git repository found, initializing review manager and pr tree view.
2025-01-31 18:27:51.453 [info] Registering git provider
2025-01-31 18:27:51.453 [info] Review+0> Validate state in progress
2025-01-31 18:27:51.453 [info] Review+0> Validating state...
2025-01-31 18:27:51.692 [info] Found GitHub remote for folder /workspace/project-4
2025-01-31 18:27:51.923 [info] Trying to use globalState for assignableUsers.
2025-01-31 18:27:52.053 [info] Review+0> No matching pull request metadata found locally for current branch main
2025-01-31 18:27:52.353 [info] Review+0> No matching pull request metadata found on GitHub for current branch main
2025-01-31 18:27:52.505 [info] Using globalState assignableUsers for 1.
2025-01-31 18:31:38.558 [info] Repo state for file:///workspace/project-4 changed.
2025-01-31 18:31:38.558 [info] Repo file:///workspace/project-4 has already been setup.
2025-01-31 18:44:17.667 [info] Review+0> Validate state in progress
2025-01-31 18:44:17.667 [info] Review+0> Validating state...
2025-01-31 18:44:18.023 [info] Found GitHub remote for folder /workspace/project-4
2025-01-31 18:44:18.024 [info] Using in-memory cached assignable users.
2025-01-31 18:44:18.033 [info] Review+0> No matching pull request metadata found locally for current branch main
2025-01-31 18:44:18.261 [info] Review+0> No matching pull request metadata found on GitHub for current branch main
2025-01-31 18:44:30.564 [info] Review+0> Validate state in progress
2025-01-31 18:44:30.564 [info] Review+0> Validating state...
2025-01-31 18:44:30.781 [info] Found GitHub remote for folder /workspace/project-4
2025-01-31 18:44:30.782 [info] Using in-memory cached assignable users.
2025-01-31 18:44:30.790 [info] Review+0> No matching pull request metadata found locally for current branch main
2025-01-31 18:44:31.033 [info] Review+0> No matching pull request metadata found on GitHub for current branch main
