2025-01-31 18:27:48.986 [info] [main] Log level: Info
2025-01-31 18:27:48.986 [info] [main] Validating found git in: "git"
2025-01-31 18:27:48.986 [info] [main] Using git "2.47.0" from "git"
2025-01-31 18:27:48.986 [info] [Model][doInitialScan] Initial repository scan started
2025-01-31 18:27:48.986 [info] > git rev-parse --show-toplevel [2ms]
2025-01-31 18:27:48.986 [info] > git rev-parse --git-dir --git-common-dir [2ms]
2025-01-31 18:27:48.986 [info] [Model][openRepository] Opened repository: /workspace/project-4
2025-01-31 18:27:48.986 [info] > git rev-parse --show-toplevel [5ms]
2025-01-31 18:27:48.986 [info] > git config --get commit.template [10ms]
2025-01-31 18:27:48.986 [info] > git for-each-ref --format=%(refname)%00%(upstream:short)%00%(objectname)%00%(upstream:track)%00%(upstream:remotename)%00%(upstream:remoteref) refs/heads/main refs/remotes/main [5ms]
2025-01-31 18:27:48.986 [info] > git rev-parse --show-toplevel [11ms]
2025-01-31 18:27:48.986 [info] [Model][doInitialScan] Initial repository scan completed - repositories (1), closed repositories (0), parent repositories (0), unsafe repositories (0)
2025-01-31 18:27:48.986 [info] > git status -z -uall [29ms]
2025-01-31 18:27:48.986 [info] > git for-each-ref --sort -committerdate --format %(refname) %(objectname) %(*objectname) [25ms]
2025-01-31 18:27:48.986 [info] > git for-each-ref --format=%(refname)%00%(upstream:short)%00%(objectname)%00%(upstream:track)%00%(upstream:remotename)%00%(upstream:remoteref) refs/heads/main refs/remotes/main [9ms]
2025-01-31 18:27:48.986 [info] > git config --get commit.template [8ms]
2025-01-31 18:27:48.986 [info] > git config --local branch.main.vscode-merge-base [8ms]
2025-01-31 18:27:48.986 [warning] [Git][config] git config failed: Failed to execute git
2025-01-31 18:27:48.986 [info] > git reflog main --grep-reflog=branch: Created from *. [7ms]
2025-01-31 18:27:48.986 [info] > git for-each-ref --format=%(refname)%00%(upstream:short)%00%(objectname)%00%(upstream:track)%00%(upstream:remotename)%00%(upstream:remoteref) refs/heads/main refs/remotes/main [7ms]
2025-01-31 18:27:48.986 [info] > git symbolic-ref --short refs/remotes/origin/HEAD [2ms]
2025-01-31 18:27:48.986 [info] fatal: ref refs/remotes/origin/HEAD is not a symbolic ref
2025-01-31 18:27:48.986 [warning] [Repository][getDefaultBranch] Failed to get default branch details: Failed to execute git.
2025-01-31 18:27:48.986 [info] > git merge-base refs/heads/main refs/remotes/origin/main [11ms]
2025-01-31 18:27:48.986 [info] > git status -z -uall [9ms]
2025-01-31 18:27:48.986 [info] > git diff --name-status -z --diff-filter=ADMR 82ae32c6561664349ed8197de82c53cbb7697e0b...refs/remotes/origin/main [13ms]
2025-01-31 18:27:48.986 [info] > git for-each-ref --sort -committerdate --format %(refname) %(objectname) %(*objectname) [6ms]
2025-01-31 18:27:49.704 [info] > git check-ignore -v -z --stdin [3ms]
2025-01-31 18:27:50.232 [info] > git show --textconv :thai_massage/booking/tests.py [10ms]
2025-01-31 18:27:50.232 [info] > git ls-files --stage -- /workspace/project-4/thai_massage/booking/tests.py [5ms]
2025-01-31 18:27:50.238 [info] > git cat-file -s 23c3a9f4fbbad264b1da0418d5068f66c882958c [2ms]
2025-01-31 18:27:50.480 [info] > git blame --root --incremental 82ae32c6561664349ed8197de82c53cbb7697e0b -- /workspace/project-4/thai_massage/booking/tests.py [4ms]
2025-01-31 18:27:52.053 [info] > git config --local branch.main.github-pr-owner-number [123ms]
2025-01-31 18:27:52.053 [warning] [Git][config] git config failed: Failed to execute git
2025-01-31 18:28:26.432 [info] > git show --textconv :thai_massage/booking/models.py [7ms]
2025-01-31 18:28:26.434 [info] > git ls-files --stage -- /workspace/project-4/thai_massage/booking/models.py [2ms]
2025-01-31 18:28:26.442 [info] > git cat-file -s 4ad1897ff3a60ae29922579bad5af2d9816ff5a4 [2ms]
2025-01-31 18:28:26.667 [info] > git blame --root --incremental 82ae32c6561664349ed8197de82c53cbb7697e0b -- /workspace/project-4/thai_massage/booking/models.py [4ms]
2025-01-31 18:31:38.540 [info] > git config --get commit.template [9ms]
2025-01-31 18:31:38.541 [info] > git for-each-ref --format=%(refname)%00%(upstream:short)%00%(objectname)%00%(upstream:track)%00%(upstream:remotename)%00%(upstream:remoteref) refs/heads/main refs/remotes/main [4ms]
2025-01-31 18:31:38.553 [info] > git status -z -uall [6ms]
2025-01-31 18:31:38.555 [info] > git for-each-ref --sort -committerdate --format %(refname) %(objectname) %(*objectname) [2ms]
2025-01-31 18:31:38.822 [info] > git fetch [299ms]
2025-01-31 18:31:38.833 [info] > git config --get commit.template [5ms]
2025-01-31 18:31:38.835 [info] > git for-each-ref --format=%(refname)%00%(upstream:short)%00%(objectname)%00%(upstream:track)%00%(upstream:remotename)%00%(upstream:remoteref) refs/heads/main refs/remotes/main [2ms]
2025-01-31 18:31:38.845 [info] > git status -z -uall [5ms]
2025-01-31 18:31:38.846 [info] > git for-each-ref --sort -committerdate --format %(refname) %(objectname) %(*objectname) [2ms]
2025-01-31 18:31:40.474 [info] > git ls-files --stage -- /workspace/project-4/thai_massage/booking/models.py [3ms]
2025-01-31 18:31:40.481 [info] > git cat-file -s 4ad1897ff3a60ae29922579bad5af2d9816ff5a4 [2ms]
2025-01-31 18:31:40.697 [info] > git show --textconv :thai_massage/booking/models.py [2ms]
2025-01-31 18:31:43.569 [info] > git config --get commit.template [1ms]
2025-01-31 18:31:43.576 [info] > git for-each-ref --format=%(refname)%00%(upstream:short)%00%(objectname)%00%(upstream:track)%00%(upstream:remotename)%00%(upstream:remoteref) refs/heads/main refs/remotes/main [2ms]
2025-01-31 18:31:43.587 [info] > git status -z -uall [6ms]
2025-01-31 18:31:43.589 [info] > git for-each-ref --sort -committerdate --format %(refname) %(objectname) %(*objectname) [2ms]
2025-01-31 18:32:04.834 [info] > git config --get commit.template [5ms]
2025-01-31 18:32:04.836 [info] > git for-each-ref --format=%(refname)%00%(upstream:short)%00%(objectname)%00%(upstream:track)%00%(upstream:remotename)%00%(upstream:remoteref) refs/heads/main refs/remotes/main [2ms]
2025-01-31 18:32:04.845 [info] > git status -z -uall [4ms]
2025-01-31 18:32:04.848 [info] > git for-each-ref --sort -committerdate --format %(refname) %(objectname) %(*objectname) [3ms]
2025-01-31 18:32:09.863 [info] > git config --get commit.template [6ms]
2025-01-31 18:32:09.864 [info] > git for-each-ref --format=%(refname)%00%(upstream:short)%00%(objectname)%00%(upstream:track)%00%(upstream:remotename)%00%(upstream:remoteref) refs/heads/main refs/remotes/main [3ms]
2025-01-31 18:32:09.878 [info] > git status -z -uall [9ms]
2025-01-31 18:32:09.879 [info] > git for-each-ref --sort -committerdate --format %(refname) %(objectname) %(*objectname) [3ms]
2025-01-31 18:32:14.277 [info] > git show --textconv :thai_massage/booking/forms.py [6ms]
2025-01-31 18:32:14.278 [info] > git ls-files --stage -- /workspace/project-4/thai_massage/booking/forms.py [2ms]
2025-01-31 18:32:14.285 [info] > git cat-file -s 46bdac94e15201959cba5b72d402a4870c34fa39 [2ms]
2025-01-31 18:32:14.511 [info] > git blame --root --incremental 82ae32c6561664349ed8197de82c53cbb7697e0b -- /workspace/project-4/thai_massage/booking/forms.py [3ms]
2025-01-31 18:32:27.552 [info] > git config --get commit.template [6ms]
2025-01-31 18:32:27.554 [info] > git for-each-ref --format=%(refname)%00%(upstream:short)%00%(objectname)%00%(upstream:track)%00%(upstream:remotename)%00%(upstream:remoteref) refs/heads/main refs/remotes/main [2ms]
2025-01-31 18:32:27.566 [info] > git status -z -uall [7ms]
2025-01-31 18:32:27.568 [info] > git for-each-ref --sort -committerdate --format %(refname) %(objectname) %(*objectname) [3ms]
2025-01-31 18:32:35.084 [info] > git config --get commit.template [5ms]
2025-01-31 18:32:35.086 [info] > git for-each-ref --format=%(refname)%00%(upstream:short)%00%(objectname)%00%(upstream:track)%00%(upstream:remotename)%00%(upstream:remoteref) refs/heads/main refs/remotes/main [2ms]
2025-01-31 18:32:35.097 [info] > git status -z -uall [6ms]
2025-01-31 18:32:35.099 [info] > git for-each-ref --sort -committerdate --format %(refname) %(objectname) %(*objectname) [3ms]
2025-01-31 18:32:42.229 [info] > git config --get commit.template [6ms]
2025-01-31 18:32:42.230 [info] > git for-each-ref --format=%(refname)%00%(upstream:short)%00%(objectname)%00%(upstream:track)%00%(upstream:remotename)%00%(upstream:remoteref) refs/heads/main refs/remotes/main [2ms]
2025-01-31 18:32:42.242 [info] > git status -z -uall [6ms]
2025-01-31 18:32:42.243 [info] > git for-each-ref --sort -committerdate --format %(refname) %(objectname) %(*objectname) [2ms]
2025-01-31 18:32:47.257 [info] > git config --get commit.template [6ms]
2025-01-31 18:32:47.259 [info] > git for-each-ref --format=%(refname)%00%(upstream:short)%00%(objectname)%00%(upstream:track)%00%(upstream:remotename)%00%(upstream:remoteref) refs/heads/main refs/remotes/main [3ms]
2025-01-31 18:32:47.269 [info] > git status -z -uall [4ms]
2025-01-31 18:32:47.270 [info] > git for-each-ref --sort -committerdate --format %(refname) %(objectname) %(*objectname) [2ms]
2025-01-31 18:32:55.855 [info] > git config --get commit.template [6ms]
2025-01-31 18:32:55.856 [info] > git for-each-ref --format=%(refname)%00%(upstream:short)%00%(objectname)%00%(upstream:track)%00%(upstream:remotename)%00%(upstream:remoteref) refs/heads/main refs/remotes/main [2ms]
2025-01-31 18:32:55.867 [info] > git status -z -uall [6ms]
2025-01-31 18:32:55.869 [info] > git for-each-ref --sort -committerdate --format %(refname) %(objectname) %(*objectname) [2ms]
2025-01-31 18:33:00.884 [info] > git config --get commit.template [6ms]
2025-01-31 18:33:00.887 [info] > git for-each-ref --format=%(refname)%00%(upstream:short)%00%(objectname)%00%(upstream:track)%00%(upstream:remotename)%00%(upstream:remoteref) refs/heads/main refs/remotes/main [3ms]
2025-01-31 18:33:00.897 [info] > git status -z -uall [5ms]
2025-01-31 18:33:00.900 [info] > git for-each-ref --sort -committerdate --format %(refname) %(objectname) %(*objectname) [3ms]
2025-01-31 18:33:08.643 [info] > git config --get commit.template [5ms]
2025-01-31 18:33:08.645 [info] > git for-each-ref --format=%(refname)%00%(upstream:short)%00%(objectname)%00%(upstream:track)%00%(upstream:remotename)%00%(upstream:remoteref) refs/heads/main refs/remotes/main [2ms]
2025-01-31 18:33:08.656 [info] > git status -z -uall [6ms]
2025-01-31 18:33:08.657 [info] > git for-each-ref --sort -committerdate --format %(refname) %(objectname) %(*objectname) [3ms]
2025-01-31 18:33:20.595 [info] > git show --textconv :thai_massage/booking/views.py [7ms]
2025-01-31 18:33:20.596 [info] > git ls-files --stage -- /workspace/project-4/thai_massage/booking/views.py [2ms]
2025-01-31 18:33:20.603 [info] > git cat-file -s 7ee43348f877180e1ec497d169b307540ac1b76c [2ms]
2025-01-31 18:33:20.827 [info] > git blame --root --incremental 82ae32c6561664349ed8197de82c53cbb7697e0b -- /workspace/project-4/thai_massage/booking/views.py [5ms]
2025-01-31 18:33:22.926 [info] > git show --textconv :thai_massage/booking/templates/dashboard.html [6ms]
2025-01-31 18:33:22.927 [info] > git ls-files --stage -- /workspace/project-4/thai_massage/booking/templates/dashboard.html [2ms]
2025-01-31 18:33:22.935 [info] > git cat-file -s f6b6dbc2e4c71085937e82d3e2daa314930a862b [1ms]
2025-01-31 18:33:23.155 [info] > git blame --root --incremental 82ae32c6561664349ed8197de82c53cbb7697e0b -- /workspace/project-4/thai_massage/booking/templates/dashboard.html [3ms]
2025-01-31 18:33:23.366 [info] > git show --textconv :thai_massage/booking/templates/dashboard.html [6ms]
2025-01-31 18:33:23.367 [info] > git ls-files --stage -- /workspace/project-4/thai_massage/booking/templates/dashboard.html [2ms]
2025-01-31 18:33:23.373 [info] > git cat-file -s f6b6dbc2e4c71085937e82d3e2daa314930a862b [2ms]
2025-01-31 18:33:50.241 [info] > git config --get commit.template [6ms]
2025-01-31 18:33:50.243 [info] > git for-each-ref --format=%(refname)%00%(upstream:short)%00%(objectname)%00%(upstream:track)%00%(upstream:remotename)%00%(upstream:remoteref) refs/heads/main refs/remotes/main [3ms]
2025-01-31 18:33:50.254 [info] > git status -z -uall [6ms]
2025-01-31 18:33:50.256 [info] > git for-each-ref --sort -committerdate --format %(refname) %(objectname) %(*objectname) [3ms]
2025-01-31 18:33:55.271 [info] > git config --get commit.template [6ms]
2025-01-31 18:33:55.273 [info] > git for-each-ref --format=%(refname)%00%(upstream:short)%00%(objectname)%00%(upstream:track)%00%(upstream:remotename)%00%(upstream:remoteref) refs/heads/main refs/remotes/main [3ms]
2025-01-31 18:33:55.284 [info] > git status -z -uall [6ms]
2025-01-31 18:33:55.286 [info] > git for-each-ref --sort -committerdate --format %(refname) %(objectname) %(*objectname) [2ms]
2025-01-31 18:34:00.302 [info] > git config --get commit.template [7ms]
2025-01-31 18:34:00.304 [info] > git for-each-ref --format=%(refname)%00%(upstream:short)%00%(objectname)%00%(upstream:track)%00%(upstream:remotename)%00%(upstream:remoteref) refs/heads/main refs/remotes/main [3ms]
2025-01-31 18:34:00.322 [info] > git status -z -uall [9ms]
2025-01-31 18:34:00.324 [info] > git for-each-ref --sort -committerdate --format %(refname) %(objectname) %(*objectname) [4ms]
2025-01-31 18:34:05.338 [info] > git config --get commit.template [6ms]
2025-01-31 18:34:05.341 [info] > git for-each-ref --format=%(refname)%00%(upstream:short)%00%(objectname)%00%(upstream:track)%00%(upstream:remotename)%00%(upstream:remoteref) refs/heads/main refs/remotes/main [3ms]
2025-01-31 18:34:05.354 [info] > git status -z -uall [7ms]
2025-01-31 18:34:05.355 [info] > git for-each-ref --sort -committerdate --format %(refname) %(objectname) %(*objectname) [3ms]
2025-01-31 18:34:13.627 [info] > git config --get commit.template [5ms]
2025-01-31 18:34:13.629 [info] > git for-each-ref --format=%(refname)%00%(upstream:short)%00%(objectname)%00%(upstream:track)%00%(upstream:remotename)%00%(upstream:remoteref) refs/heads/main refs/remotes/main [2ms]
2025-01-31 18:34:13.639 [info] > git status -z -uall [6ms]
2025-01-31 18:34:13.641 [info] > git for-each-ref --sort -committerdate --format %(refname) %(objectname) %(*objectname) [3ms]
2025-01-31 18:34:19.634 [info] > git config --get commit.template [6ms]
2025-01-31 18:34:19.636 [info] > git for-each-ref --format=%(refname)%00%(upstream:short)%00%(objectname)%00%(upstream:track)%00%(upstream:remotename)%00%(upstream:remoteref) refs/heads/main refs/remotes/main [3ms]
2025-01-31 18:34:19.646 [info] > git status -z -uall [5ms]
2025-01-31 18:34:19.648 [info] > git for-each-ref --sort -committerdate --format %(refname) %(objectname) %(*objectname) [2ms]
2025-01-31 18:34:24.660 [info] > git config --get commit.template [5ms]
2025-01-31 18:34:24.662 [info] > git for-each-ref --format=%(refname)%00%(upstream:short)%00%(objectname)%00%(upstream:track)%00%(upstream:remotename)%00%(upstream:remoteref) refs/heads/main refs/remotes/main [2ms]
2025-01-31 18:34:24.672 [info] > git status -z -uall [4ms]
2025-01-31 18:34:24.674 [info] > git for-each-ref --sort -committerdate --format %(refname) %(objectname) %(*objectname) [3ms]
2025-01-31 18:34:29.688 [info] > git config --get commit.template [6ms]
2025-01-31 18:34:29.689 [info] > git for-each-ref --format=%(refname)%00%(upstream:short)%00%(objectname)%00%(upstream:track)%00%(upstream:remotename)%00%(upstream:remoteref) refs/heads/main refs/remotes/main [2ms]
2025-01-31 18:34:29.699 [info] > git status -z -uall [5ms]
2025-01-31 18:34:29.701 [info] > git for-each-ref --sort -committerdate --format %(refname) %(objectname) %(*objectname) [3ms]
2025-01-31 18:34:34.715 [info] > git config --get commit.template [6ms]
2025-01-31 18:34:34.717 [info] > git for-each-ref --format=%(refname)%00%(upstream:short)%00%(objectname)%00%(upstream:track)%00%(upstream:remotename)%00%(upstream:remoteref) refs/heads/main refs/remotes/main [2ms]
2025-01-31 18:34:34.729 [info] > git status -z -uall [6ms]
2025-01-31 18:34:34.731 [info] > git for-each-ref --sort -committerdate --format %(refname) %(objectname) %(*objectname) [3ms]
2025-01-31 18:34:39.180 [info] > git fetch [325ms]
2025-01-31 18:34:39.193 [info] > git config --get commit.template [6ms]
2025-01-31 18:34:39.195 [info] > git for-each-ref --format=%(refname)%00%(upstream:short)%00%(objectname)%00%(upstream:track)%00%(upstream:remotename)%00%(upstream:remoteref) refs/heads/main refs/remotes/main [2ms]
2025-01-31 18:34:39.206 [info] > git status -z -uall [5ms]
2025-01-31 18:34:39.209 [info] > git for-each-ref --sort -committerdate --format %(refname) %(objectname) %(*objectname) [2ms]
2025-01-31 18:34:39.745 [info] > git config --get commit.template [6ms]
2025-01-31 18:34:39.746 [info] > git for-each-ref --format=%(refname)%00%(upstream:short)%00%(objectname)%00%(upstream:track)%00%(upstream:remotename)%00%(upstream:remoteref) refs/heads/main refs/remotes/main [2ms]
2025-01-31 18:34:39.758 [info] > git status -z -uall [6ms]
2025-01-31 18:34:39.759 [info] > git for-each-ref --sort -committerdate --format %(refname) %(objectname) %(*objectname) [2ms]
2025-01-31 18:34:40.838 [info] > git ls-files --stage -- /workspace/project-4/thai_massage/booking/views.py [5ms]
2025-01-31 18:34:40.843 [info] > git ls-files --stage -- /workspace/project-4/thai_massage/booking/forms.py [14ms]
2025-01-31 18:34:40.848 [info] > git cat-file -s 7ee43348f877180e1ec497d169b307540ac1b76c [6ms]
2025-01-31 18:34:40.849 [info] > git ls-files --stage -- /workspace/project-4/thai_massage/booking/templates/dashboard.html [11ms]
2025-01-31 18:34:40.853 [info] > git cat-file -s 46bdac94e15201959cba5b72d402a4870c34fa39 [6ms]
2025-01-31 18:34:40.855 [info] > git cat-file -s f6b6dbc2e4c71085937e82d3e2daa314930a862b [2ms]
2025-01-31 18:34:41.103 [info] > git show --textconv :thai_massage/booking/views.py [6ms]
2025-01-31 18:34:41.108 [info] > git show --textconv :thai_massage/booking/forms.py [6ms]
2025-01-31 18:34:41.110 [info] > git show --textconv :thai_massage/booking/templates/dashboard.html [2ms]
2025-01-31 18:34:44.773 [info] > git config --get commit.template [6ms]
2025-01-31 18:34:44.775 [info] > git for-each-ref --format=%(refname)%00%(upstream:short)%00%(objectname)%00%(upstream:track)%00%(upstream:remotename)%00%(upstream:remoteref) refs/heads/main refs/remotes/main [3ms]
2025-01-31 18:34:44.787 [info] > git status -z -uall [6ms]
2025-01-31 18:34:44.789 [info] > git for-each-ref --sort -committerdate --format %(refname) %(objectname) %(*objectname) [2ms]
2025-01-31 18:34:49.804 [info] > git config --get commit.template [7ms]
2025-01-31 18:34:49.805 [info] > git for-each-ref --format=%(refname)%00%(upstream:short)%00%(objectname)%00%(upstream:track)%00%(upstream:remotename)%00%(upstream:remoteref) refs/heads/main refs/remotes/main [3ms]
2025-01-31 18:34:49.815 [info] > git status -z -uall [5ms]
2025-01-31 18:34:49.817 [info] > git for-each-ref --sort -committerdate --format %(refname) %(objectname) %(*objectname) [2ms]
2025-01-31 18:34:54.832 [info] > git config --get commit.template [7ms]
2025-01-31 18:34:54.834 [info] > git for-each-ref --format=%(refname)%00%(upstream:short)%00%(objectname)%00%(upstream:track)%00%(upstream:remotename)%00%(upstream:remoteref) refs/heads/main refs/remotes/main [2ms]
2025-01-31 18:34:54.847 [info] > git status -z -uall [7ms]
2025-01-31 18:34:54.849 [info] > git for-each-ref --sort -committerdate --format %(refname) %(objectname) %(*objectname) [3ms]
2025-01-31 18:34:59.862 [info] > git config --get commit.template [5ms]
2025-01-31 18:34:59.864 [info] > git for-each-ref --format=%(refname)%00%(upstream:short)%00%(objectname)%00%(upstream:track)%00%(upstream:remotename)%00%(upstream:remoteref) refs/heads/main refs/remotes/main [3ms]
2025-01-31 18:34:59.876 [info] > git status -z -uall [7ms]
2025-01-31 18:34:59.878 [info] > git for-each-ref --sort -committerdate --format %(refname) %(objectname) %(*objectname) [2ms]
2025-01-31 18:35:05.136 [info] > git config --get commit.template [6ms]
2025-01-31 18:35:05.138 [info] > git for-each-ref --format=%(refname)%00%(upstream:short)%00%(objectname)%00%(upstream:track)%00%(upstream:remotename)%00%(upstream:remoteref) refs/heads/main refs/remotes/main [3ms]
2025-01-31 18:35:05.148 [info] > git status -z -uall [5ms]
2025-01-31 18:35:05.150 [info] > git for-each-ref --sort -committerdate --format %(refname) %(objectname) %(*objectname) [3ms]
2025-01-31 18:35:10.164 [info] > git config --get commit.template [6ms]
2025-01-31 18:35:10.166 [info] > git for-each-ref --format=%(refname)%00%(upstream:short)%00%(objectname)%00%(upstream:track)%00%(upstream:remotename)%00%(upstream:remoteref) refs/heads/main refs/remotes/main [2ms]
2025-01-31 18:35:10.175 [info] > git status -z -uall [5ms]
2025-01-31 18:35:10.177 [info] > git for-each-ref --sort -committerdate --format %(refname) %(objectname) %(*objectname) [2ms]
2025-01-31 18:35:15.189 [info] > git config --get commit.template [5ms]
2025-01-31 18:35:15.191 [info] > git for-each-ref --format=%(refname)%00%(upstream:short)%00%(objectname)%00%(upstream:track)%00%(upstream:remotename)%00%(upstream:remoteref) refs/heads/main refs/remotes/main [2ms]
2025-01-31 18:35:15.203 [info] > git status -z -uall [7ms]
2025-01-31 18:35:15.204 [info] > git for-each-ref --sort -committerdate --format %(refname) %(objectname) %(*objectname) [3ms]
2025-01-31 18:35:20.218 [info] > git config --get commit.template [6ms]
2025-01-31 18:35:20.220 [info] > git for-each-ref --format=%(refname)%00%(upstream:short)%00%(objectname)%00%(upstream:track)%00%(upstream:remotename)%00%(upstream:remoteref) refs/heads/main refs/remotes/main [3ms]
2025-01-31 18:35:20.231 [info] > git status -z -uall [5ms]
2025-01-31 18:35:20.233 [info] > git for-each-ref --sort -committerdate --format %(refname) %(objectname) %(*objectname) [3ms]
2025-01-31 18:35:25.248 [info] > git config --get commit.template [7ms]
2025-01-31 18:35:25.249 [info] > git for-each-ref --format=%(refname)%00%(upstream:short)%00%(objectname)%00%(upstream:track)%00%(upstream:remotename)%00%(upstream:remoteref) refs/heads/main refs/remotes/main [2ms]
2025-01-31 18:35:25.261 [info] > git status -z -uall [7ms]
2025-01-31 18:35:25.262 [info] > git for-each-ref --sort -committerdate --format %(refname) %(objectname) %(*objectname) [3ms]
2025-01-31 18:35:30.276 [info] > git config --get commit.template [6ms]
2025-01-31 18:35:30.278 [info] > git for-each-ref --format=%(refname)%00%(upstream:short)%00%(objectname)%00%(upstream:track)%00%(upstream:remotename)%00%(upstream:remoteref) refs/heads/main refs/remotes/main [2ms]
2025-01-31 18:35:30.290 [info] > git status -z -uall [5ms]
2025-01-31 18:35:30.292 [info] > git for-each-ref --sort -committerdate --format %(refname) %(objectname) %(*objectname) [2ms]
2025-01-31 18:35:34.247 [info] > git show --textconv :thai_massage/booking/templates/booking.html [5ms]
2025-01-31 18:35:34.249 [info] > git ls-files --stage -- /workspace/project-4/thai_massage/booking/templates/booking.html [2ms]
2025-01-31 18:35:34.255 [info] > git cat-file -s ad57e3572ec3992dc21206a841eaad8844d16a56 [2ms]
2025-01-31 18:35:34.480 [info] > git blame --root --incremental 82ae32c6561664349ed8197de82c53cbb7697e0b -- /workspace/project-4/thai_massage/booking/templates/booking.html [3ms]
2025-01-31 18:35:44.764 [info] > git config --get commit.template [5ms]
2025-01-31 18:35:44.765 [info] > git for-each-ref --format=%(refname)%00%(upstream:short)%00%(objectname)%00%(upstream:track)%00%(upstream:remotename)%00%(upstream:remoteref) refs/heads/main refs/remotes/main [2ms]
2025-01-31 18:35:44.776 [info] > git status -z -uall [6ms]
2025-01-31 18:35:44.777 [info] > git for-each-ref --sort -committerdate --format %(refname) %(objectname) %(*objectname) [2ms]
2025-01-31 18:35:53.841 [info] > git show --textconv :thai_massage/booking/forms.py [6ms]
2025-01-31 18:35:53.842 [info] > git ls-files --stage -- /workspace/project-4/thai_massage/booking/forms.py [2ms]
2025-01-31 18:35:53.849 [info] > git cat-file -s 46bdac94e15201959cba5b72d402a4870c34fa39 [2ms]
2025-01-31 18:36:17.042 [info] > git show --textconv :thai_massage/booking/models.py [6ms]
2025-01-31 18:36:17.043 [info] > git ls-files --stage -- /workspace/project-4/thai_massage/booking/models.py [2ms]
2025-01-31 18:36:17.049 [info] > git cat-file -s 4ad1897ff3a60ae29922579bad5af2d9816ff5a4 [2ms]
2025-01-31 18:36:17.885 [info] > git config --get commit.template [6ms]
2025-01-31 18:36:17.886 [info] > git for-each-ref --format=%(refname)%00%(upstream:short)%00%(objectname)%00%(upstream:track)%00%(upstream:remotename)%00%(upstream:remoteref) refs/heads/main refs/remotes/main [2ms]
2025-01-31 18:36:17.898 [info] > git status -z -uall [6ms]
2025-01-31 18:36:17.899 [info] > git for-each-ref --sort -committerdate --format %(refname) %(objectname) %(*objectname) [2ms]
2025-01-31 18:36:25.027 [info] > git config --get commit.template [7ms]
2025-01-31 18:36:25.029 [info] > git for-each-ref --format=%(refname)%00%(upstream:short)%00%(objectname)%00%(upstream:track)%00%(upstream:remotename)%00%(upstream:remoteref) refs/heads/main refs/remotes/main [3ms]
2025-01-31 18:36:25.039 [info] > git status -z -uall [5ms]
2025-01-31 18:36:25.041 [info] > git for-each-ref --sort -committerdate --format %(refname) %(objectname) %(*objectname) [2ms]
2025-01-31 18:36:58.408 [info] > git config --get commit.template [7ms]
2025-01-31 18:36:58.409 [info] > git for-each-ref --format=%(refname)%00%(upstream:short)%00%(objectname)%00%(upstream:track)%00%(upstream:remotename)%00%(upstream:remoteref) refs/heads/main refs/remotes/main [2ms]
2025-01-31 18:36:58.420 [info] > git status -z -uall [5ms]
2025-01-31 18:36:58.422 [info] > git for-each-ref --sort -committerdate --format %(refname) %(objectname) %(*objectname) [2ms]
2025-01-31 18:36:59.160 [info] > git show --textconv HEAD:thai_massage/booking/forms.py [6ms]
2025-01-31 18:36:59.162 [info] > git ls-tree -l HEAD -- /workspace/project-4/thai_massage/booking/forms.py [3ms]
2025-01-31 18:36:59.456 [info] > git config --get commit.template [5ms]
2025-01-31 18:36:59.459 [info] > git for-each-ref --format=%(refname)%00%(upstream:short)%00%(objectname)%00%(upstream:track)%00%(upstream:remotename)%00%(upstream:remoteref) refs/heads/main refs/remotes/main [3ms]
2025-01-31 18:36:59.469 [info] > git status -z -uall [5ms]
2025-01-31 18:36:59.471 [info] > git for-each-ref --sort -committerdate --format %(refname) %(objectname) %(*objectname) [3ms]
2025-01-31 18:36:59.803 [info] > git ls-files --stage -- /workspace/project-4/thai_massage/booking/models.py [32ms]
2025-01-31 18:36:59.807 [info] > git ls-files --stage -- /workspace/project-4/thai_massage/booking/forms.py [42ms]
2025-01-31 18:36:59.811 [info] > git ls-files --stage -- /workspace/project-4/thai_massage/booking/templates/booking.html [50ms]
2025-01-31 18:36:59.816 [info] > git cat-file -s 6de3a915900a4266c77f091b9f8d2efc37af000f [5ms]
2025-01-31 18:36:59.816 [info] > git cat-file -s 026e3f90f1ae4cacfc0aef03e64f20f8698c759b [9ms]
2025-01-31 18:36:59.817 [info] > git ls-tree -l HEAD -- /workspace/project-4/thai_massage/booking/forms.py [14ms]
2025-01-31 18:36:59.817 [info] > git cat-file -s ad57e3572ec3992dc21206a841eaad8844d16a56 [1ms]
2025-01-31 18:37:00.043 [info] > git show --textconv :thai_massage/booking/forms.py [11ms]
2025-01-31 18:37:00.043 [info] > git show --textconv :thai_massage/booking/models.py [6ms]
2025-01-31 18:37:00.050 [info] > git show --textconv HEAD:thai_massage/booking/forms.py [7ms]
2025-01-31 18:37:00.052 [info] > git show --textconv :thai_massage/booking/templates/booking.html [2ms]
2025-01-31 18:37:26.677 [info] > git check-ignore -v -z --stdin [2ms]
2025-01-31 18:37:28.620 [info] > git check-ignore -v -z --stdin [2ms]
2025-01-31 18:37:38.182 [info] > git config --get commit.template [6ms]
2025-01-31 18:37:38.183 [info] > git for-each-ref --format=%(refname)%00%(upstream:short)%00%(objectname)%00%(upstream:track)%00%(upstream:remotename)%00%(upstream:remoteref) refs/heads/main refs/remotes/main [2ms]
2025-01-31 18:37:38.195 [info] > git status -z -uall [6ms]
2025-01-31 18:37:38.196 [info] > git for-each-ref --sort -committerdate --format %(refname) %(objectname) %(*objectname) [2ms]
2025-01-31 18:37:39.542 [info] > git fetch [325ms]
2025-01-31 18:37:39.555 [info] > git config --get commit.template [7ms]
2025-01-31 18:37:39.556 [info] > git for-each-ref --format=%(refname)%00%(upstream:short)%00%(objectname)%00%(upstream:track)%00%(upstream:remotename)%00%(upstream:remoteref) refs/heads/main refs/remotes/main [3ms]
2025-01-31 18:37:39.567 [info] > git status -z -uall [6ms]
2025-01-31 18:37:39.569 [info] > git for-each-ref --sort -committerdate --format %(refname) %(objectname) %(*objectname) [3ms]
2025-01-31 18:37:41.204 [info] > git ls-files --stage -- /workspace/project-4/thai_massage/booking/models.py [5ms]
2025-01-31 18:37:41.208 [info] > git ls-files --stage -- /workspace/project-4/thai_massage/booking/forms.py [14ms]
2025-01-31 18:37:41.213 [info] > git ls-files --stage -- /workspace/project-4/thai_massage/booking/templates/booking.html [23ms]
2025-01-31 18:37:41.218 [info] > git cat-file -s 6de3a915900a4266c77f091b9f8d2efc37af000f [5ms]
2025-01-31 18:37:41.219 [info] > git cat-file -s 026e3f90f1ae4cacfc0aef03e64f20f8698c759b [11ms]
2025-01-31 18:37:41.219 [info] > git ls-tree -l HEAD -- /workspace/project-4/thai_massage/booking/forms.py [16ms]
2025-01-31 18:37:41.220 [info] > git cat-file -s ad57e3572ec3992dc21206a841eaad8844d16a56 [2ms]
2025-01-31 18:37:41.447 [info] > git show --textconv :thai_massage/booking/forms.py [12ms]
2025-01-31 18:37:41.447 [info] > git show --textconv :thai_massage/booking/models.py [6ms]
2025-01-31 18:37:41.453 [info] > git show --textconv HEAD:thai_massage/booking/forms.py [7ms]
2025-01-31 18:37:41.455 [info] > git show --textconv :thai_massage/booking/templates/booking.html [2ms]
2025-01-31 18:37:43.210 [info] > git config --get commit.template [5ms]
2025-01-31 18:37:43.212 [info] > git for-each-ref --format=%(refname)%00%(upstream:short)%00%(objectname)%00%(upstream:track)%00%(upstream:remotename)%00%(upstream:remoteref) refs/heads/main refs/remotes/main [2ms]
2025-01-31 18:37:43.222 [info] > git status -z -uall [5ms]
2025-01-31 18:37:43.224 [info] > git for-each-ref --sort -committerdate --format %(refname) %(objectname) %(*objectname) [2ms]
2025-01-31 18:37:43.732 [info] > git show --textconv :thai_massage/booking/static/booking/js/scripts.js [6ms]
2025-01-31 18:37:43.734 [info] > git ls-files --stage -- /workspace/project-4/thai_massage/booking/static/booking/js/scripts.js [3ms]
2025-01-31 18:37:43.741 [info] > git cat-file -s 4420402009836cb0de00050f01d0b74c5509e6ea [2ms]
2025-01-31 18:38:33.627 [info] > git config --get commit.template [7ms]
2025-01-31 18:38:33.630 [info] > git for-each-ref --format=%(refname)%00%(upstream:short)%00%(objectname)%00%(upstream:track)%00%(upstream:remotename)%00%(upstream:remoteref) refs/heads/main refs/remotes/main [5ms]
2025-01-31 18:38:33.642 [info] > git status -z -uall [6ms]
2025-01-31 18:38:33.644 [info] > git for-each-ref --sort -committerdate --format %(refname) %(objectname) %(*objectname) [2ms]
2025-01-31 18:38:38.661 [info] > git config --get commit.template [7ms]
2025-01-31 18:38:38.664 [info] > git for-each-ref --format=%(refname)%00%(upstream:short)%00%(objectname)%00%(upstream:track)%00%(upstream:remotename)%00%(upstream:remoteref) refs/heads/main refs/remotes/main [4ms]
2025-01-31 18:38:38.677 [info] > git status -z -uall [6ms]
2025-01-31 18:38:38.679 [info] > git for-each-ref --sort -committerdate --format %(refname) %(objectname) %(*objectname) [2ms]
2025-01-31 18:38:57.599 [info] > git config --get commit.template [6ms]
2025-01-31 18:38:57.601 [info] > git for-each-ref --format=%(refname)%00%(upstream:short)%00%(objectname)%00%(upstream:track)%00%(upstream:remotename)%00%(upstream:remoteref) refs/heads/main refs/remotes/main [3ms]
2025-01-31 18:38:57.611 [info] > git status -z -uall [5ms]
2025-01-31 18:38:57.613 [info] > git for-each-ref --sort -committerdate --format %(refname) %(objectname) %(*objectname) [2ms]
2025-01-31 18:40:03.318 [info] > git show --textconv :thai_massage/booking/models.py [19ms]
2025-01-31 18:40:03.318 [info] > git show --textconv HEAD:thai_massage/booking/models.py [13ms]
2025-01-31 18:40:03.318 [info] > git ls-files --stage -- /workspace/project-4/thai_massage/booking/models.py [7ms]
2025-01-31 18:40:03.323 [info] > git ls-tree -l HEAD -- /workspace/project-4/thai_massage/booking/models.py [6ms]
2025-01-31 18:40:03.324 [info] > git cat-file -s 026e3f90f1ae4cacfc0aef03e64f20f8698c759b [2ms]
2025-01-31 18:40:12.624 [info] > git show --textconv :thai_massage/booking/admin.py [5ms]
2025-01-31 18:40:12.625 [info] > git ls-files --stage -- /workspace/project-4/thai_massage/booking/admin.py [1ms]
2025-01-31 18:40:12.631 [info] > git cat-file -s 3124b1f0e64efb8e7043a229b738b9513fc0f6a5 [1ms]
2025-01-31 18:40:12.855 [info] > git blame --root --incremental 82ae32c6561664349ed8197de82c53cbb7697e0b -- /workspace/project-4/thai_massage/booking/admin.py [5ms]
2025-01-31 18:40:21.548 [info] > git config --get commit.template [6ms]
2025-01-31 18:40:21.550 [info] > git for-each-ref --format=%(refname)%00%(upstream:short)%00%(objectname)%00%(upstream:track)%00%(upstream:remotename)%00%(upstream:remoteref) refs/heads/main refs/remotes/main [2ms]
2025-01-31 18:40:21.560 [info] > git status -z -uall [5ms]
2025-01-31 18:40:21.562 [info] > git for-each-ref --sort -committerdate --format %(refname) %(objectname) %(*objectname) [2ms]
2025-01-31 18:40:26.576 [info] > git config --get commit.template [6ms]
2025-01-31 18:40:26.579 [info] > git for-each-ref --format=%(refname)%00%(upstream:short)%00%(objectname)%00%(upstream:track)%00%(upstream:remotename)%00%(upstream:remoteref) refs/heads/main refs/remotes/main [4ms]
2025-01-31 18:40:26.588 [info] > git status -z -uall [4ms]
2025-01-31 18:40:26.590 [info] > git for-each-ref --sort -committerdate --format %(refname) %(objectname) %(*objectname) [2ms]
2025-01-31 18:40:39.469 [info] > git config --get commit.template [2ms]
2025-01-31 18:40:39.476 [info] > git for-each-ref --format=%(refname)%00%(upstream:short)%00%(objectname)%00%(upstream:track)%00%(upstream:remotename)%00%(upstream:remoteref) refs/heads/main refs/remotes/main [2ms]
2025-01-31 18:40:39.486 [info] > git status -z -uall [5ms]
2025-01-31 18:40:39.488 [info] > git for-each-ref --sort -committerdate --format %(refname) %(objectname) %(*objectname) [2ms]
2025-01-31 18:40:39.914 [info] > git fetch [338ms]
2025-01-31 18:40:39.928 [info] > git config --get commit.template [7ms]
2025-01-31 18:40:39.929 [info] > git for-each-ref --format=%(refname)%00%(upstream:short)%00%(objectname)%00%(upstream:track)%00%(upstream:remotename)%00%(upstream:remoteref) refs/heads/main refs/remotes/main [2ms]
2025-01-31 18:40:39.941 [info] > git status -z -uall [6ms]
2025-01-31 18:40:39.943 [info] > git for-each-ref --sort -committerdate --format %(refname) %(objectname) %(*objectname) [2ms]
2025-01-31 18:41:33.944 [info] > git config --get commit.template [6ms]
2025-01-31 18:41:33.946 [info] > git for-each-ref --format=%(refname)%00%(upstream:short)%00%(objectname)%00%(upstream:track)%00%(upstream:remotename)%00%(upstream:remoteref) refs/heads/main refs/remotes/main [3ms]
2025-01-31 18:41:33.955 [info] > git status -z -uall [4ms]
2025-01-31 18:41:33.957 [info] > git for-each-ref --sort -committerdate --format %(refname) %(objectname) %(*objectname) [2ms]
2025-01-31 18:41:34.168 [info] > git ls-tree -l HEAD -- /workspace/project-4/thai_massage/booking/models.py [5ms]
2025-01-31 18:41:34.169 [info] > git ls-files --stage -- /workspace/project-4/thai_massage/booking/models.py [11ms]
2025-01-31 18:41:34.174 [info] > git ls-files --stage -- /workspace/project-4/thai_massage/booking/admin.py [6ms]
2025-01-31 18:41:34.179 [info] > git cat-file -s 026e3f90f1ae4cacfc0aef03e64f20f8698c759b [6ms]
2025-01-31 18:41:34.181 [info] > git cat-file -s 3124b1f0e64efb8e7043a229b738b9513fc0f6a5 [2ms]
2025-01-31 18:41:34.407 [info] > git show --textconv HEAD:thai_massage/booking/models.py [10ms]
2025-01-31 18:41:34.407 [info] > git show --textconv :thai_massage/booking/models.py [4ms]
2025-01-31 18:41:34.409 [info] > git show --textconv :thai_massage/booking/admin.py [2ms]
2025-01-31 18:41:38.971 [info] > git config --get commit.template [6ms]
2025-01-31 18:41:38.973 [info] > git for-each-ref --format=%(refname)%00%(upstream:short)%00%(objectname)%00%(upstream:track)%00%(upstream:remotename)%00%(upstream:remoteref) refs/heads/main refs/remotes/main [3ms]
2025-01-31 18:41:38.983 [info] > git status -z -uall [6ms]
2025-01-31 18:41:38.985 [info] > git for-each-ref --sort -committerdate --format %(refname) %(objectname) %(*objectname) [3ms]
2025-01-31 18:43:42.732 [info] > git fetch [310ms]
2025-01-31 18:43:42.742 [info] > git config --get commit.template [5ms]
2025-01-31 18:43:42.745 [info] > git for-each-ref --format=%(refname)%00%(upstream:short)%00%(objectname)%00%(upstream:track)%00%(upstream:remotename)%00%(upstream:remoteref) refs/heads/main refs/remotes/main [3ms]
2025-01-31 18:43:42.755 [info] > git status -z -uall [5ms]
2025-01-31 18:43:42.757 [info] > git for-each-ref --sort -committerdate --format %(refname) %(objectname) %(*objectname) [2ms]
2025-01-31 18:43:44.075 [info] > git config --get commit.template [6ms]
2025-01-31 18:43:44.077 [info] > git for-each-ref --format=%(refname)%00%(upstream:short)%00%(objectname)%00%(upstream:track)%00%(upstream:remotename)%00%(upstream:remoteref) refs/heads/main refs/remotes/main [2ms]
2025-01-31 18:43:44.088 [info] > git status -z -uall [6ms]
2025-01-31 18:43:44.090 [info] > git for-each-ref --sort -committerdate --format %(refname) %(objectname) %(*objectname) [3ms]
2025-01-31 18:43:44.383 [info] > git ls-files --stage -- /workspace/project-4/thai_massage/booking/admin.py [2ms]
2025-01-31 18:43:44.390 [info] > git cat-file -s 3124b1f0e64efb8e7043a229b738b9513fc0f6a5 [2ms]
2025-01-31 18:43:44.610 [info] > git show --textconv :thai_massage/booking/admin.py [3ms]
2025-01-31 18:43:49.083 [info] > git config --get commit.template [6ms]
2025-01-31 18:43:49.085 [info] > git for-each-ref --format=%(refname)%00%(upstream:short)%00%(objectname)%00%(upstream:track)%00%(upstream:remotename)%00%(upstream:remoteref) refs/heads/main refs/remotes/main [2ms]
2025-01-31 18:43:49.097 [info] > git status -z -uall [6ms]
2025-01-31 18:43:49.099 [info] > git for-each-ref --sort -committerdate --format %(refname) %(objectname) %(*objectname) [2ms]
2025-01-31 18:43:49.837 [info] > git show --textconv HEAD:thai_massage/booking/admin.py [6ms]
2025-01-31 18:43:49.839 [info] > git ls-tree -l HEAD -- /workspace/project-4/thai_massage/booking/admin.py [3ms]
2025-01-31 18:43:50.184 [info] > git config --get commit.template [6ms]
2025-01-31 18:43:50.186 [info] > git for-each-ref --format=%(refname)%00%(upstream:short)%00%(objectname)%00%(upstream:track)%00%(upstream:remotename)%00%(upstream:remoteref) refs/heads/main refs/remotes/main [2ms]
2025-01-31 18:43:50.197 [info] > git status -z -uall [5ms]
2025-01-31 18:43:50.199 [info] > git for-each-ref --sort -committerdate --format %(refname) %(objectname) %(*objectname) [2ms]
2025-01-31 18:43:50.494 [info] > git ls-files --stage -- /workspace/project-4/thai_massage/booking/admin.py [6ms]
2025-01-31 18:43:50.499 [info] > git ls-tree -l HEAD -- /workspace/project-4/thai_massage/booking/admin.py [6ms]
2025-01-31 18:43:50.500 [info] > git cat-file -s f71bad73f52d4c41b2f834120ddd1bdd0e792b57 [2ms]
2025-01-31 18:43:50.720 [info] > git show --textconv HEAD:thai_massage/booking/admin.py [6ms]
2025-01-31 18:43:50.721 [info] > git show --textconv :thai_massage/booking/admin.py [2ms]
2025-01-31 18:44:17.647 [info] > git config --get commit.template [5ms]
2025-01-31 18:44:17.649 [info] > git for-each-ref --format=%(refname)%00%(upstream:short)%00%(objectname)%00%(upstream:track)%00%(upstream:remotename)%00%(upstream:remoteref) refs/heads/main refs/remotes/main [3ms]
2025-01-31 18:44:17.658 [info] > git status -z -uall [5ms]
2025-01-31 18:44:17.660 [info] > git for-each-ref --sort -committerdate --format %(refname) %(objectname) %(*objectname) [2ms]
2025-01-31 18:44:17.786 [info] > git merge-base refs/heads/main refs/remotes/origin/main [114ms]
2025-01-31 18:44:17.792 [info] > git blame --root --incremental af3835c762d781407902a8f034c4cc8fd56efb88 -- /workspace/project-4/thai_massage/booking/admin.py [125ms]
2025-01-31 18:44:17.795 [info] > git diff --name-status -z --diff-filter=ADMR 82ae32c6561664349ed8197de82c53cbb7697e0b...refs/remotes/origin/main [3ms]
2025-01-31 18:44:18.031 [info] > git config --local branch.main.github-pr-owner-number [2ms]
2025-01-31 18:44:18.031 [warning] [Git][config] git config failed: Failed to execute git
2025-01-31 18:44:18.807 [info] > git config --get commit.template [6ms]
2025-01-31 18:44:18.809 [info] > git for-each-ref --format=%(refname)%00%(upstream:short)%00%(objectname)%00%(upstream:track)%00%(upstream:remotename)%00%(upstream:remoteref) refs/heads/main refs/remotes/main [2ms]
2025-01-31 18:44:18.819 [info] > git status -z -uall [5ms]
2025-01-31 18:44:18.821 [info] > git for-each-ref --sort -committerdate --format %(refname) %(objectname) %(*objectname) [2ms]
2025-01-31 18:44:19.118 [info] > git ls-files --stage -- /workspace/project-4/thai_massage/booking/admin.py [5ms]
2025-01-31 18:44:19.123 [info] > git ls-tree -l HEAD -- /workspace/project-4/thai_massage/booking/admin.py [5ms]
2025-01-31 18:44:19.125 [info] > git cat-file -s f71bad73f52d4c41b2f834120ddd1bdd0e792b57 [2ms]
2025-01-31 18:44:19.344 [info] > git show --textconv HEAD:thai_massage/booking/admin.py [5ms]
2025-01-31 18:44:19.346 [info] > git show --textconv :thai_massage/booking/admin.py [2ms]
2025-01-31 18:44:30.548 [info] > git config --get commit.template [7ms]
2025-01-31 18:44:30.549 [info] > git for-each-ref --format=%(refname)%00%(upstream:short)%00%(objectname)%00%(upstream:track)%00%(upstream:remotename)%00%(upstream:remoteref) refs/heads/main refs/remotes/main [2ms]
2025-01-31 18:44:30.560 [info] > git status -z -uall [5ms]
2025-01-31 18:44:30.562 [info] > git for-each-ref --sort -committerdate --format %(refname) %(objectname) %(*objectname) [2ms]
2025-01-31 18:44:30.572 [info] > git merge-base refs/heads/main refs/remotes/origin/main [2ms]
2025-01-31 18:44:30.580 [info] > git diff --name-status -z --diff-filter=ADMR af3835c762d781407902a8f034c4cc8fd56efb88...refs/remotes/origin/main [2ms]
2025-01-31 18:44:30.789 [info] > git config --local branch.main.github-pr-owner-number [1ms]
2025-01-31 18:44:30.790 [warning] [Git][config] git config failed: Failed to execute git
2025-01-31 18:44:31.685 [info] > git config --get commit.template [7ms]
2025-01-31 18:44:31.686 [info] > git for-each-ref --format=%(refname)%00%(upstream:short)%00%(objectname)%00%(upstream:track)%00%(upstream:remotename)%00%(upstream:remoteref) refs/heads/main refs/remotes/main [3ms]
2025-01-31 18:44:31.697 [info] > git status -z -uall [5ms]
2025-01-31 18:44:31.698 [info] > git for-each-ref --sort -committerdate --format %(refname) %(objectname) %(*objectname) [2ms]
2025-01-31 18:44:31.993 [info] > git ls-files --stage -- /workspace/project-4/thai_massage/booking/admin.py [6ms]
2025-01-31 18:44:31.998 [info] > git ls-tree -l HEAD -- /workspace/project-4/thai_massage/booking/admin.py [5ms]
2025-01-31 18:44:31.999 [info] > git cat-file -s f71bad73f52d4c41b2f834120ddd1bdd0e792b57 [1ms]
2025-01-31 18:44:32.218 [info] > git show --textconv HEAD:thai_massage/booking/admin.py [5ms]
2025-01-31 18:44:32.220 [info] > git show --textconv :thai_massage/booking/admin.py [2ms]
2025-01-31 18:45:03.925 [info] > git show --textconv :thai_massage/booking/templates/base.html [6ms]
2025-01-31 18:45:03.927 [info] > git ls-files --stage -- /workspace/project-4/thai_massage/booking/templates/base.html [2ms]
2025-01-31 18:45:03.934 [info] > git cat-file -s 68c5ca2c8d1937de1d7b70d1e57e82c6f51e23fe [1ms]
2025-01-31 18:45:04.158 [info] > git blame --root --incremental af3835c762d781407902a8f034c4cc8fd56efb88 -- /workspace/project-4/thai_massage/booking/templates/base.html [4ms]
2025-01-31 18:45:15.951 [info] > git config --get commit.template [7ms]
2025-01-31 18:45:15.952 [info] > git for-each-ref --format=%(refname)%00%(upstream:short)%00%(objectname)%00%(upstream:track)%00%(upstream:remotename)%00%(upstream:remoteref) refs/heads/main refs/remotes/main [3ms]
2025-01-31 18:45:15.962 [info] > git status -z -uall [5ms]
2025-01-31 18:45:15.964 [info] > git for-each-ref --sort -committerdate --format %(refname) %(objectname) %(*objectname) [2ms]
2025-01-31 18:45:23.528 [info] > git config --get commit.template [5ms]
2025-01-31 18:45:23.530 [info] > git for-each-ref --format=%(refname)%00%(upstream:short)%00%(objectname)%00%(upstream:track)%00%(upstream:remotename)%00%(upstream:remoteref) refs/heads/main refs/remotes/main [2ms]
2025-01-31 18:45:23.540 [info] > git status -z -uall [6ms]
2025-01-31 18:45:23.541 [info] > git for-each-ref --sort -committerdate --format %(refname) %(objectname) %(*objectname) [2ms]
2025-01-31 18:45:28.555 [info] > git config --get commit.template [6ms]
2025-01-31 18:45:28.557 [info] > git for-each-ref --format=%(refname)%00%(upstream:short)%00%(objectname)%00%(upstream:track)%00%(upstream:remotename)%00%(upstream:remoteref) refs/heads/main refs/remotes/main [2ms]
2025-01-31 18:45:28.567 [info] > git status -z -uall [5ms]
2025-01-31 18:45:28.568 [info] > git for-each-ref --sort -committerdate --format %(refname) %(objectname) %(*objectname) [2ms]
2025-01-31 18:45:34.928 [info] > git config --get commit.template [6ms]
2025-01-31 18:45:34.929 [info] > git for-each-ref --format=%(refname)%00%(upstream:short)%00%(objectname)%00%(upstream:track)%00%(upstream:remotename)%00%(upstream:remoteref) refs/heads/main refs/remotes/main [2ms]
2025-01-31 18:45:34.940 [info] > git status -z -uall [6ms]
2025-01-31 18:45:34.941 [info] > git for-each-ref --sort -committerdate --format %(refname) %(objectname) %(*objectname) [2ms]
2025-01-31 18:45:56.788 [info] > git check-ignore -v -z --stdin [2ms]
2025-01-31 18:45:56.957 [info] > git show --textconv :thai_massage/booking/static/booking/js/flatpickr.js [5ms]
2025-01-31 18:45:56.958 [info] > git ls-files --stage -- /workspace/project-4/thai_massage/booking/static/booking/js/flatpickr.js [2ms]
2025-01-31 18:45:57.125 [info] > git config --get commit.template [5ms]
2025-01-31 18:45:57.127 [info] > git for-each-ref --format=%(refname)%00%(upstream:short)%00%(objectname)%00%(upstream:track)%00%(upstream:remotename)%00%(upstream:remoteref) refs/heads/main refs/remotes/main [3ms]
2025-01-31 18:45:57.137 [info] > git status -z -uall [6ms]
2025-01-31 18:45:57.139 [info] > git for-each-ref --sort -committerdate --format %(refname) %(objectname) %(*objectname) [2ms]
2025-01-31 18:46:00.295 [info] > git blame --root --incremental af3835c762d781407902a8f034c4cc8fd56efb88 -- /workspace/project-4/thai_massage/booking/static/booking/js/flatpickr.js [3ms]
2025-01-31 18:46:00.295 [info] fatal: no such path thai_massage/booking/static/booking/js/flatpickr.js in af3835c762d781407902a8f034c4cc8fd56efb88
2025-01-31 18:46:02.591 [info] > git config --get commit.template [6ms]
2025-01-31 18:46:02.593 [info] > git for-each-ref --format=%(refname)%00%(upstream:short)%00%(objectname)%00%(upstream:track)%00%(upstream:remotename)%00%(upstream:remoteref) refs/heads/main refs/remotes/main [2ms]
2025-01-31 18:46:02.603 [info] > git status -z -uall [5ms]
2025-01-31 18:46:02.605 [info] > git for-each-ref --sort -committerdate --format %(refname) %(objectname) %(*objectname) [2ms]
2025-01-31 18:46:18.513 [info] > git config --get commit.template [6ms]
2025-01-31 18:46:18.515 [info] > git for-each-ref --format=%(refname)%00%(upstream:short)%00%(objectname)%00%(upstream:track)%00%(upstream:remotename)%00%(upstream:remoteref) refs/heads/main refs/remotes/main [2ms]
2025-01-31 18:46:18.527 [info] > git status -z -uall [7ms]
2025-01-31 18:46:18.528 [info] > git for-each-ref --sort -committerdate --format %(refname) %(objectname) %(*objectname) [2ms]
2025-01-31 18:46:23.542 [info] > git config --get commit.template [6ms]
2025-01-31 18:46:23.543 [info] > git for-each-ref --format=%(refname)%00%(upstream:short)%00%(objectname)%00%(upstream:track)%00%(upstream:remotename)%00%(upstream:remoteref) refs/heads/main refs/remotes/main [2ms]
2025-01-31 18:46:23.555 [info] > git status -z -uall [6ms]
2025-01-31 18:46:23.556 [info] > git for-each-ref --sort -committerdate --format %(refname) %(objectname) %(*objectname) [2ms]
2025-01-31 18:46:30.061 [info] > git config --get commit.template [6ms]
2025-01-31 18:46:30.062 [info] > git for-each-ref --format=%(refname)%00%(upstream:short)%00%(objectname)%00%(upstream:track)%00%(upstream:remotename)%00%(upstream:remoteref) refs/heads/main refs/remotes/main [2ms]
2025-01-31 18:46:30.074 [info] > git status -z -uall [6ms]
2025-01-31 18:46:30.077 [info] > git for-each-ref --sort -committerdate --format %(refname) %(objectname) %(*objectname) [4ms]
2025-01-31 18:46:35.137 [info] > git config --get commit.template [5ms]
2025-01-31 18:46:35.138 [info] > git for-each-ref --format=%(refname)%00%(upstream:short)%00%(objectname)%00%(upstream:track)%00%(upstream:remotename)%00%(upstream:remoteref) refs/heads/main refs/remotes/main [2ms]
2025-01-31 18:46:35.148 [info] > git status -z -uall [5ms]
2025-01-31 18:46:35.150 [info] > git for-each-ref --sort -committerdate --format %(refname) %(objectname) %(*objectname) [2ms]
2025-01-31 18:46:40.164 [info] > git config --get commit.template [6ms]
2025-01-31 18:46:40.165 [info] > git for-each-ref --format=%(refname)%00%(upstream:short)%00%(objectname)%00%(upstream:track)%00%(upstream:remotename)%00%(upstream:remoteref) refs/heads/main refs/remotes/main [2ms]
2025-01-31 18:46:40.175 [info] > git status -z -uall [5ms]
2025-01-31 18:46:40.177 [info] > git for-each-ref --sort -committerdate --format %(refname) %(objectname) %(*objectname) [2ms]
2025-01-31 18:46:43.073 [info] > git fetch [309ms]
2025-01-31 18:46:43.084 [info] > git config --get commit.template [5ms]
2025-01-31 18:46:43.086 [info] > git for-each-ref --format=%(refname)%00%(upstream:short)%00%(objectname)%00%(upstream:track)%00%(upstream:remotename)%00%(upstream:remoteref) refs/heads/main refs/remotes/main [2ms]
2025-01-31 18:46:43.099 [info] > git status -z -uall [6ms]
2025-01-31 18:46:43.100 [info] > git for-each-ref --sort -committerdate --format %(refname) %(objectname) %(*objectname) [2ms]
2025-01-31 18:46:44.728 [info] > git ls-files --stage -- /workspace/project-4/thai_massage/booking/templates/base.html [6ms]
2025-01-31 18:46:44.734 [info] > git ls-tree -l HEAD -- /workspace/project-4/thai_massage/booking/admin.py [17ms]
2025-01-31 18:46:44.734 [info] > git ls-files --stage -- /workspace/project-4/thai_massage/booking/static/booking/js/flatpickr.js [6ms]
2025-01-31 18:46:44.735 [info] > git cat-file -s 68c5ca2c8d1937de1d7b70d1e57e82c6f51e23fe [2ms]
2025-01-31 18:46:44.954 [info] > git show --textconv HEAD:thai_massage/booking/admin.py [6ms]
2025-01-31 18:46:44.960 [info] > git show --textconv :thai_massage/booking/static/booking/js/flatpickr.js [7ms]
2025-01-31 18:46:44.962 [info] > git show --textconv :thai_massage/booking/templates/base.html [2ms]
2025-01-31 18:46:45.189 [info] > git config --get commit.template [5ms]
2025-01-31 18:46:45.192 [info] > git for-each-ref --format=%(refname)%00%(upstream:short)%00%(objectname)%00%(upstream:track)%00%(upstream:remotename)%00%(upstream:remoteref) refs/heads/main refs/remotes/main [3ms]
2025-01-31 18:46:45.203 [info] > git status -z -uall [5ms]
2025-01-31 18:46:45.205 [info] > git for-each-ref --sort -committerdate --format %(refname) %(objectname) %(*objectname) [2ms]
2025-01-31 18:46:50.218 [info] > git config --get commit.template [6ms]
2025-01-31 18:46:50.220 [info] > git for-each-ref --format=%(refname)%00%(upstream:short)%00%(objectname)%00%(upstream:track)%00%(upstream:remotename)%00%(upstream:remoteref) refs/heads/main refs/remotes/main [3ms]
2025-01-31 18:46:50.230 [info] > git status -z -uall [5ms]
2025-01-31 18:46:50.233 [info] > git for-each-ref --sort -committerdate --format %(refname) %(objectname) %(*objectname) [3ms]
2025-01-31 18:50:50.100 [info] > git config --get commit.template [6ms]
2025-01-31 18:50:50.102 [info] > git for-each-ref --format=%(refname)%00%(upstream:short)%00%(objectname)%00%(upstream:track)%00%(upstream:remotename)%00%(upstream:remoteref) refs/heads/main refs/remotes/main [2ms]
2025-01-31 18:50:50.114 [info] > git status -z -uall [7ms]
2025-01-31 18:50:50.115 [info] > git for-each-ref --sort -committerdate --format %(refname) %(objectname) %(*objectname) [3ms]
2025-01-31 18:50:50.399 [info] > git fetch [311ms]
2025-01-31 18:50:50.411 [info] > git config --get commit.template [5ms]
2025-01-31 18:50:50.414 [info] > git for-each-ref --format=%(refname)%00%(upstream:short)%00%(objectname)%00%(upstream:track)%00%(upstream:remotename)%00%(upstream:remoteref) refs/heads/main refs/remotes/main [3ms]
2025-01-31 18:50:50.427 [info] > git status -z -uall [7ms]
2025-01-31 18:50:50.430 [info] > git for-each-ref --sort -committerdate --format %(refname) %(objectname) %(*objectname) [3ms]
2025-01-31 18:50:52.474 [info] > git show --textconv :thai_massage/booking/templates/booking.html [5ms]
2025-01-31 18:50:52.476 [info] > git ls-files --stage -- /workspace/project-4/thai_massage/booking/templates/booking.html [2ms]
2025-01-31 18:50:52.484 [info] > git cat-file -s 6f423af969b53cee19fd570fc10ede8d17d655e3 [3ms]
2025-01-31 18:50:52.988 [info] > git blame --root --incremental af3835c762d781407902a8f034c4cc8fd56efb88 -- /workspace/project-4/thai_massage/booking/templates/booking.html [5ms]
2025-01-31 18:50:55.127 [info] > git config --get commit.template [5ms]
2025-01-31 18:50:55.129 [info] > git for-each-ref --format=%(refname)%00%(upstream:short)%00%(objectname)%00%(upstream:track)%00%(upstream:remotename)%00%(upstream:remoteref) refs/heads/main refs/remotes/main [2ms]
2025-01-31 18:50:55.141 [info] > git status -z -uall [7ms]
2025-01-31 18:50:55.141 [info] > git for-each-ref --sort -committerdate --format %(refname) %(objectname) %(*objectname) [2ms]
2025-01-31 18:51:07.462 [info] > git show --textconv :thai_massage/booking/templates/login.html [5ms]
2025-01-31 18:51:07.464 [info] > git ls-files --stage -- /workspace/project-4/thai_massage/booking/templates/login.html [2ms]
2025-01-31 18:51:07.470 [info] > git cat-file -s 1a92ba96677989a63f39302337660b476352627e [2ms]
2025-01-31 18:51:07.694 [info] > git blame --root --incremental af3835c762d781407902a8f034c4cc8fd56efb88 -- /workspace/project-4/thai_massage/booking/templates/login.html [5ms]
2025-01-31 18:52:19.295 [info] > git config --get commit.template [6ms]
2025-01-31 18:52:19.297 [info] > git for-each-ref --format=%(refname)%00%(upstream:short)%00%(objectname)%00%(upstream:track)%00%(upstream:remotename)%00%(upstream:remoteref) refs/heads/main refs/remotes/main [2ms]
2025-01-31 18:52:19.329 [info] > git status -z -uall [16ms]
2025-01-31 18:52:19.336 [info] > git for-each-ref --sort -committerdate --format %(refname) %(objectname) %(*objectname) [7ms]
2025-01-31 18:52:24.353 [info] > git config --get commit.template [7ms]
2025-01-31 18:52:24.355 [info] > git for-each-ref --format=%(refname)%00%(upstream:short)%00%(objectname)%00%(upstream:track)%00%(upstream:remotename)%00%(upstream:remoteref) refs/heads/main refs/remotes/main [3ms]
2025-01-31 18:52:24.369 [info] > git status -z -uall [7ms]
2025-01-31 18:52:24.371 [info] > git for-each-ref --sort -committerdate --format %(refname) %(objectname) %(*objectname) [2ms]
2025-01-31 18:54:43.861 [info] > git config --get commit.template [8ms]
2025-01-31 18:54:43.863 [info] > git for-each-ref --format=%(refname)%00%(upstream:short)%00%(objectname)%00%(upstream:track)%00%(upstream:remotename)%00%(upstream:remoteref) refs/heads/main refs/remotes/main [3ms]
2025-01-31 18:54:43.881 [info] > git status -z -uall [9ms]
2025-01-31 18:54:43.884 [info] > git for-each-ref --sort -committerdate --format %(refname) %(objectname) %(*objectname) [4ms]
2025-01-31 18:54:44.209 [info] > git fetch [365ms]
2025-01-31 18:54:44.227 [info] > git config --get commit.template [10ms]
2025-01-31 18:54:44.230 [info] > git for-each-ref --format=%(refname)%00%(upstream:short)%00%(objectname)%00%(upstream:track)%00%(upstream:remotename)%00%(upstream:remoteref) refs/heads/main refs/remotes/main [4ms]
2025-01-31 18:54:44.250 [info] > git status -z -uall [11ms]
2025-01-31 18:54:44.253 [info] > git for-each-ref --sort -committerdate --format %(refname) %(objectname) %(*objectname) [3ms]
2025-01-31 18:54:45.858 [info] > git ls-files --stage -- /workspace/project-4/thai_massage/booking/templates/booking.html [3ms]
2025-01-31 18:54:45.868 [info] > git cat-file -s 6f423af969b53cee19fd570fc10ede8d17d655e3 [3ms]
2025-01-31 18:54:46.090 [info] > git show --textconv :thai_massage/booking/templates/booking.html [3ms]
2025-01-31 19:02:42.395 [info] > git config --get commit.template [6ms]
2025-01-31 19:02:42.396 [info] > git for-each-ref --format=%(refname)%00%(upstream:short)%00%(objectname)%00%(upstream:track)%00%(upstream:remotename)%00%(upstream:remoteref) refs/heads/main refs/remotes/main [2ms]
2025-01-31 19:02:42.407 [info] > git status -z -uall [6ms]
2025-01-31 19:02:42.408 [info] > git for-each-ref --sort -committerdate --format %(refname) %(objectname) %(*objectname) [2ms]
2025-01-31 19:02:42.708 [info] > git fetch [324ms]
2025-01-31 19:02:42.721 [info] > git config --get commit.template [8ms]
2025-01-31 19:02:42.723 [info] > git for-each-ref --format=%(refname)%00%(upstream:short)%00%(objectname)%00%(upstream:track)%00%(upstream:remotename)%00%(upstream:remoteref) refs/heads/main refs/remotes/main [3ms]
2025-01-31 19:02:42.734 [info] > git status -z -uall [6ms]
2025-01-31 19:02:42.736 [info] > git for-each-ref --sort -committerdate --format %(refname) %(objectname) %(*objectname) [3ms]
2025-01-31 19:02:44.359 [info] > git ls-files --stage -- /workspace/project-4/thai_massage/booking/templates/booking.html [2ms]
2025-01-31 19:02:44.366 [info] > git cat-file -s 6f423af969b53cee19fd570fc10ede8d17d655e3 [2ms]
2025-01-31 19:02:44.591 [info] > git show --textconv :thai_massage/booking/templates/booking.html [2ms]
2025-01-31 19:02:47.211 [info] > git check-ignore -v -z --stdin [2ms]
2025-01-31 19:02:47.423 [info] > git config --get commit.template [6ms]
2025-01-31 19:02:47.425 [info] > git for-each-ref --format=%(refname)%00%(upstream:short)%00%(objectname)%00%(upstream:track)%00%(upstream:remotename)%00%(upstream:remoteref) refs/heads/main refs/remotes/main [2ms]
2025-01-31 19:02:47.437 [info] > git status -z -uall [6ms]
2025-01-31 19:02:47.439 [info] > git for-each-ref --sort -committerdate --format %(refname) %(objectname) %(*objectname) [2ms]
2025-01-31 19:02:48.942 [info] > git show --textconv :thai_massage/booking/static/booking/css/custom_style.css [8ms]
2025-01-31 19:02:48.942 [info] > git ls-files --stage -- /workspace/project-4/thai_massage/booking/static/booking/css/custom_style.css [3ms]
2025-01-31 19:02:48.960 [info] > git cat-file -s 3f9adc16e902a49b32a9cd3f26b66b1aa6b2202f [12ms]
2025-01-31 19:03:02.576 [info] > git show --textconv :thai_massage/booking/templates/booking.html [5ms]
2025-01-31 19:03:02.578 [info] > git ls-files --stage -- /workspace/project-4/thai_massage/booking/templates/booking.html [1ms]
2025-01-31 19:03:02.585 [info] > git cat-file -s 6f423af969b53cee19fd570fc10ede8d17d655e3 [2ms]
2025-01-31 19:03:22.257 [info] > git config --get commit.template [5ms]
2025-01-31 19:03:22.259 [info] > git for-each-ref --format=%(refname)%00%(upstream:short)%00%(objectname)%00%(upstream:track)%00%(upstream:remotename)%00%(upstream:remoteref) refs/heads/main refs/remotes/main [3ms]
2025-01-31 19:03:22.269 [info] > git status -z -uall [6ms]
2025-01-31 19:03:22.270 [info] > git for-each-ref --sort -committerdate --format %(refname) %(objectname) %(*objectname) [2ms]
2025-01-31 19:03:27.530 [info] > git blame --root --incremental af3835c762d781407902a8f034c4cc8fd56efb88 -- /workspace/project-4/thai_massage/booking/static/booking/css/custom_style.css [4ms]
2025-01-31 19:03:32.600 [info] > git config --get commit.template [2ms]
2025-01-31 19:03:32.607 [info] > git for-each-ref --format=%(refname)%00%(upstream:short)%00%(objectname)%00%(upstream:track)%00%(upstream:remotename)%00%(upstream:remoteref) refs/heads/main refs/remotes/main [2ms]
2025-01-31 19:03:32.618 [info] > git status -z -uall [5ms]
2025-01-31 19:03:32.620 [info] > git for-each-ref --sort -committerdate --format %(refname) %(objectname) %(*objectname) [2ms]
2025-01-31 19:03:37.636 [info] > git config --get commit.template [6ms]
2025-01-31 19:03:37.637 [info] > git for-each-ref --format=%(refname)%00%(upstream:short)%00%(objectname)%00%(upstream:track)%00%(upstream:remotename)%00%(upstream:remoteref) refs/heads/main refs/remotes/main [3ms]
2025-01-31 19:03:37.650 [info] > git status -z -uall [7ms]
2025-01-31 19:03:37.652 [info] > git for-each-ref --sort -committerdate --format %(refname) %(objectname) %(*objectname) [2ms]
2025-01-31 19:03:44.420 [info] > git config --get commit.template [8ms]
2025-01-31 19:03:44.421 [info] > git for-each-ref --format=%(refname)%00%(upstream:short)%00%(objectname)%00%(upstream:track)%00%(upstream:remotename)%00%(upstream:remoteref) refs/heads/main refs/remotes/main [2ms]
2025-01-31 19:03:44.435 [info] > git status -z -uall [6ms]
2025-01-31 19:03:44.437 [info] > git for-each-ref --sort -committerdate --format %(refname) %(objectname) %(*objectname) [3ms]
2025-01-31 19:05:09.142 [info] > git config --get commit.template [7ms]
2025-01-31 19:05:09.144 [info] > git for-each-ref --format=%(refname)%00%(upstream:short)%00%(objectname)%00%(upstream:track)%00%(upstream:remotename)%00%(upstream:remoteref) refs/heads/main refs/remotes/main [3ms]
2025-01-31 19:05:09.156 [info] > git status -z -uall [6ms]
2025-01-31 19:05:09.159 [info] > git for-each-ref --sort -committerdate --format %(refname) %(objectname) %(*objectname) [4ms]
2025-01-31 19:05:26.949 [info] > git show --textconv :thai_massage/booking/templates/base.html [7ms]
2025-01-31 19:05:26.950 [info] > git ls-files --stage -- /workspace/project-4/thai_massage/booking/templates/base.html [2ms]
2025-01-31 19:05:26.957 [info] > git cat-file -s 68c5ca2c8d1937de1d7b70d1e57e82c6f51e23fe [2ms]
2025-01-31 19:06:46.739 [info] > git fetch [301ms]
2025-01-31 19:06:46.752 [info] > git config --get commit.template [5ms]
2025-01-31 19:06:46.753 [info] > git for-each-ref --format=%(refname)%00%(upstream:short)%00%(objectname)%00%(upstream:track)%00%(upstream:remotename)%00%(upstream:remoteref) refs/heads/main refs/remotes/main [2ms]
2025-01-31 19:06:46.765 [info] > git status -z -uall [7ms]
2025-01-31 19:06:46.766 [info] > git for-each-ref --sort -committerdate --format %(refname) %(objectname) %(*objectname) [3ms]
2025-01-31 19:06:48.085 [info] > git config --get commit.template [7ms]
2025-01-31 19:06:48.085 [info] > git for-each-ref --format=%(refname)%00%(upstream:short)%00%(objectname)%00%(upstream:track)%00%(upstream:remotename)%00%(upstream:remoteref) refs/heads/main refs/remotes/main [2ms]
2025-01-31 19:06:48.097 [info] > git status -z -uall [6ms]
2025-01-31 19:06:48.099 [info] > git for-each-ref --sort -committerdate --format %(refname) %(objectname) %(*objectname) [2ms]
2025-01-31 19:06:48.389 [info] > git ls-files --stage -- /workspace/project-4/thai_massage/booking/templates/base.html [2ms]
2025-01-31 19:06:48.395 [info] > git cat-file -s 68c5ca2c8d1937de1d7b70d1e57e82c6f51e23fe [2ms]
2025-01-31 19:06:48.611 [info] > git show --textconv :thai_massage/booking/templates/base.html [2ms]
2025-01-31 19:06:48.972 [info] > git show --textconv :thai_massage/booking/static/booking/css/custom_style.css [7ms]
2025-01-31 19:06:48.973 [info] > git ls-files --stage -- /workspace/project-4/thai_massage/booking/static/booking/css/custom_style.css [2ms]
2025-01-31 19:06:48.981 [info] > git cat-file -s 3f9adc16e902a49b32a9cd3f26b66b1aa6b2202f [2ms]
2025-01-31 19:06:53.113 [info] > git config --get commit.template [6ms]
2025-01-31 19:06:53.114 [info] > git for-each-ref --format=%(refname)%00%(upstream:short)%00%(objectname)%00%(upstream:track)%00%(upstream:remotename)%00%(upstream:remoteref) refs/heads/main refs/remotes/main [2ms]
2025-01-31 19:06:53.127 [info] > git status -z -uall [7ms]
2025-01-31 19:06:53.129 [info] > git for-each-ref --sort -committerdate --format %(refname) %(objectname) %(*objectname) [3ms]
2025-01-31 19:06:59.589 [info] > git config --get commit.template [7ms]
2025-01-31 19:06:59.591 [info] > git for-each-ref --format=%(refname)%00%(upstream:short)%00%(objectname)%00%(upstream:track)%00%(upstream:remotename)%00%(upstream:remoteref) refs/heads/main refs/remotes/main [2ms]
2025-01-31 19:06:59.603 [info] > git status -z -uall [6ms]
2025-01-31 19:06:59.605 [info] > git for-each-ref --sort -committerdate --format %(refname) %(objectname) %(*objectname) [2ms]
2025-01-31 19:07:05.088 [info] > git config --get commit.template [6ms]
2025-01-31 19:07:05.090 [info] > git for-each-ref --format=%(refname)%00%(upstream:short)%00%(objectname)%00%(upstream:track)%00%(upstream:remotename)%00%(upstream:remoteref) refs/heads/main refs/remotes/main [3ms]
2025-01-31 19:07:05.102 [info] > git status -z -uall [7ms]
2025-01-31 19:07:05.104 [info] > git for-each-ref --sort -committerdate --format %(refname) %(objectname) %(*objectname) [2ms]
