2025-01-28 19:22:23.635 [info] Log level: Info
2025-01-28 19:22:23.790 [info] VSCODE_MACHINE_ID: dd745e17-5294-4cc8-a682-898a1783f5ec
2025-01-28 19:22:23.790 [info] VSCODE_SESSION_ID: b28b1435-adcc-4591-bb7f-707e17a094b71738092139864
2025-01-28 19:22:23.790 [info] VSCODE_VERSION: 1.96.3
2025-01-28 19:22:23.790 [info] VSCODE_APP_NAME: Gitpod Code
2025-01-28 19:22:23.790 [info] VSCODE_APP_HOST: Gitpod
2025-01-28 19:22:23.790 [info] VSCODE_UI_KIND: web
2025-01-28 19:22:23.790 [info] GITPOD_WORKSPACE_CONTEXT_URL: https://github.com/samanthamoss87/project-4
2025-01-28 19:22:23.790 [info] GITPOD_INSTANCE_ID: 4b88d77d-8d70-4c9f-808d-4e822b84e350
2025-01-28 19:22:23.790 [info] GITPOD_WORKSPACE_URL: https://samanthamoss87-project4-ewn3f8asl7s.ws-eu117.gitpod.io
2025-01-28 19:22:23.795 [info] Gitpod Web 3953e81
2025-01-28 19:22:23.795 [info] Reading sessions from keychain...
2025-01-28 19:22:24.212 [info] Getting sessions for all scopes...
2025-01-28 19:22:24.212 [info] Getting sessions for all scopes...
2025-01-28 19:22:24.212 [info] Getting GitHub sessions for all scopes...
2025-01-28 19:22:24.212 [info] Getting sessions for function:accessCodeSyncStorage...
2025-01-28 19:22:24.212 [info] Got stored sessions!
2025-01-28 19:22:24.212 [info] Verified session with the following scopes: function:accessCodeSyncStorage function:closePort function:controlAdmission function:deleteEnvVar function:generateNewGitpodToken function:getDefaultWorkspaceImage function:getGitpodTokenScopes function:getIDToken function:getLoggedInUser function:getOpenPorts function:getSupportedWorkspaceClasses function:getTeams function:getToken function:getWorkspace function:getWorkspaceEnvVars function:getWorkspaceOwner function:getWorkspaceTimeout function:getWorkspaceUsers function:guessGitTokenScopes function:isWorkspaceOwner function:openPort function:sendHeartBeat function:setEnvVar function:setWorkspaceTimeout function:stopWorkspace function:takeSnapshot function:trackEvent function:updateGitStatus function:waitForSnapshot resource:contentBlob::*::create/get resource:envVar::*/**::update resource:envVar::*/*::update resource:envVar::samanthamoss87/project-4::create/get/update/delete resource:gitpodToken::*::create resource:snapshot::ws-samanthamoss87-project4-ewn3f8asl7s::create resource:token::*::get resource:userStorage::*::create/get/update resource:workspace::samanthamoss87-project4-ewn3f8asl7s::get/update resource:workspaceInstance::4b88d77d-8d70-4c9f-808d-4e822b84e350::get/update/delete
2025-01-28 19:22:24.212 [info] Got 1 verified sessions.
2025-01-28 19:22:24.213 [info] Got 1 sessions for all scopes...
2025-01-28 19:22:24.213 [info] Got 1 sessions for all scopes...
2025-01-28 19:22:24.213 [info] Got 1 sessions for function:accessCodeSyncStorage...
2025-01-28 19:22:24.378 [info] Got 1 GitHub sessions for all scopes...
2025-01-28 19:22:24.480 [info] Getting GitHub sessions for all scopes...
2025-01-28 19:22:24.480 [info] Getting sessions for all scopes...
2025-01-28 19:22:24.480 [info] Got 1 GitHub sessions for all scopes...
2025-01-28 19:22:24.480 [info] Got 1 sessions for all scopes...
2025-01-28 19:22:24.696 [info] Getting GitHub sessions for all scopes...
2025-01-28 19:22:24.696 [info] Got 1 GitHub sessions for all scopes...
2025-01-28 19:22:25.182 [info] Getting GitHub sessions for read:user,repo,user:email,workflow...
2025-01-28 19:22:25.182 [info] Got 1 GitHub sessions for read:user,repo,user:email,workflow...
2025-01-28 19:22:25.789 [info] Getting GitHub sessions for project,read:org,read:user,repo,user:email,workflow...
2025-01-28 19:22:25.789 [info] Got 0 GitHub sessions for project,read:org,read:user,repo,user:email,workflow...
2025-01-28 19:22:26.265 [info] Getting GitHub sessions for read:user,repo,user:email,workflow...
2025-01-28 19:22:26.265 [info] Got 1 GitHub sessions for read:user,repo,user:email,workflow...
2025-01-28 19:22:26.417 [info] Getting GitHub sessions for read:user,repo,user:email,workflow...
2025-01-28 19:22:26.417 [info] Got 1 GitHub sessions for read:user,repo,user:email,workflow...
