2025-02-01 19:31:09.390 [info] Log level: Info
2025-02-01 19:31:09.546 [info] VSCODE_MACHINE_ID: dd745e17-5294-4cc8-a682-898a1783f5ec
2025-02-01 19:31:09.546 [info] VSCODE_SESSION_ID: 3a9cdada-908e-4bad-9bb9-03afef44260b1738438263286
2025-02-01 19:31:09.546 [info] VSCODE_VERSION: 1.96.3
2025-02-01 19:31:09.546 [info] VSCODE_APP_NAME: Gitpod Code
2025-02-01 19:31:09.546 [info] VSCODE_APP_HOST: Gitpod
2025-02-01 19:31:09.546 [info] VSCODE_UI_KIND: web
2025-02-01 19:31:09.546 [info] GITPOD_WORKSPACE_CONTEXT_URL: https://github.com/samanthamoss87/project-4
2025-02-01 19:31:09.546 [info] GITPOD_INSTANCE_ID: 2497f4bb-3d2c-40d5-bef3-d9134d05c7f1
2025-02-01 19:31:09.546 [info] GITPOD_WORKSPACE_URL: https://samanthamoss87-project4-ewn3f8asl7s.ws-eu117.gitpod.io
2025-02-01 19:31:09.554 [info] Gitpod Web 3953e81
2025-02-01 19:31:09.554 [info] Reading sessions from keychain...
2025-02-01 19:31:09.875 [info] Getting sessions for all scopes...
2025-02-01 19:31:09.875 [info] Getting sessions for all scopes...
2025-02-01 19:31:09.875 [info] Getting GitHub sessions for all scopes...
2025-02-01 19:31:09.875 [info] Getting sessions for function:accessCodeSyncStorage...
2025-02-01 19:31:09.875 [info] Got stored sessions!
2025-02-01 19:31:09.876 [info] Verified session with the following scopes: function:accessCodeSyncStorage function:closePort function:controlAdmission function:deleteEnvVar function:generateNewGitpodToken function:getDefaultWorkspaceImage function:getGitpodTokenScopes function:getIDToken function:getLoggedInUser function:getOpenPorts function:getSupportedWorkspaceClasses function:getTeams function:getToken function:getWorkspace function:getWorkspaceEnvVars function:getWorkspaceOwner function:getWorkspaceTimeout function:getWorkspaceUsers function:guessGitTokenScopes function:isWorkspaceOwner function:openPort function:sendHeartBeat function:setEnvVar function:setWorkspaceTimeout function:stopWorkspace function:takeSnapshot function:trackEvent function:updateGitStatus function:waitForSnapshot resource:contentBlob::*::create/get resource:envVar::*/**::update resource:envVar::*/*::update resource:envVar::samanthamoss87/project-4::create/get/update/delete resource:gitpodToken::*::create resource:snapshot::ws-samanthamoss87-project4-ewn3f8asl7s::create resource:token::*::get resource:userStorage::*::create/get/update resource:workspace::samanthamoss87-project4-ewn3f8asl7s::get/update resource:workspaceInstance::2497f4bb-3d2c-40d5-bef3-d9134d05c7f1::get/update/delete
2025-02-01 19:31:09.876 [info] Got 1 verified sessions.
2025-02-01 19:31:09.876 [info] Got 1 sessions for all scopes...
2025-02-01 19:31:09.876 [info] Got 1 sessions for all scopes...
2025-02-01 19:31:09.876 [info] Got 1 sessions for function:accessCodeSyncStorage...
2025-02-01 19:31:10.095 [info] Got 1 GitHub sessions for all scopes...
2025-02-01 19:31:10.157 [info] Getting GitHub sessions for all scopes...
2025-02-01 19:31:10.157 [info] Getting sessions for all scopes...
2025-02-01 19:31:10.157 [info] Got 1 GitHub sessions for all scopes...
2025-02-01 19:31:10.157 [info] Got 1 sessions for all scopes...
2025-02-01 19:31:10.570 [info] Getting GitHub sessions for all scopes...
2025-02-01 19:31:10.570 [info] Got 1 GitHub sessions for all scopes...
2025-02-01 19:31:11.020 [info] Getting GitHub sessions for read:user,repo,user:email,workflow...
2025-02-01 19:31:11.020 [info] Got 1 GitHub sessions for read:user,repo,user:email,workflow...
2025-02-01 19:31:11.731 [info] Getting GitHub sessions for project,read:org,read:user,repo,user:email,workflow...
2025-02-01 19:31:11.731 [info] Got 0 GitHub sessions for project,read:org,read:user,repo,user:email,workflow...
2025-02-01 19:31:12.118 [info] Getting GitHub sessions for read:user,repo,user:email,workflow...
2025-02-01 19:31:12.118 [info] Got 1 GitHub sessions for read:user,repo,user:email,workflow...
2025-02-01 19:31:12.426 [info] Getting GitHub sessions for read:user,repo,user:email,workflow...
2025-02-01 19:31:12.426 [info] Got 1 GitHub sessions for read:user,repo,user:email,workflow...
