2025-01-30 19:44:11.623 [warning] /home/gitpod/.ssh/config: ENOENT: no such file or directory, open '/home/gitpod/.ssh/config'
2025-01-30 19:44:11.623 [info] Activation> Extension version: 0.102.0
2025-01-30 19:44:13.569 [info] Looking for git repository
2025-01-30 19:44:13.569 [info] Found 0 repositories during activation
2025-01-30 19:44:13.569 [info] Git repository found, initializing review manager and pr tree view.
2025-01-30 19:44:13.573 [info] Registering git provider
2025-01-30 19:44:13.573 [info] Review+0> Validate state in progress
2025-01-30 19:44:13.573 [info] Review+0> Validating state...
2025-01-30 19:44:13.793 [info] Found GitHub remote for folder /workspace/project-4
2025-01-30 19:44:14.064 [info] Trying to use globalState for assignableUsers.
2025-01-30 19:44:14.181 [info] Review+0> No matching pull request metadata found locally for current branch main
2025-01-30 19:44:14.450 [info] Review+0> No matching pull request metadata found on GitHub for current branch main
2025-01-30 19:44:14.628 [info] Using globalState assignableUsers for 1.
2025-01-30 19:45:36.233 [info] Repo state for file:///workspace/project-4 changed.
2025-01-30 19:45:36.233 [info] Repo file:///workspace/project-4 has already been setup.
2025-01-30 21:15:22.707 [info] Review+0> Validate state in progress
2025-01-30 21:15:22.707 [info] Review+0> Validating state...
2025-01-30 21:15:23.040 [info] Found GitHub remote for folder /workspace/project-4
2025-01-30 21:15:23.041 [info] Using in-memory cached assignable users.
2025-01-30 21:15:23.054 [info] Review+0> No matching pull request metadata found locally for current branch main
2025-01-30 21:15:23.322 [info] Review+0> No matching pull request metadata found on GitHub for current branch main
2025-01-30 21:15:26.827 [info] Review+0> Validate state in progress
2025-01-30 21:15:26.827 [info] Review+0> Validating state...
2025-01-30 21:15:27.039 [info] Found GitHub remote for folder /workspace/project-4
2025-01-30 21:15:27.039 [info] Using in-memory cached assignable users.
2025-01-30 21:15:27.048 [info] Review+0> No matching pull request metadata found locally for current branch main
2025-01-30 21:15:27.284 [info] Review+0> No matching pull request metadata found on GitHub for current branch main
