2025-02-02 18:33:48.020 [info] Log level: Info
2025-02-02 18:33:48.194 [info] VSCODE_MACHINE_ID: dd745e17-5294-4cc8-a682-898a1783f5ec
2025-02-02 18:33:48.194 [info] VSCODE_SESSION_ID: 1d568c40-f6c5-40ce-aa78-517af2f281db1738521223168
2025-02-02 18:33:48.194 [info] VSCODE_VERSION: 1.96.3
2025-02-02 18:33:48.194 [info] VSCODE_APP_NAME: Gitpod Code
2025-02-02 18:33:48.194 [info] VSCODE_APP_HOST: Gitpod
2025-02-02 18:33:48.194 [info] VSCODE_UI_KIND: web
2025-02-02 18:33:48.194 [info] GITPOD_WORKSPACE_CONTEXT_URL: https://github.com/samanthamoss87/project-4
2025-02-02 18:33:48.194 [info] GITPOD_INSTANCE_ID: a6d8914a-cca6-4fd1-9bb3-bca7dbd47ecc
2025-02-02 18:33:48.194 [info] GITPOD_WORKSPACE_URL: https://samanthamoss87-project4-ewn3f8asl7s.ws-eu117.gitpod.io
2025-02-02 18:33:48.200 [info] Gitpod Web 3953e81
2025-02-02 18:33:48.200 [info] Reading sessions from keychain...
2025-02-02 18:33:48.580 [info] Getting sessions for all scopes...
2025-02-02 18:33:48.580 [info] Getting sessions for all scopes...
2025-02-02 18:33:48.580 [info] Getting GitHub sessions for all scopes...
2025-02-02 18:33:48.580 [info] Getting sessions for function:accessCodeSyncStorage...
2025-02-02 18:33:48.580 [info] Got stored sessions!
2025-02-02 18:33:48.580 [info] Verified session with the following scopes: function:accessCodeSyncStorage function:closePort function:controlAdmission function:deleteEnvVar function:generateNewGitpodToken function:getDefaultWorkspaceImage function:getGitpodTokenScopes function:getIDToken function:getLoggedInUser function:getOpenPorts function:getSupportedWorkspaceClasses function:getTeams function:getToken function:getWorkspace function:getWorkspaceEnvVars function:getWorkspaceOwner function:getWorkspaceTimeout function:getWorkspaceUsers function:guessGitTokenScopes function:isWorkspaceOwner function:openPort function:sendHeartBeat function:setEnvVar function:setWorkspaceTimeout function:stopWorkspace function:takeSnapshot function:trackEvent function:updateGitStatus function:waitForSnapshot resource:contentBlob::*::create/get resource:envVar::*/**::update resource:envVar::*/*::update resource:envVar::samanthamoss87/project-4::create/get/update/delete resource:gitpodToken::*::create resource:snapshot::ws-samanthamoss87-project4-ewn3f8asl7s::create resource:token::*::get resource:userStorage::*::create/get/update resource:workspace::samanthamoss87-project4-ewn3f8asl7s::get/update resource:workspaceInstance::a6d8914a-cca6-4fd1-9bb3-bca7dbd47ecc::get/update/delete
2025-02-02 18:33:48.580 [info] Got 1 verified sessions.
2025-02-02 18:33:48.580 [info] Got 1 sessions for all scopes...
2025-02-02 18:33:48.580 [info] Got 1 sessions for all scopes...
2025-02-02 18:33:48.580 [info] Got 1 sessions for function:accessCodeSyncStorage...
2025-02-02 18:33:48.752 [info] Got 1 GitHub sessions for all scopes...
2025-02-02 18:33:48.847 [info] Getting GitHub sessions for all scopes...
2025-02-02 18:33:48.847 [info] Getting sessions for all scopes...
2025-02-02 18:33:48.848 [info] Got 1 GitHub sessions for all scopes...
2025-02-02 18:33:48.848 [info] Got 1 sessions for all scopes...
2025-02-02 18:33:49.100 [info] Getting GitHub sessions for all scopes...
2025-02-02 18:33:49.100 [info] Got 1 GitHub sessions for all scopes...
2025-02-02 18:33:49.690 [info] Getting GitHub sessions for read:user,repo,user:email,workflow...
2025-02-02 18:33:49.690 [info] Got 1 GitHub sessions for read:user,repo,user:email,workflow...
2025-02-02 18:33:50.288 [info] Getting GitHub sessions for project,read:org,read:user,repo,user:email,workflow...
2025-02-02 18:33:50.288 [info] Got 0 GitHub sessions for project,read:org,read:user,repo,user:email,workflow...
2025-02-02 18:33:50.733 [info] Getting GitHub sessions for read:user,repo,user:email,workflow...
2025-02-02 18:33:50.733 [info] Got 1 GitHub sessions for read:user,repo,user:email,workflow...
2025-02-02 18:33:50.945 [info] Getting GitHub sessions for read:user,repo,user:email,workflow...
2025-02-02 18:33:50.945 [info] Got 1 GitHub sessions for read:user,repo,user:email,workflow...
