2025-02-02 18:36:07.482 [info] [main] Log level: Info
2025-02-02 18:36:07.482 [info] [main] Validating found git in: "git"
2025-02-02 18:36:07.482 [info] [main] Using git "2.47.0" from "git"
2025-02-02 18:36:07.482 [info] [Model][doInitialScan] Initial repository scan started
2025-02-02 18:36:07.482 [info] > git rev-parse --show-toplevel [3ms]
2025-02-02 18:36:07.482 [info] > git rev-parse --git-dir --git-common-dir [2ms]
2025-02-02 18:36:07.482 [info] [Model][openRepository] Opened repository: /workspace/project-4
2025-02-02 18:36:07.482 [info] [Model][doInitialScan] Initial repository scan completed - repositories (1), closed repositories (0), parent repositories (0), unsafe repositories (0)
2025-02-02 18:36:07.482 [info] > git config --get commit.template [10ms]
2025-02-02 18:36:07.482 [info] > git for-each-ref --format=%(refname)%00%(upstream:short)%00%(objectname)%00%(upstream:track)%00%(upstream:remotename)%00%(upstream:remoteref) refs/heads/main refs/remotes/main [4ms]
2025-02-02 18:36:07.482 [info] > git status -z -uall [8ms]
2025-02-02 18:36:07.482 [info] > git for-each-ref --sort -committerdate --format %(refname) %(objectname) %(*objectname) [3ms]
2025-02-02 18:36:07.482 [info] > git for-each-ref --format=%(refname)%00%(upstream:short)%00%(objectname)%00%(upstream:track)%00%(upstream:remotename)%00%(upstream:remoteref) refs/heads/main refs/remotes/main [14ms]
2025-02-02 18:36:07.482 [info] > git config --get commit.template [14ms]
2025-02-02 18:36:07.482 [info] > git config --local branch.main.vscode-merge-base [8ms]
2025-02-02 18:36:07.482 [warning] [Git][config] git config failed: Failed to execute git
2025-02-02 18:36:07.482 [info] > git reflog main --grep-reflog=branch: Created from *. [19ms]
2025-02-02 18:36:07.482 [info] > git for-each-ref --format=%(refname)%00%(upstream:short)%00%(objectname)%00%(upstream:track)%00%(upstream:remotename)%00%(upstream:remoteref) refs/heads/main refs/remotes/main [30ms]
2025-02-02 18:36:07.482 [info] > git status -z -uall [6ms]
2025-02-02 18:36:07.482 [info] > git symbolic-ref --short refs/remotes/origin/HEAD [13ms]
2025-02-02 18:36:07.482 [info] fatal: ref refs/remotes/origin/HEAD is not a symbolic ref
2025-02-02 18:36:07.482 [warning] [Repository][getDefaultBranch] Failed to get default branch details: Failed to execute git.
2025-02-02 18:36:07.482 [info] > git for-each-ref --sort -committerdate --format %(refname) %(objectname) %(*objectname) [10ms]
2025-02-02 18:36:07.483 [info] > git merge-base refs/heads/main refs/remotes/origin/main [14ms]
2025-02-02 18:36:07.483 [info] > git merge-base refs/heads/main refs/remotes/origin/main [9ms]
2025-02-02 18:36:07.483 [info] > git diff --name-status -z --diff-filter=ADMR 4c6baa97e23413099420888f348001739d337f85...refs/remotes/origin/main [8ms]
2025-02-02 18:36:07.483 [info] > git diff --name-status -z --diff-filter=ADMR 4c6baa97e23413099420888f348001739d337f85...refs/remotes/origin/main [3ms]
2025-02-02 18:36:07.685 [info] > git fetch [376ms]
2025-02-02 18:36:07.700 [info] > git config --get commit.template [8ms]
2025-02-02 18:36:07.772 [info] > git for-each-ref --format=%(refname)%00%(upstream:short)%00%(objectname)%00%(upstream:track)%00%(upstream:remotename)%00%(upstream:remoteref) refs/heads/main refs/remotes/main [25ms]
2025-02-02 18:36:07.787 [info] > git status -z -uall [7ms]
2025-02-02 18:36:07.789 [info] > git for-each-ref --sort -committerdate --format %(refname) %(objectname) %(*objectname) [3ms]
2025-02-02 18:36:08.211 [info] > git check-ignore -v -z --stdin [2ms]
2025-02-02 18:36:08.972 [info] > git config --get commit.template [9ms]
2025-02-02 18:36:08.974 [info] > git for-each-ref --format=%(refname)%00%(upstream:short)%00%(objectname)%00%(upstream:track)%00%(upstream:remotename)%00%(upstream:remoteref) refs/heads/main refs/remotes/main [4ms]
2025-02-02 18:36:08.992 [info] > git status -z -uall [9ms]
2025-02-02 18:36:09.000 [info] > git for-each-ref --sort -committerdate --format %(refname) %(objectname) %(*objectname) [9ms]
2025-02-02 18:36:10.516 [info] > git config --local branch.main.github-pr-owner-number [128ms]
2025-02-02 18:36:10.516 [warning] [Git][config] git config failed: Failed to execute git
2025-02-02 18:36:37.033 [info] > git config --get commit.template [8ms]
2025-02-02 18:36:37.035 [info] > git for-each-ref --format=%(refname)%00%(upstream:short)%00%(objectname)%00%(upstream:track)%00%(upstream:remotename)%00%(upstream:remoteref) refs/heads/main refs/remotes/main [3ms]
2025-02-02 18:36:37.050 [info] > git status -z -uall [8ms]
2025-02-02 18:36:37.052 [info] > git for-each-ref --sort -committerdate --format %(refname) %(objectname) %(*objectname) [3ms]
2025-02-02 18:36:45.304 [info] > git check-ignore -v -z --stdin [2ms]
2025-02-02 18:37:00.892 [info] > git check-ignore -v -z --stdin [1ms]
2025-02-02 18:37:02.610 [info] > git show --textconv :thai_massage/thai_massage/settings.py [9ms]
2025-02-02 18:37:02.612 [info] > git ls-files --stage -- /workspace/project-4/thai_massage/thai_massage/settings.py [3ms]
2025-02-02 18:37:02.647 [info] > git cat-file -s dac65679a8cbb504ad5f636ff615e1fd7b2ffd76 [26ms]
2025-02-02 18:37:02.904 [info] > git blame --root --incremental 4c6baa97e23413099420888f348001739d337f85 -- /workspace/project-4/thai_massage/thai_massage/settings.py [5ms]
2025-02-02 18:37:39.941 [info] > git config --get commit.template [6ms]
2025-02-02 18:37:39.942 [info] > git for-each-ref --format=%(refname)%00%(upstream:short)%00%(objectname)%00%(upstream:track)%00%(upstream:remotename)%00%(upstream:remoteref) refs/heads/main refs/remotes/main [2ms]
2025-02-02 18:37:39.961 [info] > git status -z -uall [10ms]
2025-02-02 18:37:39.963 [info] > git for-each-ref --sort -committerdate --format %(refname) %(objectname) %(*objectname) [3ms]
2025-02-02 18:37:41.218 [info] > git check-ignore -v -z --stdin [2ms]
2025-02-02 18:37:47.630 [info] > git config --get commit.template [8ms]
2025-02-02 18:37:47.632 [info] > git for-each-ref --format=%(refname)%00%(upstream:short)%00%(objectname)%00%(upstream:track)%00%(upstream:remotename)%00%(upstream:remoteref) refs/heads/main refs/remotes/main [3ms]
2025-02-02 18:37:47.645 [info] > git status -z -uall [7ms]
2025-02-02 18:37:47.647 [info] > git for-each-ref --sort -committerdate --format %(refname) %(objectname) %(*objectname) [3ms]
2025-02-02 18:37:48.886 [info] > git check-ignore -v -z --stdin [2ms]
2025-02-02 18:38:38.499 [info] > git config --get commit.template [8ms]
2025-02-02 18:38:38.500 [info] > git for-each-ref --format=%(refname)%00%(upstream:short)%00%(objectname)%00%(upstream:track)%00%(upstream:remotename)%00%(upstream:remoteref) refs/heads/main refs/remotes/main [2ms]
2025-02-02 18:38:38.516 [info] > git status -z -uall [9ms]
2025-02-02 18:38:38.517 [info] > git for-each-ref --sort -committerdate --format %(refname) %(objectname) %(*objectname) [2ms]
2025-02-02 18:39:00.461 [info] > git config --get commit.template [8ms]
2025-02-02 18:39:00.463 [info] > git for-each-ref --format=%(refname)%00%(upstream:short)%00%(objectname)%00%(upstream:track)%00%(upstream:remotename)%00%(upstream:remoteref) refs/heads/main refs/remotes/main [3ms]
2025-02-02 18:39:00.476 [info] > git status -z -uall [7ms]
2025-02-02 18:39:00.478 [info] > git for-each-ref --sort -committerdate --format %(refname) %(objectname) %(*objectname) [2ms]
2025-02-02 18:39:00.879 [info] > git check-ignore -v -z --stdin [2ms]
2025-02-02 18:39:08.120 [info] > git fetch [318ms]
2025-02-02 18:39:08.135 [info] > git config --get commit.template [7ms]
2025-02-02 18:39:08.137 [info] > git for-each-ref --format=%(refname)%00%(upstream:short)%00%(objectname)%00%(upstream:track)%00%(upstream:remotename)%00%(upstream:remoteref) refs/heads/main refs/remotes/main [2ms]
2025-02-02 18:39:08.151 [info] > git status -z -uall [7ms]
2025-02-02 18:39:08.154 [info] > git for-each-ref --sort -committerdate --format %(refname) %(objectname) %(*objectname) [4ms]
2025-02-02 18:39:09.464 [info] > git config --get commit.template [10ms]
2025-02-02 18:39:09.466 [info] > git for-each-ref --format=%(refname)%00%(upstream:short)%00%(objectname)%00%(upstream:track)%00%(upstream:remotename)%00%(upstream:remoteref) refs/heads/main refs/remotes/main [3ms]
2025-02-02 18:39:09.482 [info] > git status -z -uall [8ms]
2025-02-02 18:39:09.484 [info] > git for-each-ref --sort -committerdate --format %(refname) %(objectname) %(*objectname) [2ms]
2025-02-02 18:39:09.769 [info] > git ls-files --stage -- /workspace/project-4/thai_massage/thai_massage/settings.py [2ms]
2025-02-02 18:39:09.776 [info] > git cat-file -s dac65679a8cbb504ad5f636ff615e1fd7b2ffd76 [2ms]
2025-02-02 18:39:09.995 [info] > git show --textconv :thai_massage/thai_massage/settings.py [3ms]
2025-02-02 18:39:54.799 [info] > git check-ignore -v -z --stdin [2ms]
2025-02-02 18:40:14.257 [info] > git config --get commit.template [7ms]
2025-02-02 18:40:14.259 [info] > git for-each-ref --format=%(refname)%00%(upstream:short)%00%(objectname)%00%(upstream:track)%00%(upstream:remotename)%00%(upstream:remoteref) refs/heads/main refs/remotes/main [3ms]
2025-02-02 18:40:14.275 [info] > git status -z -uall [9ms]
2025-02-02 18:40:14.277 [info] > git for-each-ref --sort -committerdate --format %(refname) %(objectname) %(*objectname) [2ms]
2025-02-02 18:40:22.919 [info] > git config --get commit.template [12ms]
2025-02-02 18:40:22.921 [info] > git for-each-ref --format=%(refname)%00%(upstream:short)%00%(objectname)%00%(upstream:track)%00%(upstream:remotename)%00%(upstream:remoteref) refs/heads/main refs/remotes/main [2ms]
2025-02-02 18:40:22.941 [info] > git status -z -uall [10ms]
2025-02-02 18:40:22.944 [info] > git for-each-ref --sort -committerdate --format %(refname) %(objectname) %(*objectname) [4ms]
2025-02-02 18:40:27.968 [info] > git config --get commit.template [11ms]
2025-02-02 18:40:27.969 [info] > git for-each-ref --format=%(refname)%00%(upstream:short)%00%(objectname)%00%(upstream:track)%00%(upstream:remotename)%00%(upstream:remoteref) refs/heads/main refs/remotes/main [3ms]
2025-02-02 18:40:27.985 [info] > git status -z -uall [8ms]
2025-02-02 18:40:27.988 [info] > git for-each-ref --sort -committerdate --format %(refname) %(objectname) %(*objectname) [3ms]
2025-02-02 18:40:37.394 [info] > git config --get commit.template [8ms]
2025-02-02 18:40:37.395 [info] > git for-each-ref --format=%(refname)%00%(upstream:short)%00%(objectname)%00%(upstream:track)%00%(upstream:remotename)%00%(upstream:remoteref) refs/heads/main refs/remotes/main [2ms]
2025-02-02 18:40:37.414 [info] > git status -z -uall [10ms]
2025-02-02 18:40:37.416 [info] > git for-each-ref --sort -committerdate --format %(refname) %(objectname) %(*objectname) [3ms]
2025-02-02 18:40:47.142 [info] > git show --textconv :thai_massage/asgi.py [8ms]
2025-02-02 18:40:47.143 [info] > git ls-files --stage -- /workspace/project-4/thai_massage/asgi.py [2ms]
2025-02-02 18:40:57.238 [info] > git show --textconv :thai_massage/thai_massage/settings.py [8ms]
2025-02-02 18:40:57.240 [info] > git ls-files --stage -- /workspace/project-4/thai_massage/thai_massage/settings.py [3ms]
2025-02-02 18:40:57.251 [info] > git cat-file -s dac65679a8cbb504ad5f636ff615e1fd7b2ffd76 [2ms]
2025-02-02 18:40:59.243 [info] > git config --get commit.template [11ms]
2025-02-02 18:40:59.245 [info] > git for-each-ref --format=%(refname)%00%(upstream:short)%00%(objectname)%00%(upstream:track)%00%(upstream:remotename)%00%(upstream:remoteref) refs/heads/main refs/remotes/main [4ms]
2025-02-02 18:40:59.263 [info] > git status -z -uall [9ms]
2025-02-02 18:40:59.265 [info] > git for-each-ref --sort -committerdate --format %(refname) %(objectname) %(*objectname) [3ms]
2025-02-02 18:41:40.253 [info] > git config --get commit.template [11ms]
2025-02-02 18:41:40.255 [info] > git for-each-ref --format=%(refname)%00%(upstream:short)%00%(objectname)%00%(upstream:track)%00%(upstream:remotename)%00%(upstream:remoteref) refs/heads/main refs/remotes/main [3ms]
2025-02-02 18:41:40.273 [info] > git status -z -uall [8ms]
2025-02-02 18:41:40.276 [info] > git for-each-ref --sort -committerdate --format %(refname) %(objectname) %(*objectname) [3ms]
2025-02-02 18:41:41.398 [info] > git check-ignore -v -z --stdin [2ms]
2025-02-02 18:41:43.771 [info] > git log --format=%H%n%aN%n%aE%n%at%n%ct%n%P%n%D%n%B -z --shortstat --diff-merges=first-parent -n50 --skip=0 --topo-order --decorate=full --stdin [152ms]
2025-02-02 18:41:44.149 [info] > git check-ignore -v -z --stdin [2ms]
2025-02-02 18:41:46.502 [info] > git check-ignore -v -z --stdin [2ms]
2025-02-02 18:42:18.889 [info] > git fetch [331ms]
2025-02-02 18:42:18.905 [info] > git config --get commit.template [9ms]
2025-02-02 18:42:18.906 [info] > git for-each-ref --format=%(refname)%00%(upstream:short)%00%(objectname)%00%(upstream:track)%00%(upstream:remotename)%00%(upstream:remoteref) refs/heads/main refs/remotes/main [3ms]
2025-02-02 18:42:18.920 [info] > git status -z -uall [8ms]
2025-02-02 18:42:18.922 [info] > git for-each-ref --sort -committerdate --format %(refname) %(objectname) %(*objectname) [3ms]
2025-02-02 18:42:20.230 [info] > git config --get commit.template [9ms]
2025-02-02 18:42:20.231 [info] > git for-each-ref --format=%(refname)%00%(upstream:short)%00%(objectname)%00%(upstream:track)%00%(upstream:remotename)%00%(upstream:remoteref) refs/heads/main refs/remotes/main [2ms]
2025-02-02 18:42:20.246 [info] > git status -z -uall [7ms]
2025-02-02 18:42:20.248 [info] > git for-each-ref --sort -committerdate --format %(refname) %(objectname) %(*objectname) [3ms]
2025-02-02 18:42:20.889 [info] > git ls-files --stage -- /workspace/project-4/thai_massage/asgi.py [8ms]
2025-02-02 18:42:20.892 [info] > git ls-files --stage -- /workspace/project-4/thai_massage/thai_massage/settings.py [4ms]
2025-02-02 18:42:20.902 [info] > git cat-file -s dac65679a8cbb504ad5f636ff615e1fd7b2ffd76 [3ms]
2025-02-02 18:42:21.124 [info] > git show --textconv :thai_massage/asgi.py [8ms]
2025-02-02 18:42:21.127 [info] > git show --textconv :thai_massage/thai_massage/settings.py [3ms]
2025-02-02 18:42:43.425 [info] > git config --get commit.template [10ms]
2025-02-02 18:42:43.427 [info] > git for-each-ref --format=%(refname)%00%(upstream:short)%00%(objectname)%00%(upstream:track)%00%(upstream:remotename)%00%(upstream:remoteref) refs/heads/main refs/remotes/main [3ms]
2025-02-02 18:42:43.445 [info] > git status -z -uall [10ms]
2025-02-02 18:42:43.448 [info] > git for-each-ref --sort -committerdate --format %(refname) %(objectname) %(*objectname) [4ms]
2025-02-02 18:43:34.460 [info] > git check-ignore -v -z --stdin [3ms]
2025-02-02 18:43:37.241 [info] > git check-ignore -v -z --stdin [2ms]
2025-02-02 18:43:40.467 [info] > git check-ignore -v -z --stdin [2ms]
2025-02-02 18:43:51.478 [info] > git check-ignore -v -z --stdin [2ms]
2025-02-02 18:44:06.949 [info] > git config --get commit.template [3ms]
2025-02-02 18:44:06.967 [info] > git for-each-ref --format=%(refname)%00%(upstream:short)%00%(objectname)%00%(upstream:track)%00%(upstream:remotename)%00%(upstream:remoteref) refs/heads/main refs/remotes/main [7ms]
2025-02-02 18:44:06.992 [info] > git status -z -uall [13ms]
2025-02-02 18:44:06.995 [info] > git for-each-ref --sort -committerdate --format %(refname) %(objectname) %(*objectname) [4ms]
2025-02-02 18:45:35.167 [info] > git fetch [327ms]
2025-02-02 18:45:35.183 [info] > git config --get commit.template [7ms]
2025-02-02 18:45:35.185 [info] > git for-each-ref --format=%(refname)%00%(upstream:short)%00%(objectname)%00%(upstream:track)%00%(upstream:remotename)%00%(upstream:remoteref) refs/heads/main refs/remotes/main [3ms]
2025-02-02 18:45:35.198 [info] > git status -z -uall [7ms]
2025-02-02 18:45:35.200 [info] > git for-each-ref --sort -committerdate --format %(refname) %(objectname) %(*objectname) [3ms]
2025-02-02 18:48:14.487 [info] > git config --get commit.template [9ms]
2025-02-02 18:48:14.488 [info] > git for-each-ref --format=%(refname)%00%(upstream:short)%00%(objectname)%00%(upstream:track)%00%(upstream:remotename)%00%(upstream:remoteref) refs/heads/main refs/remotes/main [3ms]
2025-02-02 18:48:14.506 [info] > git status -z -uall [9ms]
2025-02-02 18:48:14.508 [info] > git for-each-ref --sort -committerdate --format %(refname) %(objectname) %(*objectname) [3ms]
2025-02-02 18:48:14.707 [info] > git ls-files --stage -- /workspace/project-4/thai_massage/thai_massage/settings.py [2ms]
2025-02-02 18:48:14.716 [info] > git cat-file -s dac65679a8cbb504ad5f636ff615e1fd7b2ffd76 [2ms]
2025-02-02 18:48:14.939 [info] > git show --textconv :thai_massage/thai_massage/settings.py [3ms]
2025-02-02 18:48:35.589 [info] > git fetch [379ms]
2025-02-02 18:48:35.605 [info] > git config --get commit.template [9ms]
2025-02-02 18:48:35.607 [info] > git for-each-ref --format=%(refname)%00%(upstream:short)%00%(objectname)%00%(upstream:track)%00%(upstream:remotename)%00%(upstream:remoteref) refs/heads/main refs/remotes/main [3ms]
2025-02-02 18:48:35.625 [info] > git status -z -uall [11ms]
2025-02-02 18:48:35.626 [info] > git for-each-ref --sort -committerdate --format %(refname) %(objectname) %(*objectname) [3ms]
2025-02-02 18:48:36.935 [info] > git config --get commit.template [9ms]
2025-02-02 18:48:36.937 [info] > git for-each-ref --format=%(refname)%00%(upstream:short)%00%(objectname)%00%(upstream:track)%00%(upstream:remotename)%00%(upstream:remoteref) refs/heads/main refs/remotes/main [3ms]
2025-02-02 18:48:36.957 [info] > git status -z -uall [12ms]
2025-02-02 18:48:36.960 [info] > git for-each-ref --sort -committerdate --format %(refname) %(objectname) %(*objectname) [4ms]
2025-02-02 18:48:37.235 [info] > git ls-files --stage -- /workspace/project-4/thai_massage/thai_massage/settings.py [2ms]
2025-02-02 18:48:37.244 [info] > git cat-file -s dac65679a8cbb504ad5f636ff615e1fd7b2ffd76 [2ms]
2025-02-02 18:48:37.471 [info] > git show --textconv :thai_massage/thai_massage/settings.py [3ms]
2025-02-02 18:49:00.815 [info] > git config --get commit.template [8ms]
2025-02-02 18:49:00.816 [info] > git for-each-ref --format=%(refname)%00%(upstream:short)%00%(objectname)%00%(upstream:track)%00%(upstream:remotename)%00%(upstream:remoteref) refs/heads/main refs/remotes/main [2ms]
2025-02-02 18:49:00.834 [info] > git status -z -uall [9ms]
2025-02-02 18:49:00.836 [info] > git for-each-ref --sort -committerdate --format %(refname) %(objectname) %(*objectname) [3ms]
2025-02-02 18:49:01.119 [info] > git ls-files --stage -- /workspace/project-4/thai_massage/thai_massage/settings.py [2ms]
2025-02-02 18:49:01.128 [info] > git cat-file -s dac65679a8cbb504ad5f636ff615e1fd7b2ffd76 [2ms]
2025-02-02 18:49:01.347 [info] > git show --textconv :thai_massage/thai_massage/settings.py [3ms]
2025-02-02 18:49:17.813 [info] > git config --get commit.template [9ms]
2025-02-02 18:49:17.815 [info] > git for-each-ref --format=%(refname)%00%(upstream:short)%00%(objectname)%00%(upstream:track)%00%(upstream:remotename)%00%(upstream:remoteref) refs/heads/main refs/remotes/main [3ms]
2025-02-02 18:49:17.831 [info] > git status -z -uall [8ms]
2025-02-02 18:49:17.832 [info] > git for-each-ref --sort -committerdate --format %(refname) %(objectname) %(*objectname) [3ms]
2025-02-02 18:49:36.838 [info] > git config --get commit.template [9ms]
2025-02-02 18:49:36.840 [info] > git for-each-ref --format=%(refname)%00%(upstream:short)%00%(objectname)%00%(upstream:track)%00%(upstream:remotename)%00%(upstream:remoteref) refs/heads/main refs/remotes/main [2ms]
2025-02-02 18:49:36.867 [info] > git status -z -uall [17ms]
2025-02-02 18:49:36.867 [info] > git for-each-ref --sort -committerdate --format %(refname) %(objectname) %(*objectname) [1ms]
2025-02-02 18:49:44.247 [info] > git config --get commit.template [9ms]
2025-02-02 18:49:44.250 [info] > git for-each-ref --format=%(refname)%00%(upstream:short)%00%(objectname)%00%(upstream:track)%00%(upstream:remotename)%00%(upstream:remoteref) refs/heads/main refs/remotes/main [4ms]
2025-02-02 18:49:44.270 [info] > git status -z -uall [11ms]
2025-02-02 18:49:44.273 [info] > git for-each-ref --sort -committerdate --format %(refname) %(objectname) %(*objectname) [3ms]
2025-02-02 18:51:13.329 [info] > git log --format=%H%n%aN%n%aE%n%at%n%ct%n%P%n%D%n%B -z --shortstat --diff-merges=first-parent -n50 --skip=0 --topo-order --decorate=full --stdin [178ms]
2025-02-02 18:54:37.085 [info] > git fetch [353ms]
2025-02-02 18:54:37.110 [info] > git config --get commit.template [11ms]
2025-02-02 18:54:37.112 [info] > git for-each-ref --format=%(refname)%00%(upstream:short)%00%(objectname)%00%(upstream:track)%00%(upstream:remotename)%00%(upstream:remoteref) refs/heads/main refs/remotes/main [3ms]
2025-02-02 18:54:37.134 [info] > git status -z -uall [11ms]
2025-02-02 18:54:37.137 [info] > git for-each-ref --sort -committerdate --format %(refname) %(objectname) %(*objectname) [3ms]
2025-02-02 18:54:38.433 [info] > git config --get commit.template [10ms]
2025-02-02 18:54:38.438 [info] > git for-each-ref --format=%(refname)%00%(upstream:short)%00%(objectname)%00%(upstream:track)%00%(upstream:remotename)%00%(upstream:remoteref) refs/heads/main refs/remotes/main [6ms]
2025-02-02 18:54:38.465 [info] > git status -z -uall [14ms]
2025-02-02 18:54:38.466 [info] > git for-each-ref --sort -committerdate --format %(refname) %(objectname) %(*objectname) [1ms]
2025-02-02 18:54:38.735 [info] > git ls-files --stage -- /workspace/project-4/thai_massage/thai_massage/settings.py [3ms]
2025-02-02 18:54:38.748 [info] > git cat-file -s dac65679a8cbb504ad5f636ff615e1fd7b2ffd76 [3ms]
2025-02-02 18:54:38.977 [info] > git show --textconv :thai_massage/thai_massage/settings.py [3ms]
2025-02-02 18:56:25.838 [warning] [Git][getHEAD] Failed to parse HEAD file: ENOENT: no such file or directory, open '/workspace/project-4/.git/HEAD'
2025-02-02 18:56:25.846 [warning] [Git][getRemotes] Error: ENOENT: no such file or directory, open '/workspace/project-4/.git/config'
2025-02-02 18:56:25.854 [info] > git symbolic-ref --short HEAD [16ms]
2025-02-02 18:56:25.863 [info] > git config --get commit.template [9ms]
2025-02-02 18:56:25.863 [info] > git remote --verbose [17ms]
2025-02-02 18:56:25.865 [info] > git for-each-ref --format=%(refname)%00%(upstream:short)%00%(objectname)%00%(upstream:track)%00%(upstream:remotename)%00%(upstream:remoteref) refs/heads/main refs/remotes/main [3ms]
2025-02-02 18:56:25.872 [warning] [Git][revParse] Unable to read file: ENOENT: no such file or directory, open '/workspace/project-4/.git/refs/remotes/origin/main'
2025-02-02 18:56:25.874 [info] > git rev-parse refs/remotes/origin/main [2ms]
2025-02-02 18:56:25.894 [info] > git for-each-ref --sort -committerdate --format %(refname) %(objectname) %(*objectname) [4ms]
2025-02-02 18:56:26.061 [info] > git status -z -uall [179ms] (cancelled)
2025-02-02 18:59:44.575 [warning] [Model][getRepositoryExact] Failed to get repository realpath for: "/workspace/project-4/". Error:Error: ENOENT: no such file or directory, realpath '/workspace/project-4/'
2025-02-02 18:59:47.538 [warning] [Model][getRepositoryExact] Failed to get repository realpath for: "/workspace/project-4/". Error:Error: ENOENT: no such file or directory, realpath '/workspace/project-4/'
