2025-01-27 19:43:05.095 [info] [main] Log level: Info
2025-01-27 19:43:05.095 [info] [main] Validating found git in: "git"
2025-01-27 19:43:05.095 [info] [main] Using git "2.47.0" from "git"
2025-01-27 19:43:05.095 [info] [Model][doInitialScan] Initial repository scan started
2025-01-27 19:43:05.095 [info] > git rev-parse --show-toplevel [7ms]
2025-01-27 19:43:05.095 [info] > git rev-parse --git-dir --git-common-dir [27ms]
2025-01-27 19:43:05.095 [info] [Model][openRepository] Opened repository: /workspace/project-4
2025-01-27 19:43:05.095 [info] > git config --get commit.template [6ms]
2025-01-27 19:43:05.095 [info] > git rev-parse --show-toplevel [2ms]
2025-01-27 19:43:05.095 [info] > git for-each-ref --format=%(refname)%00%(upstream:short)%00%(objectname)%00%(upstream:track)%00%(upstream:remotename)%00%(upstream:remoteref) refs/heads/main refs/remotes/main [39ms]
2025-01-27 19:43:05.095 [info] > git rev-parse --show-toplevel [3ms]
2025-01-27 19:43:05.095 [info] [Model][doInitialScan] Initial repository scan completed - repositories (1), closed repositories (0), parent repositories (0), unsafe repositories (0)
2025-01-27 19:43:05.095 [info] > git status -z -uall [7ms]
2025-01-27 19:43:05.095 [info] > git for-each-ref --sort -committerdate --format %(refname) %(objectname) %(*objectname) [3ms]
2025-01-27 19:43:05.095 [info] > git for-each-ref --format=%(refname)%00%(upstream:short)%00%(objectname)%00%(upstream:track)%00%(upstream:remotename)%00%(upstream:remoteref) refs/heads/main refs/remotes/main [8ms]
2025-01-27 19:43:05.095 [info] > git config --get commit.template [10ms]
2025-01-27 19:43:05.095 [info] > git config --local branch.main.vscode-merge-base [4ms]
2025-01-27 19:43:05.095 [warning] [Git][config] git config failed: Failed to execute git
2025-01-27 19:43:05.095 [info] > git reflog main --grep-reflog=branch: Created from *. [51ms]
2025-01-27 19:43:05.095 [info] > git for-each-ref --format=%(refname)%00%(upstream:short)%00%(objectname)%00%(upstream:track)%00%(upstream:remotename)%00%(upstream:remoteref) refs/heads/main refs/remotes/main [7ms]
2025-01-27 19:43:05.095 [info] > git symbolic-ref --short refs/remotes/origin/HEAD [3ms]
2025-01-27 19:43:05.095 [info] fatal: ref refs/remotes/origin/HEAD is not a symbolic ref
2025-01-27 19:43:05.095 [warning] [Repository][getDefaultBranch] Failed to get default branch details: Failed to execute git.
2025-01-27 19:43:05.095 [info] > git status -z -uall [6ms]
2025-01-27 19:43:05.095 [info] > git merge-base refs/heads/main refs/remotes/origin/main [20ms]
2025-01-27 19:43:05.095 [info] > git for-each-ref --sort -committerdate --format %(refname) %(objectname) %(*objectname) [8ms]
2025-01-27 19:43:05.095 [info] > git diff --name-status -z --diff-filter=ADMR 00688f229014ab96f4971e6d93091b37a6db0a7b...refs/remotes/origin/main [188ms]
2025-01-27 19:43:05.095 [info] > git fetch [457ms]
2025-01-27 19:43:05.095 [info] > git merge-base refs/heads/main refs/remotes/origin/main [249ms]
2025-01-27 19:43:05.103 [info] > git diff --name-status -z --diff-filter=ADMR 00688f229014ab96f4971e6d93091b37a6db0a7b...refs/remotes/origin/main [9ms]
2025-01-27 19:43:05.104 [info] > git config --get commit.template [4ms]
2025-01-27 19:43:05.111 [info] > git for-each-ref --format=%(refname)%00%(upstream:short)%00%(objectname)%00%(upstream:track)%00%(upstream:remotename)%00%(upstream:remoteref) refs/heads/main refs/remotes/main [3ms]
2025-01-27 19:43:05.123 [info] > git status -z -uall [5ms]
2025-01-27 19:43:05.125 [info] > git for-each-ref --sort -committerdate --format %(refname) %(objectname) %(*objectname) [3ms]
2025-01-27 19:43:05.407 [info] > git show --textconv :thai_massage/manage.py [5ms]
2025-01-27 19:43:05.408 [info] > git ls-files --stage -- /workspace/project-4/thai_massage/manage.py [2ms]
2025-01-27 19:43:05.414 [info] > git cat-file -s df580cd766972c347ca1e32551d17c6c43ba75e4 [2ms]
2025-01-27 19:43:05.609 [info] > git check-ignore -v -z --stdin [2ms]
2025-01-27 19:43:06.406 [info] > git config --get commit.template [5ms]
2025-01-27 19:43:06.408 [info] > git for-each-ref --format=%(refname)%00%(upstream:short)%00%(objectname)%00%(upstream:track)%00%(upstream:remotename)%00%(upstream:remoteref) refs/heads/main refs/remotes/main [3ms]
2025-01-27 19:43:06.420 [info] > git status -z -uall [6ms]
2025-01-27 19:43:06.422 [info] > git for-each-ref --sort -committerdate --format %(refname) %(objectname) %(*objectname) [3ms]
2025-01-27 19:43:06.700 [info] > git ls-files --stage -- /workspace/project-4/thai_massage/manage.py [2ms]
2025-01-27 19:43:06.706 [info] > git cat-file -s df580cd766972c347ca1e32551d17c6c43ba75e4 [1ms]
2025-01-27 19:43:06.917 [info] > git show --textconv :thai_massage/manage.py [2ms]
2025-01-27 19:43:07.786 [info] > git config --local branch.main.github-pr-owner-number [125ms]
2025-01-27 19:43:07.786 [warning] [Git][config] git config failed: Failed to execute git
2025-01-27 19:43:45.721 [info] > git check-ignore -v -z --stdin [2ms]
2025-01-27 19:46:22.227 [info] > git fetch [309ms]
2025-01-27 19:46:22.242 [info] > git config --get commit.template [7ms]
2025-01-27 19:46:22.243 [info] > git for-each-ref --format=%(refname)%00%(upstream:short)%00%(objectname)%00%(upstream:track)%00%(upstream:remotename)%00%(upstream:remoteref) refs/heads/main refs/remotes/main [2ms]
2025-01-27 19:46:22.256 [info] > git status -z -uall [6ms]
2025-01-27 19:46:22.258 [info] > git for-each-ref --sort -committerdate --format %(refname) %(objectname) %(*objectname) [3ms]
2025-01-27 19:46:23.567 [info] > git config --get commit.template [5ms]
2025-01-27 19:46:23.568 [info] > git for-each-ref --format=%(refname)%00%(upstream:short)%00%(objectname)%00%(upstream:track)%00%(upstream:remotename)%00%(upstream:remoteref) refs/heads/main refs/remotes/main [3ms]
2025-01-27 19:46:23.579 [info] > git status -z -uall [6ms]
2025-01-27 19:46:23.581 [info] > git for-each-ref --sort -committerdate --format %(refname) %(objectname) %(*objectname) [2ms]
2025-01-27 19:46:23.872 [info] > git ls-files --stage -- /workspace/project-4/thai_massage/manage.py [2ms]
2025-01-27 19:46:23.879 [info] > git cat-file -s df580cd766972c347ca1e32551d17c6c43ba75e4 [2ms]
2025-01-27 19:46:24.087 [info] > git show --textconv :thai_massage/manage.py [3ms]
2025-01-27 19:51:16.166 [info] > git fetch [329ms]
2025-01-27 19:51:16.177 [info] > git config --get commit.template [5ms]
2025-01-27 19:51:16.180 [info] > git for-each-ref --format=%(refname)%00%(upstream:short)%00%(objectname)%00%(upstream:track)%00%(upstream:remotename)%00%(upstream:remoteref) refs/heads/main refs/remotes/main [3ms]
2025-01-27 19:51:16.194 [info] > git status -z -uall [7ms]
2025-01-27 19:51:16.196 [info] > git for-each-ref --sort -committerdate --format %(refname) %(objectname) %(*objectname) [2ms]
2025-01-27 19:51:17.538 [info] > git config --get commit.template [6ms]
2025-01-27 19:51:17.539 [info] > git for-each-ref --format=%(refname)%00%(upstream:short)%00%(objectname)%00%(upstream:track)%00%(upstream:remotename)%00%(upstream:remoteref) refs/heads/main refs/remotes/main [2ms]
2025-01-27 19:51:17.552 [info] > git status -z -uall [7ms]
2025-01-27 19:51:17.553 [info] > git for-each-ref --sort -committerdate --format %(refname) %(objectname) %(*objectname) [2ms]
2025-01-27 19:51:17.836 [info] > git ls-files --stage -- /workspace/project-4/thai_massage/manage.py [1ms]
2025-01-27 19:51:17.844 [info] > git cat-file -s df580cd766972c347ca1e32551d17c6c43ba75e4 [2ms]
2025-01-27 19:51:18.052 [info] > git show --textconv :thai_massage/manage.py [3ms]
