2025-01-31 21:39:48.966 [info] [main] Log level: Info
2025-01-31 21:39:48.966 [info] [main] Validating found git in: "git"
2025-01-31 21:39:48.966 [info] [main] Using git "2.47.0" from "git"
2025-01-31 21:39:48.966 [info] [Model][doInitialScan] Initial repository scan started
2025-01-31 21:39:48.966 [info] > git rev-parse --show-toplevel [2ms]
2025-01-31 21:39:48.966 [info] > git rev-parse --git-dir --git-common-dir [2ms]
2025-01-31 21:39:48.966 [info] [Model][openRepository] Opened repository: /workspace/project-4
2025-01-31 21:39:48.966 [info] > git config --get commit.template [6ms]
2025-01-31 21:39:48.966 [info] > git rev-parse --show-toplevel [7ms]
2025-01-31 21:39:48.966 [info] > git for-each-ref --format=%(refname)%00%(upstream:short)%00%(objectname)%00%(upstream:track)%00%(upstream:remotename)%00%(upstream:remoteref) refs/heads/main refs/remotes/main [6ms]
2025-01-31 21:39:48.966 [info] > git rev-parse --show-toplevel [2ms]
2025-01-31 21:39:48.966 [info] [Model][doInitialScan] Initial repository scan completed - repositories (1), closed repositories (0), parent repositories (0), unsafe repositories (0)
2025-01-31 21:39:48.966 [info] > git status -z -uall [7ms]
2025-01-31 21:39:48.966 [info] > git for-each-ref --sort -committerdate --format %(refname) %(objectname) %(*objectname) [2ms]
2025-01-31 21:39:48.966 [info] > git for-each-ref --format=%(refname)%00%(upstream:short)%00%(objectname)%00%(upstream:track)%00%(upstream:remotename)%00%(upstream:remoteref) refs/heads/main refs/remotes/main [7ms]
2025-01-31 21:39:48.966 [info] > git config --get commit.template [6ms]
2025-01-31 21:39:48.966 [info] > git config --local branch.main.vscode-merge-base [6ms]
2025-01-31 21:39:48.966 [warning] [Git][config] git config failed: Failed to execute git
2025-01-31 21:39:48.966 [info] > git for-each-ref --format=%(refname)%00%(upstream:short)%00%(objectname)%00%(upstream:track)%00%(upstream:remotename)%00%(upstream:remoteref) refs/heads/main refs/remotes/main [6ms]
2025-01-31 21:39:48.966 [info] > git status -z -uall [5ms]
2025-01-31 21:39:48.966 [info] > git reflog main --grep-reflog=branch: Created from *. [10ms]
2025-01-31 21:39:48.966 [info] > git for-each-ref --sort -committerdate --format %(refname) %(objectname) %(*objectname) [6ms]
2025-01-31 21:39:48.966 [info] > git symbolic-ref --short refs/remotes/origin/HEAD [7ms]
2025-01-31 21:39:48.966 [info] fatal: ref refs/remotes/origin/HEAD is not a symbolic ref
2025-01-31 21:39:48.966 [warning] [Repository][getDefaultBranch] Failed to get default branch details: Failed to execute git.
2025-01-31 21:39:48.966 [info] > git merge-base refs/heads/main refs/remotes/origin/main [12ms]
2025-01-31 21:39:48.966 [info] > git for-each-ref --format=%(refname)%00%(upstream:short)%00%(objectname)%00%(upstream:track)%00%(upstream:remotename)%00%(upstream:remoteref) refs/heads/main refs/remotes/main [23ms]
2025-01-31 21:39:48.966 [info] > git diff --name-status -z --diff-filter=ADMR aa4ca753ed0b13a12888fa81dbc61514dd486617...refs/remotes/origin/main [5ms]
2025-01-31 21:39:48.966 [info] > git config --local branch.main.vscode-merge-base [2ms]
2025-01-31 21:39:48.966 [warning] [Git][config] git config failed: Failed to execute git
2025-01-31 21:39:48.966 [info] > git reflog main --grep-reflog=branch: Created from *. [6ms]
2025-01-31 21:39:48.966 [info] > git symbolic-ref --short refs/remotes/origin/HEAD [16ms]
2025-01-31 21:39:48.966 [info] fatal: ref refs/remotes/origin/HEAD is not a symbolic ref
2025-01-31 21:39:48.966 [warning] [Repository][getDefaultBranch] Failed to get default branch details: Failed to execute git.
2025-01-31 21:39:49.758 [info] > git check-ignore -v -z --stdin [2ms]
2025-01-31 21:39:50.097 [info] > git show --textconv :thai_massage/booking/forms.py [5ms]
2025-01-31 21:39:50.099 [info] > git ls-files --stage -- /workspace/project-4/thai_massage/booking/forms.py [1ms]
2025-01-31 21:39:50.105 [info] > git cat-file -s 62a3f62b7743b1e0a12e45fecd96d1d1442f0045 [1ms]
2025-01-31 21:39:50.328 [info] > git blame --root --incremental aa4ca753ed0b13a12888fa81dbc61514dd486617 -- /workspace/project-4/thai_massage/booking/forms.py [4ms]
2025-01-31 21:39:52.053 [info] > git config --local branch.main.github-pr-owner-number [120ms]
2025-01-31 21:39:52.053 [warning] [Git][config] git config failed: Failed to execute git
2025-01-31 21:41:13.938 [info] > git fetch [318ms]
2025-01-31 21:41:13.948 [info] > git config --get commit.template [5ms]
2025-01-31 21:41:13.950 [info] > git for-each-ref --format=%(refname)%00%(upstream:short)%00%(objectname)%00%(upstream:track)%00%(upstream:remotename)%00%(upstream:remoteref) refs/heads/main refs/remotes/main [2ms]
2025-01-31 21:41:13.961 [info] > git status -z -uall [5ms]
2025-01-31 21:41:13.963 [info] > git for-each-ref --sort -committerdate --format %(refname) %(objectname) %(*objectname) [3ms]
2025-01-31 21:41:14.182 [info] > git show --textconv :thai_massage/booking/models.py [5ms]
2025-01-31 21:41:14.183 [info] > git ls-files --stage -- /workspace/project-4/thai_massage/booking/models.py [1ms]
2025-01-31 21:41:14.189 [info] > git cat-file -s 19eb48acf8d0dae48639231a889becfbe2ae61f7 [2ms]
2025-01-31 21:41:14.411 [info] > git blame --root --incremental aa4ca753ed0b13a12888fa81dbc61514dd486617 -- /workspace/project-4/thai_massage/booking/models.py [5ms]
2025-01-31 21:41:15.279 [info] > git config --get commit.template [5ms]
2025-01-31 21:41:15.280 [info] > git for-each-ref --format=%(refname)%00%(upstream:short)%00%(objectname)%00%(upstream:track)%00%(upstream:remotename)%00%(upstream:remoteref) refs/heads/main refs/remotes/main [2ms]
2025-01-31 21:41:15.290 [info] > git status -z -uall [5ms]
2025-01-31 21:41:15.291 [info] > git for-each-ref --sort -committerdate --format %(refname) %(objectname) %(*objectname) [2ms]
2025-01-31 21:41:15.580 [info] > git ls-files --stage -- /workspace/project-4/thai_massage/booking/models.py [1ms]
2025-01-31 21:41:15.587 [info] > git cat-file -s 19eb48acf8d0dae48639231a889becfbe2ae61f7 [2ms]
2025-01-31 21:41:15.808 [info] > git show --textconv :thai_massage/booking/models.py [2ms]
2025-01-31 21:41:24.998 [info] > git config --get commit.template [6ms]
2025-01-31 21:41:25.000 [info] > git for-each-ref --format=%(refname)%00%(upstream:short)%00%(objectname)%00%(upstream:track)%00%(upstream:remotename)%00%(upstream:remoteref) refs/heads/main refs/remotes/main [2ms]
2025-01-31 21:41:25.009 [info] > git status -z -uall [5ms]
2025-01-31 21:41:25.011 [info] > git for-each-ref --sort -committerdate --format %(refname) %(objectname) %(*objectname) [2ms]
2025-01-31 21:41:39.745 [info] > git config --get commit.template [5ms]
2025-01-31 21:41:39.747 [info] > git for-each-ref --format=%(refname)%00%(upstream:short)%00%(objectname)%00%(upstream:track)%00%(upstream:remotename)%00%(upstream:remoteref) refs/heads/main refs/remotes/main [3ms]
2025-01-31 21:41:39.758 [info] > git status -z -uall [6ms]
2025-01-31 21:41:39.760 [info] > git for-each-ref --sort -committerdate --format %(refname) %(objectname) %(*objectname) [3ms]
2025-01-31 21:41:40.237 [info] > git show --textconv :thai_massage/booking/forms.py [5ms]
2025-01-31 21:41:40.239 [info] > git ls-files --stage -- /workspace/project-4/thai_massage/booking/forms.py [2ms]
2025-01-31 21:41:40.245 [info] > git cat-file -s 62a3f62b7743b1e0a12e45fecd96d1d1442f0045 [2ms]
2025-01-31 21:41:46.294 [info] > git config --get commit.template [5ms]
2025-01-31 21:41:46.296 [info] > git for-each-ref --format=%(refname)%00%(upstream:short)%00%(objectname)%00%(upstream:track)%00%(upstream:remotename)%00%(upstream:remoteref) refs/heads/main refs/remotes/main [3ms]
2025-01-31 21:41:46.305 [info] > git status -z -uall [5ms]
2025-01-31 21:41:46.307 [info] > git for-each-ref --sort -committerdate --format %(refname) %(objectname) %(*objectname) [2ms]
2025-01-31 21:41:52.386 [info] > git show --textconv :thai_massage/booking/views.py [5ms]
2025-01-31 21:41:52.387 [info] > git ls-files --stage -- /workspace/project-4/thai_massage/booking/views.py [2ms]
2025-01-31 21:41:52.393 [info] > git cat-file -s 80ed2ab461134ea0c0dadfa555b427cff921cd3b [1ms]
2025-01-31 21:41:52.704 [info] > git blame --root --incremental aa4ca753ed0b13a12888fa81dbc61514dd486617 -- /workspace/project-4/thai_massage/booking/views.py [5ms]
2025-01-31 21:42:10.034 [info] > git config --get commit.template [5ms]
2025-01-31 21:42:10.036 [info] > git for-each-ref --format=%(refname)%00%(upstream:short)%00%(objectname)%00%(upstream:track)%00%(upstream:remotename)%00%(upstream:remoteref) refs/heads/main refs/remotes/main [3ms]
2025-01-31 21:42:10.045 [info] > git status -z -uall [5ms]
2025-01-31 21:42:10.046 [info] > git for-each-ref --sort -committerdate --format %(refname) %(objectname) %(*objectname) [2ms]
2025-01-31 21:42:15.060 [info] > git config --get commit.template [5ms]
2025-01-31 21:42:15.061 [info] > git for-each-ref --format=%(refname)%00%(upstream:short)%00%(objectname)%00%(upstream:track)%00%(upstream:remotename)%00%(upstream:remoteref) refs/heads/main refs/remotes/main [2ms]
2025-01-31 21:42:15.072 [info] > git status -z -uall [6ms]
2025-01-31 21:42:15.072 [info] > git for-each-ref --sort -committerdate --format %(refname) %(objectname) %(*objectname) [2ms]
2025-01-31 21:42:34.015 [info] > git config --get commit.template [5ms]
2025-01-31 21:42:34.017 [info] > git for-each-ref --format=%(refname)%00%(upstream:short)%00%(objectname)%00%(upstream:track)%00%(upstream:remotename)%00%(upstream:remoteref) refs/heads/main refs/remotes/main [2ms]
2025-01-31 21:42:34.029 [info] > git status -z -uall [6ms]
2025-01-31 21:42:34.031 [info] > git for-each-ref --sort -committerdate --format %(refname) %(objectname) %(*objectname) [2ms]
2025-01-31 21:43:15.746 [info] > git config --get commit.template [5ms]
2025-01-31 21:43:15.747 [info] > git for-each-ref --format=%(refname)%00%(upstream:short)%00%(objectname)%00%(upstream:track)%00%(upstream:remotename)%00%(upstream:remoteref) refs/heads/main refs/remotes/main [2ms]
2025-01-31 21:43:15.757 [info] > git status -z -uall [5ms]
2025-01-31 21:43:15.758 [info] > git for-each-ref --sort -committerdate --format %(refname) %(objectname) %(*objectname) [2ms]
2025-01-31 21:43:22.427 [info] > git config --get commit.template [6ms]
2025-01-31 21:43:22.428 [info] > git for-each-ref --format=%(refname)%00%(upstream:short)%00%(objectname)%00%(upstream:track)%00%(upstream:remotename)%00%(upstream:remoteref) refs/heads/main refs/remotes/main [2ms]
2025-01-31 21:43:22.438 [info] > git status -z -uall [5ms]
2025-01-31 21:43:22.440 [info] > git for-each-ref --sort -committerdate --format %(refname) %(objectname) %(*objectname) [3ms]
2025-01-31 21:44:28.757 [info] > git fetch [310ms]
2025-01-31 21:44:28.768 [info] > git config --get commit.template [6ms]
2025-01-31 21:44:28.770 [info] > git for-each-ref --format=%(refname)%00%(upstream:short)%00%(objectname)%00%(upstream:track)%00%(upstream:remotename)%00%(upstream:remoteref) refs/heads/main refs/remotes/main [3ms]
2025-01-31 21:44:28.780 [info] > git status -z -uall [5ms]
2025-01-31 21:44:28.782 [info] > git for-each-ref --sort -committerdate --format %(refname) %(objectname) %(*objectname) [2ms]
2025-01-31 21:44:30.099 [info] > git config --get commit.template [5ms]
2025-01-31 21:44:30.101 [info] > git for-each-ref --format=%(refname)%00%(upstream:short)%00%(objectname)%00%(upstream:track)%00%(upstream:remotename)%00%(upstream:remoteref) refs/heads/main refs/remotes/main [2ms]
2025-01-31 21:44:30.111 [info] > git status -z -uall [5ms]
2025-01-31 21:44:30.113 [info] > git for-each-ref --sort -committerdate --format %(refname) %(objectname) %(*objectname) [3ms]
2025-01-31 21:44:30.442 [info] > git ls-files --stage -- /workspace/project-4/thai_massage/booking/forms.py [6ms]
2025-01-31 21:44:30.448 [info] > git ls-files --stage -- /workspace/project-4/thai_massage/booking/models.py [16ms]
2025-01-31 21:44:30.454 [info] > git cat-file -s 62a3f62b7743b1e0a12e45fecd96d1d1442f0045 [7ms]
2025-01-31 21:44:30.455 [info] > git ls-files --stage -- /workspace/project-4/thai_massage/booking/views.py [14ms]
2025-01-31 21:44:30.460 [info] > git cat-file -s 19eb48acf8d0dae48639231a889becfbe2ae61f7 [7ms]
2025-01-31 21:44:30.461 [info] > git cat-file -s 80ed2ab461134ea0c0dadfa555b427cff921cd3b [2ms]
2025-01-31 21:44:30.674 [info] > git show --textconv :thai_massage/booking/forms.py [5ms]
2025-01-31 21:44:30.680 [info] > git show --textconv :thai_massage/booking/models.py [6ms]
2025-01-31 21:44:30.681 [info] > git show --textconv :thai_massage/booking/views.py [2ms]
2025-01-31 21:45:26.088 [info] > git check-ignore -v -z --stdin [2ms]
2025-01-31 21:45:30.622 [info] > git check-ignore -v -z --stdin [2ms]
2025-01-31 21:45:32.172 [info] > git show --textconv :thai_massage/booking/migrations/0001_initial.py [4ms]
2025-01-31 21:45:32.173 [info] > git ls-files --stage -- /workspace/project-4/thai_massage/booking/migrations/0001_initial.py [2ms]
2025-01-31 21:45:32.179 [info] > git cat-file -s 5ac35d122a94461ea40db7d47d1a0863b51d77fd [2ms]
2025-01-31 21:45:39.299 [info] > git show --textconv :thai_massage/booking/models.py [5ms]
2025-01-31 21:45:39.301 [info] > git ls-files --stage -- /workspace/project-4/thai_massage/booking/models.py [2ms]
2025-01-31 21:45:39.306 [info] > git cat-file -s 19eb48acf8d0dae48639231a889becfbe2ae61f7 [1ms]
2025-01-31 21:45:40.865 [info] > git config --get commit.template [6ms]
2025-01-31 21:45:40.867 [info] > git for-each-ref --format=%(refname)%00%(upstream:short)%00%(objectname)%00%(upstream:track)%00%(upstream:remotename)%00%(upstream:remoteref) refs/heads/main refs/remotes/main [2ms]
2025-01-31 21:45:40.876 [info] > git status -z -uall [5ms]
2025-01-31 21:45:40.878 [info] > git for-each-ref --sort -committerdate --format %(refname) %(objectname) %(*objectname) [2ms]
2025-01-31 21:45:45.905 [info] > git config --get commit.template [5ms]
2025-01-31 21:45:45.907 [info] > git for-each-ref --format=%(refname)%00%(upstream:short)%00%(objectname)%00%(upstream:track)%00%(upstream:remotename)%00%(upstream:remoteref) refs/heads/main refs/remotes/main [2ms]
2025-01-31 21:45:45.918 [info] > git status -z -uall [6ms]
2025-01-31 21:45:45.920 [info] > git for-each-ref --sort -committerdate --format %(refname) %(objectname) %(*objectname) [2ms]
2025-01-31 21:45:47.603 [info] > git check-ignore -v -z --stdin [2ms]
2025-01-31 21:45:53.559 [info] > git config --get commit.template [6ms]
2025-01-31 21:45:53.561 [info] > git for-each-ref --format=%(refname)%00%(upstream:short)%00%(objectname)%00%(upstream:track)%00%(upstream:remotename)%00%(upstream:remoteref) refs/heads/main refs/remotes/main [2ms]
2025-01-31 21:45:53.570 [info] > git status -z -uall [5ms]
2025-01-31 21:45:53.573 [info] > git for-each-ref --sort -committerdate --format %(refname) %(objectname) %(*objectname) [2ms]
2025-01-31 21:47:27.078 [info] > git config --get commit.template [6ms]
2025-01-31 21:47:27.080 [info] > git for-each-ref --format=%(refname)%00%(upstream:short)%00%(objectname)%00%(upstream:track)%00%(upstream:remotename)%00%(upstream:remoteref) refs/heads/main refs/remotes/main [2ms]
2025-01-31 21:47:27.092 [info] > git status -z -uall [7ms]
2025-01-31 21:47:27.094 [info] > git for-each-ref --sort -committerdate --format %(refname) %(objectname) %(*objectname) [2ms]
2025-01-31 21:47:29.111 [info] > git fetch [321ms]
2025-01-31 21:47:29.124 [info] > git config --get commit.template [7ms]
2025-01-31 21:47:29.126 [info] > git for-each-ref --format=%(refname)%00%(upstream:short)%00%(objectname)%00%(upstream:track)%00%(upstream:remotename)%00%(upstream:remoteref) refs/heads/main refs/remotes/main [2ms]
2025-01-31 21:47:29.139 [info] > git status -z -uall [8ms]
2025-01-31 21:47:29.141 [info] > git for-each-ref --sort -committerdate --format %(refname) %(objectname) %(*objectname) [2ms]
2025-01-31 21:47:30.760 [info] > git ls-files --stage -- /workspace/project-4/thai_massage/booking/migrations/0001_initial.py [6ms]
2025-01-31 21:47:30.765 [info] > git ls-files --stage -- /workspace/project-4/thai_massage/booking/models.py [6ms]
2025-01-31 21:47:30.771 [info] > git cat-file -s 5ac35d122a94461ea40db7d47d1a0863b51d77fd [6ms]
2025-01-31 21:47:30.772 [info] > git cat-file -s 19eb48acf8d0dae48639231a889becfbe2ae61f7 [2ms]
2025-01-31 21:47:30.989 [info] > git show --textconv :thai_massage/booking/migrations/0001_initial.py [7ms]
2025-01-31 21:47:30.991 [info] > git show --textconv :thai_massage/booking/models.py [2ms]
2025-01-31 21:47:32.108 [info] > git config --get commit.template [6ms]
2025-01-31 21:47:32.110 [info] > git for-each-ref --format=%(refname)%00%(upstream:short)%00%(objectname)%00%(upstream:track)%00%(upstream:remotename)%00%(upstream:remoteref) refs/heads/main refs/remotes/main [2ms]
2025-01-31 21:47:32.121 [info] > git status -z -uall [6ms]
2025-01-31 21:47:32.123 [info] > git for-each-ref --sort -committerdate --format %(refname) %(objectname) %(*objectname) [3ms]
2025-01-31 21:47:37.136 [info] > git config --get commit.template [6ms]
2025-01-31 21:47:37.138 [info] > git for-each-ref --format=%(refname)%00%(upstream:short)%00%(objectname)%00%(upstream:track)%00%(upstream:remotename)%00%(upstream:remoteref) refs/heads/main refs/remotes/main [2ms]
2025-01-31 21:47:37.150 [info] > git status -z -uall [7ms]
2025-01-31 21:47:37.151 [info] > git for-each-ref --sort -committerdate --format %(refname) %(objectname) %(*objectname) [3ms]
2025-01-31 21:47:42.165 [info] > git config --get commit.template [5ms]
2025-01-31 21:47:42.167 [info] > git for-each-ref --format=%(refname)%00%(upstream:short)%00%(objectname)%00%(upstream:track)%00%(upstream:remotename)%00%(upstream:remoteref) refs/heads/main refs/remotes/main [3ms]
2025-01-31 21:47:42.178 [info] > git status -z -uall [5ms]
2025-01-31 21:47:42.180 [info] > git for-each-ref --sort -committerdate --format %(refname) %(objectname) %(*objectname) [2ms]
2025-01-31 21:47:59.011 [info] > git config --get commit.template [6ms]
2025-01-31 21:47:59.012 [info] > git for-each-ref --format=%(refname)%00%(upstream:short)%00%(objectname)%00%(upstream:track)%00%(upstream:remotename)%00%(upstream:remoteref) refs/heads/main refs/remotes/main [2ms]
2025-01-31 21:47:59.024 [info] > git status -z -uall [6ms]
2025-01-31 21:47:59.025 [info] > git for-each-ref --sort -committerdate --format %(refname) %(objectname) %(*objectname) [2ms]
2025-01-31 21:50:28.040 [info] > git config --get commit.template [7ms]
2025-01-31 21:50:28.042 [info] > git for-each-ref --format=%(refname)%00%(upstream:short)%00%(objectname)%00%(upstream:track)%00%(upstream:remotename)%00%(upstream:remoteref) refs/heads/main refs/remotes/main [2ms]
2025-01-31 21:50:28.056 [info] > git status -z -uall [7ms]
2025-01-31 21:50:28.057 [info] > git for-each-ref --sort -committerdate --format %(refname) %(objectname) %(*objectname) [2ms]
2025-01-31 21:50:50.003 [info] > git config --get commit.template [7ms]
2025-01-31 21:50:50.004 [info] > git for-each-ref --format=%(refname)%00%(upstream:short)%00%(objectname)%00%(upstream:track)%00%(upstream:remotename)%00%(upstream:remoteref) refs/heads/main refs/remotes/main [2ms]
2025-01-31 21:50:50.017 [info] > git status -z -uall [6ms]
2025-01-31 21:50:50.019 [info] > git for-each-ref --sort -committerdate --format %(refname) %(objectname) %(*objectname) [2ms]
2025-01-31 21:50:50.296 [info] > git fetch [306ms]
2025-01-31 21:50:50.310 [info] > git config --get commit.template [7ms]
2025-01-31 21:50:50.311 [info] > git for-each-ref --format=%(refname)%00%(upstream:short)%00%(objectname)%00%(upstream:track)%00%(upstream:remotename)%00%(upstream:remoteref) refs/heads/main refs/remotes/main [2ms]
2025-01-31 21:50:50.324 [info] > git status -z -uall [6ms]
2025-01-31 21:50:50.325 [info] > git for-each-ref --sort -committerdate --format %(refname) %(objectname) %(*objectname) [2ms]
2025-01-31 21:50:51.946 [info] > git ls-files --stage -- /workspace/project-4/thai_massage/booking/models.py [2ms]
2025-01-31 21:50:51.953 [info] > git cat-file -s 19eb48acf8d0dae48639231a889becfbe2ae61f7 [2ms]
2025-01-31 21:50:52.167 [info] > git show --textconv :thai_massage/booking/models.py [3ms]
2025-01-31 21:50:55.032 [info] > git config --get commit.template [6ms]
2025-01-31 21:50:55.034 [info] > git for-each-ref --format=%(refname)%00%(upstream:short)%00%(objectname)%00%(upstream:track)%00%(upstream:remotename)%00%(upstream:remoteref) refs/heads/main refs/remotes/main [2ms]
2025-01-31 21:50:55.045 [info] > git status -z -uall [6ms]
2025-01-31 21:50:55.047 [info] > git for-each-ref --sort -committerdate --format %(refname) %(objectname) %(*objectname) [2ms]
2025-01-31 21:51:00.433 [info] > git config --get commit.template [7ms]
2025-01-31 21:51:00.434 [info] > git for-each-ref --format=%(refname)%00%(upstream:short)%00%(objectname)%00%(upstream:track)%00%(upstream:remotename)%00%(upstream:remoteref) refs/heads/main refs/remotes/main [2ms]
2025-01-31 21:51:00.446 [info] > git status -z -uall [7ms]
2025-01-31 21:51:00.446 [info] > git for-each-ref --sort -committerdate --format %(refname) %(objectname) %(*objectname) [2ms]
2025-01-31 21:51:27.455 [info] > git config --get commit.template [6ms]
2025-01-31 21:51:27.456 [info] > git for-each-ref --format=%(refname)%00%(upstream:short)%00%(objectname)%00%(upstream:track)%00%(upstream:remotename)%00%(upstream:remoteref) refs/heads/main refs/remotes/main [2ms]
2025-01-31 21:51:27.468 [info] > git status -z -uall [5ms]
2025-01-31 21:51:27.470 [info] > git for-each-ref --sort -committerdate --format %(refname) %(objectname) %(*objectname) [2ms]
2025-01-31 21:51:47.776 [info] > git config --get commit.template [6ms]
2025-01-31 21:51:47.777 [info] > git for-each-ref --format=%(refname)%00%(upstream:short)%00%(objectname)%00%(upstream:track)%00%(upstream:remotename)%00%(upstream:remoteref) refs/heads/main refs/remotes/main [2ms]
2025-01-31 21:51:47.788 [info] > git status -z -uall [6ms]
2025-01-31 21:51:47.790 [info] > git for-each-ref --sort -committerdate --format %(refname) %(objectname) %(*objectname) [2ms]
2025-01-31 21:51:48.523 [info] > git show --textconv HEAD:thai_massage/booking/models.py [6ms]
2025-01-31 21:51:48.524 [info] > git ls-tree -l HEAD -- /workspace/project-4/thai_massage/booking/models.py [2ms]
2025-01-31 21:51:48.820 [info] > git config --get commit.template [6ms]
2025-01-31 21:51:48.822 [info] > git for-each-ref --format=%(refname)%00%(upstream:short)%00%(objectname)%00%(upstream:track)%00%(upstream:remotename)%00%(upstream:remoteref) refs/heads/main refs/remotes/main [2ms]
2025-01-31 21:51:48.833 [info] > git status -z -uall [6ms]
2025-01-31 21:51:48.835 [info] > git for-each-ref --sort -committerdate --format %(refname) %(objectname) %(*objectname) [2ms]
2025-01-31 21:51:49.126 [info] > git ls-files --stage -- /workspace/project-4/thai_massage/booking/models.py [5ms]
2025-01-31 21:51:49.131 [info] > git ls-tree -l HEAD -- /workspace/project-4/thai_massage/booking/models.py [6ms]
2025-01-31 21:51:49.133 [info] > git cat-file -s 349272413c9f4da0ad4fe2929859aea4fd3ae15a [3ms]
2025-01-31 21:51:49.350 [info] > git show --textconv HEAD:thai_massage/booking/models.py [7ms]
2025-01-31 21:51:49.351 [info] > git show --textconv :thai_massage/booking/models.py [2ms]
2025-01-31 21:52:17.719 [info] > git config --get commit.template [6ms]
2025-01-31 21:52:17.721 [info] > git for-each-ref --format=%(refname)%00%(upstream:short)%00%(objectname)%00%(upstream:track)%00%(upstream:remotename)%00%(upstream:remoteref) refs/heads/main refs/remotes/main [2ms]
2025-01-31 21:52:17.734 [info] > git status -z -uall [5ms]
2025-01-31 21:52:17.736 [info] > git for-each-ref --sort -committerdate --format %(refname) %(objectname) %(*objectname) [3ms]
2025-01-31 21:52:17.864 [info] > git merge-base refs/heads/main refs/remotes/origin/main [114ms]
2025-01-31 21:52:17.871 [info] > git blame --root --incremental 4b5d54151cfb150643a10d130e82e0adfad8482d -- /workspace/project-4/thai_massage/booking/models.py [128ms]
2025-01-31 21:52:17.873 [info] > git diff --name-status -z --diff-filter=ADMR aa4ca753ed0b13a12888fa81dbc61514dd486617...refs/remotes/origin/main [2ms]
2025-01-31 21:52:18.101 [info] > git config --local branch.main.github-pr-owner-number [2ms]
2025-01-31 21:52:18.101 [warning] [Git][config] git config failed: Failed to execute git
2025-01-31 21:52:18.886 [info] > git config --get commit.template [6ms]
2025-01-31 21:52:18.887 [info] > git for-each-ref --format=%(refname)%00%(upstream:short)%00%(objectname)%00%(upstream:track)%00%(upstream:remotename)%00%(upstream:remoteref) refs/heads/main refs/remotes/main [2ms]
2025-01-31 21:52:18.898 [info] > git status -z -uall [6ms]
2025-01-31 21:52:18.900 [info] > git for-each-ref --sort -committerdate --format %(refname) %(objectname) %(*objectname) [2ms]
2025-01-31 21:52:19.193 [info] > git ls-files --stage -- /workspace/project-4/thai_massage/booking/models.py [6ms]
2025-01-31 21:52:19.199 [info] > git ls-tree -l HEAD -- /workspace/project-4/thai_massage/booking/models.py [7ms]
2025-01-31 21:52:19.201 [info] > git cat-file -s 349272413c9f4da0ad4fe2929859aea4fd3ae15a [2ms]
2025-01-31 21:52:19.418 [info] > git show --textconv HEAD:thai_massage/booking/models.py [7ms]
2025-01-31 21:52:19.419 [info] > git show --textconv :thai_massage/booking/models.py [2ms]
2025-01-31 21:52:22.545 [info] > git config --get commit.template [5ms]
2025-01-31 21:52:22.547 [info] > git for-each-ref --format=%(refname)%00%(upstream:short)%00%(objectname)%00%(upstream:track)%00%(upstream:remotename)%00%(upstream:remoteref) refs/heads/main refs/remotes/main [2ms]
2025-01-31 21:52:22.559 [info] > git status -z -uall [7ms]
2025-01-31 21:52:22.560 [info] > git for-each-ref --sort -committerdate --format %(refname) %(objectname) %(*objectname) [2ms]
2025-01-31 21:52:22.570 [info] > git merge-base refs/heads/main refs/remotes/origin/main [2ms]
2025-01-31 21:52:22.578 [info] > git diff --name-status -z --diff-filter=ADMR 4b5d54151cfb150643a10d130e82e0adfad8482d...refs/remotes/origin/main [2ms]
2025-01-31 21:52:22.782 [info] > git config --local branch.main.github-pr-owner-number [1ms]
2025-01-31 21:52:22.782 [warning] [Git][config] git config failed: Failed to execute git
2025-01-31 21:52:23.916 [info] > git config --get commit.template [7ms]
2025-01-31 21:52:23.917 [info] > git for-each-ref --format=%(refname)%00%(upstream:short)%00%(objectname)%00%(upstream:track)%00%(upstream:remotename)%00%(upstream:remoteref) refs/heads/main refs/remotes/main [2ms]
2025-01-31 21:52:23.928 [info] > git status -z -uall [6ms]
2025-01-31 21:52:23.930 [info] > git for-each-ref --sort -committerdate --format %(refname) %(objectname) %(*objectname) [2ms]
2025-01-31 21:52:23.998 [info] > git ls-files --stage -- /workspace/project-4/thai_massage/booking/models.py [7ms]
2025-01-31 21:52:24.004 [info] > git ls-tree -l HEAD -- /workspace/project-4/thai_massage/booking/models.py [7ms]
2025-01-31 21:52:24.005 [info] > git cat-file -s 349272413c9f4da0ad4fe2929859aea4fd3ae15a [2ms]
2025-01-31 21:52:24.224 [info] > git show --textconv HEAD:thai_massage/booking/models.py [6ms]
2025-01-31 21:52:24.225 [info] > git show --textconv :thai_massage/booking/models.py [2ms]
2025-01-31 21:53:33.217 [info] > git show --textconv :thai_massage/booking/forms.py [6ms]
2025-01-31 21:53:33.218 [info] > git ls-files --stage -- /workspace/project-4/thai_massage/booking/forms.py [2ms]
2025-01-31 21:53:33.225 [info] > git cat-file -s e79372be8231d07eadc97ee6b44774a905d3a091 [2ms]
2025-01-31 21:53:33.443 [info] > git blame --root --incremental 4b5d54151cfb150643a10d130e82e0adfad8482d -- /workspace/project-4/thai_massage/booking/forms.py [4ms]
2025-01-31 21:53:50.638 [info] > git fetch [304ms]
2025-01-31 21:53:50.652 [info] > git config --get commit.template [7ms]
2025-01-31 21:53:50.654 [info] > git for-each-ref --format=%(refname)%00%(upstream:short)%00%(objectname)%00%(upstream:track)%00%(upstream:remotename)%00%(upstream:remoteref) refs/heads/main refs/remotes/main [2ms]
2025-01-31 21:53:50.667 [info] > git status -z -uall [7ms]
2025-01-31 21:53:50.669 [info] > git for-each-ref --sort -committerdate --format %(refname) %(objectname) %(*objectname) [2ms]
2025-01-31 21:53:52.261 [info] > git config --get commit.template [6ms]
2025-01-31 21:53:52.263 [info] > git for-each-ref --format=%(refname)%00%(upstream:short)%00%(objectname)%00%(upstream:track)%00%(upstream:remotename)%00%(upstream:remoteref) refs/heads/main refs/remotes/main [3ms]
2025-01-31 21:53:52.273 [info] > git status -z -uall [6ms]
2025-01-31 21:53:52.275 [info] > git for-each-ref --sort -committerdate --format %(refname) %(objectname) %(*objectname) [2ms]
2025-01-31 21:53:52.473 [info] > git ls-tree -l HEAD -- /workspace/project-4/thai_massage/booking/models.py [7ms]
2025-01-31 21:53:52.474 [info] > git ls-files --stage -- /workspace/project-4/thai_massage/booking/forms.py [2ms]
2025-01-31 21:53:52.481 [info] > git cat-file -s e79372be8231d07eadc97ee6b44774a905d3a091 [1ms]
2025-01-31 21:53:52.698 [info] > git show --textconv HEAD:thai_massage/booking/models.py [6ms]
2025-01-31 21:53:52.700 [info] > git show --textconv :thai_massage/booking/forms.py [2ms]
2025-01-31 21:54:04.293 [info] > git show --textconv :thai_massage/booking/static/booking/css/custom_style.css [7ms]
2025-01-31 21:54:04.294 [info] > git ls-files --stage -- /workspace/project-4/thai_massage/booking/static/booking/css/custom_style.css [2ms]
2025-01-31 21:54:04.301 [info] > git cat-file -s a636d4852b2413df135882bff40f954cd1855535 [2ms]
2025-01-31 21:54:04.522 [info] > git blame --root --incremental 4b5d54151cfb150643a10d130e82e0adfad8482d -- /workspace/project-4/thai_massage/booking/static/booking/css/custom_style.css [4ms]
2025-01-31 21:54:05.305 [info] > git show --textconv :thai_massage/booking/static/booking/css/styles.css [6ms]
2025-01-31 21:54:05.306 [info] > git ls-files --stage -- /workspace/project-4/thai_massage/booking/static/booking/css/styles.css [2ms]
2025-01-31 21:54:05.312 [info] > git cat-file -s 65d8bc43ee359280abaf4743144395abaad0ec51 [1ms]
2025-01-31 21:54:05.733 [info] > git blame --root --incremental 4b5d54151cfb150643a10d130e82e0adfad8482d -- /workspace/project-4/thai_massage/booking/static/booking/css/styles.css [5ms]
2025-01-31 21:54:38.235 [info] > git show --textconv :thai_massage/booking/templates/booking.html [6ms]
2025-01-31 21:54:38.237 [info] > git ls-files --stage -- /workspace/project-4/thai_massage/booking/templates/booking.html [2ms]
2025-01-31 21:54:38.244 [info] > git cat-file -s 62ce9597d3cab0f13c33d63367796e04d6bd5c70 [2ms]
2025-01-31 21:54:38.465 [info] > git blame --root --incremental 4b5d54151cfb150643a10d130e82e0adfad8482d -- /workspace/project-4/thai_massage/booking/templates/booking.html [5ms]
2025-01-31 21:55:16.976 [info] > git show --textconv :thai_massage/booking/models.py [5ms]
2025-01-31 21:55:16.977 [info] > git ls-files --stage -- /workspace/project-4/thai_massage/booking/models.py [2ms]
2025-01-31 21:55:16.985 [info] > git cat-file -s 349272413c9f4da0ad4fe2929859aea4fd3ae15a [3ms]
2025-01-31 21:55:28.938 [info] > git show --textconv :thai_massage/booking/views.py [5ms]
2025-01-31 21:55:28.939 [info] > git ls-files --stage -- /workspace/project-4/thai_massage/booking/views.py [2ms]
2025-01-31 21:55:28.946 [info] > git cat-file -s d724e3aaf5303604a5556a291b6c02b3542a3968 [2ms]
2025-01-31 21:55:29.166 [info] > git blame --root --incremental 4b5d54151cfb150643a10d130e82e0adfad8482d -- /workspace/project-4/thai_massage/booking/views.py [6ms]
2025-01-31 21:58:23.304 [info] > git fetch [311ms]
2025-01-31 21:58:23.316 [info] > git config --get commit.template [5ms]
2025-01-31 21:58:23.318 [info] > git for-each-ref --format=%(refname)%00%(upstream:short)%00%(objectname)%00%(upstream:track)%00%(upstream:remotename)%00%(upstream:remoteref) refs/heads/main refs/remotes/main [2ms]
2025-01-31 21:58:23.330 [info] > git status -z -uall [6ms]
2025-01-31 21:58:23.332 [info] > git for-each-ref --sort -committerdate --format %(refname) %(objectname) %(*objectname) [2ms]
2025-01-31 21:58:43.623 [info] > git config --get commit.template [6ms]
2025-01-31 21:58:43.625 [info] > git for-each-ref --format=%(refname)%00%(upstream:short)%00%(objectname)%00%(upstream:track)%00%(upstream:remotename)%00%(upstream:remoteref) refs/heads/main refs/remotes/main [2ms]
2025-01-31 21:58:43.636 [info] > git status -z -uall [6ms]
2025-01-31 21:58:43.638 [info] > git for-each-ref --sort -committerdate --format %(refname) %(objectname) %(*objectname) [3ms]
2025-01-31 21:58:43.835 [info] > git ls-files --stage -- /workspace/project-4/thai_massage/booking/views.py [2ms]
2025-01-31 21:58:43.842 [info] > git cat-file -s d724e3aaf5303604a5556a291b6c02b3542a3968 [1ms]
2025-01-31 21:58:44.066 [info] > git show --textconv :thai_massage/booking/views.py [2ms]
2025-01-31 21:58:46.171 [info] > git show --textconv :thai_massage/booking/forms.py [5ms]
2025-01-31 21:58:46.173 [info] > git ls-files --stage -- /workspace/project-4/thai_massage/booking/forms.py [2ms]
2025-01-31 21:58:46.180 [info] > git cat-file -s e79372be8231d07eadc97ee6b44774a905d3a091 [1ms]
2025-01-31 21:59:03.155 [info] > git config --get commit.template [6ms]
2025-01-31 21:59:03.157 [info] > git for-each-ref --format=%(refname)%00%(upstream:short)%00%(objectname)%00%(upstream:track)%00%(upstream:remotename)%00%(upstream:remoteref) refs/heads/main refs/remotes/main [2ms]
2025-01-31 21:59:03.169 [info] > git status -z -uall [7ms]
2025-01-31 21:59:03.170 [info] > git for-each-ref --sort -committerdate --format %(refname) %(objectname) %(*objectname) [3ms]
2025-01-31 21:59:08.188 [info] > git config --get commit.template [7ms]
2025-01-31 21:59:08.189 [info] > git for-each-ref --format=%(refname)%00%(upstream:short)%00%(objectname)%00%(upstream:track)%00%(upstream:remotename)%00%(upstream:remoteref) refs/heads/main refs/remotes/main [2ms]
2025-01-31 21:59:08.200 [info] > git status -z -uall [5ms]
2025-01-31 21:59:08.202 [info] > git for-each-ref --sort -committerdate --format %(refname) %(objectname) %(*objectname) [2ms]
2025-01-31 21:59:13.783 [info] > git config --get commit.template [6ms]
2025-01-31 21:59:13.784 [info] > git for-each-ref --format=%(refname)%00%(upstream:short)%00%(objectname)%00%(upstream:track)%00%(upstream:remotename)%00%(upstream:remoteref) refs/heads/main refs/remotes/main [2ms]
2025-01-31 21:59:13.796 [info] > git status -z -uall [6ms]
2025-01-31 21:59:13.798 [info] > git for-each-ref --sort -committerdate --format %(refname) %(objectname) %(*objectname) [3ms]
2025-01-31 21:59:18.810 [info] > git config --get commit.template [5ms]
2025-01-31 21:59:18.812 [info] > git for-each-ref --format=%(refname)%00%(upstream:short)%00%(objectname)%00%(upstream:track)%00%(upstream:remotename)%00%(upstream:remoteref) refs/heads/main refs/remotes/main [2ms]
2025-01-31 21:59:18.824 [info] > git status -z -uall [7ms]
2025-01-31 21:59:18.827 [info] > git for-each-ref --sort -committerdate --format %(refname) %(objectname) %(*objectname) [3ms]
2025-01-31 21:59:23.842 [info] > git config --get commit.template [7ms]
2025-01-31 21:59:23.844 [info] > git for-each-ref --format=%(refname)%00%(upstream:short)%00%(objectname)%00%(upstream:track)%00%(upstream:remotename)%00%(upstream:remoteref) refs/heads/main refs/remotes/main [3ms]
2025-01-31 21:59:23.854 [info] > git status -z -uall [5ms]
2025-01-31 21:59:23.856 [info] > git for-each-ref --sort -committerdate --format %(refname) %(objectname) %(*objectname) [2ms]
2025-01-31 21:59:28.871 [info] > git config --get commit.template [7ms]
2025-01-31 21:59:28.872 [info] > git for-each-ref --format=%(refname)%00%(upstream:short)%00%(objectname)%00%(upstream:track)%00%(upstream:remotename)%00%(upstream:remoteref) refs/heads/main refs/remotes/main [2ms]
2025-01-31 21:59:28.884 [info] > git status -z -uall [6ms]
2025-01-31 21:59:28.885 [info] > git for-each-ref --sort -committerdate --format %(refname) %(objectname) %(*objectname) [2ms]
2025-01-31 21:59:33.898 [info] > git config --get commit.template [6ms]
2025-01-31 21:59:33.900 [info] > git for-each-ref --format=%(refname)%00%(upstream:short)%00%(objectname)%00%(upstream:track)%00%(upstream:remotename)%00%(upstream:remoteref) refs/heads/main refs/remotes/main [2ms]
2025-01-31 21:59:33.912 [info] > git status -z -uall [7ms]
2025-01-31 21:59:33.913 [info] > git for-each-ref --sort -committerdate --format %(refname) %(objectname) %(*objectname) [2ms]
2025-01-31 21:59:38.927 [info] > git config --get commit.template [6ms]
2025-01-31 21:59:38.929 [info] > git for-each-ref --format=%(refname)%00%(upstream:short)%00%(objectname)%00%(upstream:track)%00%(upstream:remotename)%00%(upstream:remoteref) refs/heads/main refs/remotes/main [2ms]
2025-01-31 21:59:38.940 [info] > git status -z -uall [5ms]
2025-01-31 21:59:38.942 [info] > git for-each-ref --sort -committerdate --format %(refname) %(objectname) %(*objectname) [2ms]
2025-01-31 22:00:03.662 [info] > git config --get commit.template [5ms]
2025-01-31 22:00:03.664 [info] > git for-each-ref --format=%(refname)%00%(upstream:short)%00%(objectname)%00%(upstream:track)%00%(upstream:remotename)%00%(upstream:remoteref) refs/heads/main refs/remotes/main [2ms]
2025-01-31 22:00:03.676 [info] > git status -z -uall [6ms]
2025-01-31 22:00:03.678 [info] > git for-each-ref --sort -committerdate --format %(refname) %(objectname) %(*objectname) [2ms]
2025-01-31 22:00:14.212 [info] > git config --get commit.template [8ms]
2025-01-31 22:00:14.214 [info] > git for-each-ref --format=%(refname)%00%(upstream:short)%00%(objectname)%00%(upstream:track)%00%(upstream:remotename)%00%(upstream:remoteref) refs/heads/main refs/remotes/main [3ms]
2025-01-31 22:00:14.227 [info] > git status -z -uall [7ms]
2025-01-31 22:00:14.229 [info] > git for-each-ref --sort -committerdate --format %(refname) %(objectname) %(*objectname) [2ms]
2025-01-31 22:01:45.121 [info] > git fetch [314ms]
2025-01-31 22:01:45.135 [info] > git config --get commit.template [7ms]
2025-01-31 22:01:45.137 [info] > git for-each-ref --format=%(refname)%00%(upstream:short)%00%(objectname)%00%(upstream:track)%00%(upstream:remotename)%00%(upstream:remoteref) refs/heads/main refs/remotes/main [2ms]
2025-01-31 22:01:45.150 [info] > git status -z -uall [6ms]
2025-01-31 22:01:45.152 [info] > git for-each-ref --sort -committerdate --format %(refname) %(objectname) %(*objectname) [3ms]
2025-01-31 22:01:46.469 [info] > git config --get commit.template [7ms]
2025-01-31 22:01:46.470 [info] > git for-each-ref --format=%(refname)%00%(upstream:short)%00%(objectname)%00%(upstream:track)%00%(upstream:remotename)%00%(upstream:remoteref) refs/heads/main refs/remotes/main [2ms]
2025-01-31 22:01:46.483 [info] > git status -z -uall [6ms]
2025-01-31 22:01:46.485 [info] > git for-each-ref --sort -committerdate --format %(refname) %(objectname) %(*objectname) [2ms]
2025-01-31 22:01:46.802 [info] > git ls-files --stage -- /workspace/project-4/thai_massage/booking/forms.py [2ms]
2025-01-31 22:01:46.808 [info] > git cat-file -s e79372be8231d07eadc97ee6b44774a905d3a091 [1ms]
2025-01-31 22:01:47.023 [info] > git show --textconv :thai_massage/booking/forms.py [2ms]
2025-01-31 22:02:12.679 [info] > git config --get commit.template [5ms]
2025-01-31 22:02:12.681 [info] > git for-each-ref --format=%(refname)%00%(upstream:short)%00%(objectname)%00%(upstream:track)%00%(upstream:remotename)%00%(upstream:remoteref) refs/heads/main refs/remotes/main [2ms]
2025-01-31 22:02:12.692 [info] > git status -z -uall [6ms]
2025-01-31 22:02:12.694 [info] > git for-each-ref --sort -committerdate --format %(refname) %(objectname) %(*objectname) [3ms]
2025-01-31 22:02:13.418 [info] > git show --textconv HEAD:thai_massage/booking/forms.py [6ms]
2025-01-31 22:02:13.419 [info] > git ls-tree -l HEAD -- /workspace/project-4/thai_massage/booking/forms.py [2ms]
2025-01-31 22:02:13.730 [info] > git config --get commit.template [6ms]
2025-01-31 22:02:13.731 [info] > git for-each-ref --format=%(refname)%00%(upstream:short)%00%(objectname)%00%(upstream:track)%00%(upstream:remotename)%00%(upstream:remoteref) refs/heads/main refs/remotes/main [2ms]
2025-01-31 22:02:13.742 [info] > git status -z -uall [5ms]
2025-01-31 22:02:13.744 [info] > git for-each-ref --sort -committerdate --format %(refname) %(objectname) %(*objectname) [2ms]
2025-01-31 22:02:14.039 [info] > git ls-files --stage -- /workspace/project-4/thai_massage/booking/forms.py [6ms]
2025-01-31 22:02:14.044 [info] > git ls-tree -l HEAD -- /workspace/project-4/thai_massage/booking/forms.py [6ms]
2025-01-31 22:02:14.046 [info] > git cat-file -s 2ec9c2e2b642dcee2f68ae335919fe2ba0aec55d [2ms]
2025-01-31 22:02:14.262 [info] > git show --textconv HEAD:thai_massage/booking/forms.py [6ms]
2025-01-31 22:02:14.264 [info] > git show --textconv :thai_massage/booking/forms.py [3ms]
2025-01-31 22:02:32.823 [info] > git config --get commit.template [5ms]
2025-01-31 22:02:32.826 [info] > git for-each-ref --format=%(refname)%00%(upstream:short)%00%(objectname)%00%(upstream:track)%00%(upstream:remotename)%00%(upstream:remoteref) refs/heads/main refs/remotes/main [3ms]
2025-01-31 22:02:32.836 [info] > git status -z -uall [5ms]
2025-01-31 22:02:32.838 [info] > git for-each-ref --sort -committerdate --format %(refname) %(objectname) %(*objectname) [2ms]
2025-01-31 22:02:32.956 [info] > git merge-base refs/heads/main refs/remotes/origin/main [106ms]
2025-01-31 22:02:32.963 [info] > git blame --root --incremental c564e9aa3690eae582f0796bce82783040d9707d -- /workspace/project-4/thai_massage/booking/forms.py [117ms]
2025-01-31 22:02:32.965 [info] > git diff --name-status -z --diff-filter=ADMR 4b5d54151cfb150643a10d130e82e0adfad8482d...refs/remotes/origin/main [3ms]
2025-01-31 22:02:33.185 [info] > git config --local branch.main.github-pr-owner-number [2ms]
2025-01-31 22:02:33.185 [warning] [Git][config] git config failed: Failed to execute git
2025-01-31 22:02:33.982 [info] > git config --get commit.template [9ms]
2025-01-31 22:02:33.984 [info] > git for-each-ref --format=%(refname)%00%(upstream:short)%00%(objectname)%00%(upstream:track)%00%(upstream:remotename)%00%(upstream:remoteref) refs/heads/main refs/remotes/main [3ms]
2025-01-31 22:02:33.997 [info] > git status -z -uall [6ms]
2025-01-31 22:02:34.000 [info] > git for-each-ref --sort -committerdate --format %(refname) %(objectname) %(*objectname) [3ms]
2025-01-31 22:02:34.285 [info] > git ls-files --stage -- /workspace/project-4/thai_massage/booking/forms.py [5ms]
2025-01-31 22:02:34.291 [info] > git ls-tree -l HEAD -- /workspace/project-4/thai_massage/booking/forms.py [6ms]
2025-01-31 22:02:34.292 [info] > git cat-file -s 2ec9c2e2b642dcee2f68ae335919fe2ba0aec55d [2ms]
2025-01-31 22:02:34.511 [info] > git show --textconv HEAD:thai_massage/booking/forms.py [5ms]
2025-01-31 22:02:34.513 [info] > git show --textconv :thai_massage/booking/forms.py [3ms]
2025-01-31 22:02:37.397 [info] > git config --get commit.template [6ms]
2025-01-31 22:02:37.398 [info] > git for-each-ref --format=%(refname)%00%(upstream:short)%00%(objectname)%00%(upstream:track)%00%(upstream:remotename)%00%(upstream:remoteref) refs/heads/main refs/remotes/main [2ms]
2025-01-31 22:02:37.409 [info] > git status -z -uall [6ms]
2025-01-31 22:02:37.410 [info] > git for-each-ref --sort -committerdate --format %(refname) %(objectname) %(*objectname) [2ms]
2025-01-31 22:02:37.419 [info] > git merge-base refs/heads/main refs/remotes/origin/main [2ms]
2025-01-31 22:02:37.426 [info] > git diff --name-status -z --diff-filter=ADMR c564e9aa3690eae582f0796bce82783040d9707d...refs/remotes/origin/main [2ms]
2025-01-31 22:02:37.631 [info] > git config --local branch.main.github-pr-owner-number [2ms]
2025-01-31 22:02:37.631 [warning] [Git][config] git config failed: Failed to execute git
2025-01-31 22:02:38.847 [info] > git ls-files --stage -- /workspace/project-4/thai_massage/booking/forms.py [6ms]
2025-01-31 22:02:38.853 [info] > git ls-tree -l HEAD -- /workspace/project-4/thai_massage/booking/forms.py [6ms]
2025-01-31 22:02:38.854 [info] > git cat-file -s 2ec9c2e2b642dcee2f68ae335919fe2ba0aec55d [2ms]
2025-01-31 22:02:39.016 [info] > git config --get commit.template [7ms]
2025-01-31 22:02:39.018 [info] > git for-each-ref --format=%(refname)%00%(upstream:short)%00%(objectname)%00%(upstream:track)%00%(upstream:remotename)%00%(upstream:remoteref) refs/heads/main refs/remotes/main [2ms]
2025-01-31 22:02:39.030 [info] > git status -z -uall [6ms]
2025-01-31 22:02:39.032 [info] > git for-each-ref --sort -committerdate --format %(refname) %(objectname) %(*objectname) [3ms]
2025-01-31 22:02:39.071 [info] > git show --textconv HEAD:thai_massage/booking/forms.py [7ms]
2025-01-31 22:02:39.073 [info] > git show --textconv :thai_massage/booking/forms.py [2ms]
2025-01-31 22:04:05.306 [info] > git show --textconv :thai_massage/booking/templates/dashboard.html [5ms]
2025-01-31 22:04:05.308 [info] > git ls-files --stage -- /workspace/project-4/thai_massage/booking/templates/dashboard.html [2ms]
2025-01-31 22:04:05.314 [info] > git cat-file -s f6b6dbc2e4c71085937e82d3e2daa314930a862b [2ms]
2025-01-31 22:04:05.536 [info] > git blame --root --incremental c564e9aa3690eae582f0796bce82783040d9707d -- /workspace/project-4/thai_massage/booking/templates/dashboard.html [5ms]
2025-01-31 22:04:28.540 [info] > git show --textconv :thai_massage/booking/views.py [6ms]
2025-01-31 22:04:28.541 [info] > git ls-files --stage -- /workspace/project-4/thai_massage/booking/views.py [1ms]
2025-01-31 22:04:28.547 [info] > git cat-file -s d724e3aaf5303604a5556a291b6c02b3542a3968 [2ms]
2025-01-31 22:04:28.806 [info] > git blame --root --incremental c564e9aa3690eae582f0796bce82783040d9707d -- /workspace/project-4/thai_massage/booking/views.py [5ms]
2025-01-31 22:04:38.683 [info] > git config --get commit.template [6ms]
2025-01-31 22:04:38.685 [info] > git for-each-ref --format=%(refname)%00%(upstream:short)%00%(objectname)%00%(upstream:track)%00%(upstream:remotename)%00%(upstream:remoteref) refs/heads/main refs/remotes/main [2ms]
2025-01-31 22:04:38.695 [info] > git status -z -uall [5ms]
2025-01-31 22:04:38.697 [info] > git for-each-ref --sort -committerdate --format %(refname) %(objectname) %(*objectname) [2ms]
2025-01-31 22:04:49.497 [info] > git config --get commit.template [6ms]
2025-01-31 22:04:49.499 [info] > git for-each-ref --format=%(refname)%00%(upstream:short)%00%(objectname)%00%(upstream:track)%00%(upstream:remotename)%00%(upstream:remoteref) refs/heads/main refs/remotes/main [2ms]
2025-01-31 22:04:49.509 [info] > git status -z -uall [5ms]
2025-01-31 22:04:49.511 [info] > git for-each-ref --sort -committerdate --format %(refname) %(objectname) %(*objectname) [2ms]
2025-01-31 22:04:49.821 [info] > git fetch [336ms]
2025-01-31 22:04:49.832 [info] > git config --get commit.template [5ms]
2025-01-31 22:04:49.834 [info] > git for-each-ref --format=%(refname)%00%(upstream:short)%00%(objectname)%00%(upstream:track)%00%(upstream:remotename)%00%(upstream:remoteref) refs/heads/main refs/remotes/main [2ms]
2025-01-31 22:04:49.845 [info] > git status -z -uall [6ms]
2025-01-31 22:04:49.846 [info] > git for-each-ref --sort -committerdate --format %(refname) %(objectname) %(*objectname) [2ms]
2025-01-31 22:04:51.474 [info] > git ls-files --stage -- /workspace/project-4/thai_massage/booking/templates/dashboard.html [7ms]
2025-01-31 22:04:51.479 [info] > git ls-tree -l HEAD -- /workspace/project-4/thai_massage/booking/forms.py [17ms]
2025-01-31 22:04:51.479 [info] > git ls-files --stage -- /workspace/project-4/thai_massage/booking/views.py [6ms]
2025-01-31 22:04:51.485 [info] > git cat-file -s f6b6dbc2e4c71085937e82d3e2daa314930a862b [6ms]
2025-01-31 22:04:51.486 [info] > git cat-file -s d724e3aaf5303604a5556a291b6c02b3542a3968 [2ms]
2025-01-31 22:04:51.701 [info] > git show --textconv HEAD:thai_massage/booking/forms.py [6ms]
2025-01-31 22:04:51.708 [info] > git show --textconv :thai_massage/booking/templates/dashboard.html [7ms]
2025-01-31 22:04:51.709 [info] > git show --textconv :thai_massage/booking/views.py [2ms]
2025-01-31 22:04:54.525 [info] > git config --get commit.template [6ms]
2025-01-31 22:04:54.526 [info] > git for-each-ref --format=%(refname)%00%(upstream:short)%00%(objectname)%00%(upstream:track)%00%(upstream:remotename)%00%(upstream:remoteref) refs/heads/main refs/remotes/main [2ms]
2025-01-31 22:04:54.538 [info] > git status -z -uall [6ms]
2025-01-31 22:04:54.539 [info] > git for-each-ref --sort -committerdate --format %(refname) %(objectname) %(*objectname) [2ms]
2025-01-31 22:04:59.555 [info] > git config --get commit.template [7ms]
2025-01-31 22:04:59.556 [info] > git for-each-ref --format=%(refname)%00%(upstream:short)%00%(objectname)%00%(upstream:track)%00%(upstream:remotename)%00%(upstream:remoteref) refs/heads/main refs/remotes/main [2ms]
2025-01-31 22:04:59.568 [info] > git status -z -uall [6ms]
2025-01-31 22:04:59.570 [info] > git for-each-ref --sort -committerdate --format %(refname) %(objectname) %(*objectname) [2ms]
2025-01-31 22:05:07.449 [info] > git config --get commit.template [6ms]
2025-01-31 22:05:07.451 [info] > git for-each-ref --format=%(refname)%00%(upstream:short)%00%(objectname)%00%(upstream:track)%00%(upstream:remotename)%00%(upstream:remoteref) refs/heads/main refs/remotes/main [2ms]
2025-01-31 22:05:07.463 [info] > git status -z -uall [6ms]
2025-01-31 22:05:07.464 [info] > git for-each-ref --sort -committerdate --format %(refname) %(objectname) %(*objectname) [2ms]
2025-01-31 22:05:25.858 [info] > git config --get commit.template [6ms]
2025-01-31 22:05:25.860 [info] > git for-each-ref --format=%(refname)%00%(upstream:short)%00%(objectname)%00%(upstream:track)%00%(upstream:remotename)%00%(upstream:remoteref) refs/heads/main refs/remotes/main [2ms]
2025-01-31 22:05:25.873 [info] > git status -z -uall [7ms]
2025-01-31 22:05:25.875 [info] > git for-each-ref --sort -committerdate --format %(refname) %(objectname) %(*objectname) [2ms]
2025-01-31 22:05:33.920 [info] > git config --get commit.template [6ms]
2025-01-31 22:05:33.922 [info] > git for-each-ref --format=%(refname)%00%(upstream:short)%00%(objectname)%00%(upstream:track)%00%(upstream:remotename)%00%(upstream:remoteref) refs/heads/main refs/remotes/main [3ms]
2025-01-31 22:05:33.932 [info] > git status -z -uall [5ms]
2025-01-31 22:05:33.934 [info] > git for-each-ref --sort -committerdate --format %(refname) %(objectname) %(*objectname) [2ms]
2025-01-31 22:05:52.100 [info] > git config --get commit.template [7ms]
2025-01-31 22:05:52.102 [info] > git for-each-ref --format=%(refname)%00%(upstream:short)%00%(objectname)%00%(upstream:track)%00%(upstream:remotename)%00%(upstream:remoteref) refs/heads/main refs/remotes/main [3ms]
2025-01-31 22:05:52.112 [info] > git status -z -uall [5ms]
2025-01-31 22:05:52.114 [info] > git for-each-ref --sort -committerdate --format %(refname) %(objectname) %(*objectname) [2ms]
2025-01-31 22:06:10.281 [info] > git show --textconv :thai_massage/booking/models.py [5ms]
2025-01-31 22:06:10.283 [info] > git ls-files --stage -- /workspace/project-4/thai_massage/booking/models.py [1ms]
2025-01-31 22:06:10.289 [info] > git cat-file -s 349272413c9f4da0ad4fe2929859aea4fd3ae15a [2ms]
2025-01-31 22:06:10.513 [info] > git blame --root --incremental c564e9aa3690eae582f0796bce82783040d9707d -- /workspace/project-4/thai_massage/booking/models.py [5ms]
2025-01-31 22:07:16.479 [info] > git config --get commit.template [7ms]
2025-01-31 22:07:16.481 [info] > git for-each-ref --format=%(refname)%00%(upstream:short)%00%(objectname)%00%(upstream:track)%00%(upstream:remotename)%00%(upstream:remoteref) refs/heads/main refs/remotes/main [3ms]
2025-01-31 22:07:16.495 [info] > git status -z -uall [7ms]
2025-01-31 22:07:16.497 [info] > git for-each-ref --sort -committerdate --format %(refname) %(objectname) %(*objectname) [2ms]
2025-01-31 22:07:42.831 [info] > git show --textconv :thai_massage/booking/templates/dashboard.html [6ms]
2025-01-31 22:07:42.832 [info] > git ls-files --stage -- /workspace/project-4/thai_massage/booking/templates/dashboard.html [2ms]
2025-01-31 22:07:42.838 [info] > git cat-file -s f6b6dbc2e4c71085937e82d3e2daa314930a862b [1ms]
2025-01-31 22:07:58.175 [info] > git config --get commit.template [6ms]
2025-01-31 22:07:58.177 [info] > git for-each-ref --format=%(refname)%00%(upstream:short)%00%(objectname)%00%(upstream:track)%00%(upstream:remotename)%00%(upstream:remoteref) refs/heads/main refs/remotes/main [2ms]
2025-01-31 22:07:58.189 [info] > git status -z -uall [6ms]
2025-01-31 22:07:58.191 [info] > git for-each-ref --sort -committerdate --format %(refname) %(objectname) %(*objectname) [2ms]
2025-01-31 22:07:58.477 [info] > git fetch [314ms]
2025-01-31 22:07:58.491 [info] > git config --get commit.template [7ms]
2025-01-31 22:07:58.493 [info] > git for-each-ref --format=%(refname)%00%(upstream:short)%00%(objectname)%00%(upstream:track)%00%(upstream:remotename)%00%(upstream:remoteref) refs/heads/main refs/remotes/main [2ms]
2025-01-31 22:07:58.505 [info] > git status -z -uall [5ms]
2025-01-31 22:07:58.507 [info] > git for-each-ref --sort -committerdate --format %(refname) %(objectname) %(*objectname) [2ms]
2025-01-31 22:08:00.133 [info] > git ls-files --stage -- /workspace/project-4/thai_massage/booking/models.py [7ms]
2025-01-31 22:08:00.140 [info] > git ls-files --stage -- /workspace/project-4/thai_massage/booking/templates/dashboard.html [7ms]
2025-01-31 22:08:00.147 [info] > git cat-file -s 349272413c9f4da0ad4fe2929859aea4fd3ae15a [7ms]
2025-01-31 22:08:00.148 [info] > git cat-file -s f6b6dbc2e4c71085937e82d3e2daa314930a862b [2ms]
2025-01-31 22:08:00.367 [info] > git show --textconv :thai_massage/booking/models.py [8ms]
2025-01-31 22:08:00.369 [info] > git show --textconv :thai_massage/booking/templates/dashboard.html [2ms]
2025-01-31 22:08:03.205 [info] > git config --get commit.template [6ms]
2025-01-31 22:08:03.206 [info] > git for-each-ref --format=%(refname)%00%(upstream:short)%00%(objectname)%00%(upstream:track)%00%(upstream:remotename)%00%(upstream:remoteref) refs/heads/main refs/remotes/main [2ms]
2025-01-31 22:08:03.219 [info] > git status -z -uall [7ms]
2025-01-31 22:08:03.220 [info] > git for-each-ref --sort -committerdate --format %(refname) %(objectname) %(*objectname) [3ms]
2025-01-31 22:08:08.236 [info] > git config --get commit.template [7ms]
2025-01-31 22:08:08.238 [info] > git for-each-ref --format=%(refname)%00%(upstream:short)%00%(objectname)%00%(upstream:track)%00%(upstream:remotename)%00%(upstream:remoteref) refs/heads/main refs/remotes/main [2ms]
2025-01-31 22:08:08.251 [info] > git status -z -uall [6ms]
2025-01-31 22:08:08.253 [info] > git for-each-ref --sort -committerdate --format %(refname) %(objectname) %(*objectname) [2ms]
2025-01-31 22:09:27.695 [info] > git config --get commit.template [7ms]
2025-01-31 22:09:27.696 [info] > git for-each-ref --format=%(refname)%00%(upstream:short)%00%(objectname)%00%(upstream:track)%00%(upstream:remotename)%00%(upstream:remoteref) refs/heads/main refs/remotes/main [2ms]
2025-01-31 22:09:27.708 [info] > git status -z -uall [6ms]
2025-01-31 22:09:27.710 [info] > git for-each-ref --sort -committerdate --format %(refname) %(objectname) %(*objectname) [2ms]
2025-01-31 22:09:48.096 [info] > git config --get commit.template [6ms]
2025-01-31 22:09:48.098 [info] > git for-each-ref --format=%(refname)%00%(upstream:short)%00%(objectname)%00%(upstream:track)%00%(upstream:remotename)%00%(upstream:remoteref) refs/heads/main refs/remotes/main [3ms]
2025-01-31 22:09:48.109 [info] > git status -z -uall [6ms]
2025-01-31 22:09:48.111 [info] > git for-each-ref --sort -committerdate --format %(refname) %(objectname) %(*objectname) [3ms]
2025-01-31 22:10:02.086 [info] > git config --get commit.template [9ms]
2025-01-31 22:10:02.088 [info] > git for-each-ref --format=%(refname)%00%(upstream:short)%00%(objectname)%00%(upstream:track)%00%(upstream:remotename)%00%(upstream:remoteref) refs/heads/main refs/remotes/main [3ms]
2025-01-31 22:10:02.101 [info] > git status -z -uall [6ms]
2025-01-31 22:10:02.104 [info] > git for-each-ref --sort -committerdate --format %(refname) %(objectname) %(*objectname) [3ms]
2025-01-31 22:10:08.825 [info] > git config --get commit.template [6ms]
2025-01-31 22:10:08.827 [info] > git for-each-ref --format=%(refname)%00%(upstream:short)%00%(objectname)%00%(upstream:track)%00%(upstream:remotename)%00%(upstream:remoteref) refs/heads/main refs/remotes/main [2ms]
2025-01-31 22:10:08.837 [info] > git status -z -uall [5ms]
2025-01-31 22:10:08.839 [info] > git for-each-ref --sort -committerdate --format %(refname) %(objectname) %(*objectname) [2ms]
2025-01-31 22:10:11.125 [info] > git show --textconv :thai_massage/booking/static/booking/css/custom_style.css [6ms]
2025-01-31 22:10:11.126 [info] > git ls-files --stage -- /workspace/project-4/thai_massage/booking/static/booking/css/custom_style.css [2ms]
2025-01-31 22:10:11.133 [info] > git cat-file -s a636d4852b2413df135882bff40f954cd1855535 [2ms]
2025-01-31 22:10:11.351 [info] > git blame --root --incremental c564e9aa3690eae582f0796bce82783040d9707d -- /workspace/project-4/thai_massage/booking/static/booking/css/custom_style.css [4ms]
2025-01-31 22:10:13.853 [info] > git config --get commit.template [6ms]
2025-01-31 22:10:13.855 [info] > git for-each-ref --format=%(refname)%00%(upstream:short)%00%(objectname)%00%(upstream:track)%00%(upstream:remotename)%00%(upstream:remoteref) refs/heads/main refs/remotes/main [3ms]
2025-01-31 22:10:13.867 [info] > git status -z -uall [6ms]
2025-01-31 22:10:13.869 [info] > git for-each-ref --sort -committerdate --format %(refname) %(objectname) %(*objectname) [3ms]
2025-01-31 22:10:20.391 [info] > git config --get commit.template [5ms]
2025-01-31 22:10:20.393 [info] > git for-each-ref --format=%(refname)%00%(upstream:short)%00%(objectname)%00%(upstream:track)%00%(upstream:remotename)%00%(upstream:remoteref) refs/heads/main refs/remotes/main [2ms]
2025-01-31 22:10:20.405 [info] > git status -z -uall [7ms]
2025-01-31 22:10:20.406 [info] > git for-each-ref --sort -committerdate --format %(refname) %(objectname) %(*objectname) [2ms]
2025-01-31 22:10:27.120 [info] > git config --get commit.template [8ms]
2025-01-31 22:10:27.122 [info] > git for-each-ref --format=%(refname)%00%(upstream:short)%00%(objectname)%00%(upstream:track)%00%(upstream:remotename)%00%(upstream:remoteref) refs/heads/main refs/remotes/main [3ms]
2025-01-31 22:10:27.135 [info] > git status -z -uall [7ms]
2025-01-31 22:10:27.137 [info] > git for-each-ref --sort -committerdate --format %(refname) %(objectname) %(*objectname) [3ms]
2025-01-31 22:10:32.808 [info] > git config --get commit.template [7ms]
2025-01-31 22:10:32.809 [info] > git for-each-ref --format=%(refname)%00%(upstream:short)%00%(objectname)%00%(upstream:track)%00%(upstream:remotename)%00%(upstream:remoteref) refs/heads/main refs/remotes/main [2ms]
2025-01-31 22:10:32.820 [info] > git status -z -uall [5ms]
2025-01-31 22:10:32.822 [info] > git for-each-ref --sort -committerdate --format %(refname) %(objectname) %(*objectname) [2ms]
2025-01-31 22:10:47.434 [info] > git config --get commit.template [6ms]
2025-01-31 22:10:47.436 [info] > git for-each-ref --format=%(refname)%00%(upstream:short)%00%(objectname)%00%(upstream:track)%00%(upstream:remotename)%00%(upstream:remoteref) refs/heads/main refs/remotes/main [3ms]
2025-01-31 22:10:47.448 [info] > git status -z -uall [7ms]
2025-01-31 22:10:47.450 [info] > git for-each-ref --sort -committerdate --format %(refname) %(objectname) %(*objectname) [2ms]
2025-01-31 22:10:49.800 [info] > git show --textconv :thai_massage/booking/templates/booking_success.html [7ms]
2025-01-31 22:10:49.802 [info] > git ls-files --stage -- /workspace/project-4/thai_massage/booking/templates/booking_success.html [2ms]
2025-01-31 22:10:49.810 [info] > git cat-file -s 83b2796e074b15f5dcd4246723cce58f3f57ed5b [2ms]
2025-01-31 22:10:50.237 [info] > git show --textconv :thai_massage/booking/templates/booking_success.html [5ms]
2025-01-31 22:10:50.239 [info] > git ls-files --stage -- /workspace/project-4/thai_massage/booking/templates/booking_success.html [2ms]
2025-01-31 22:10:50.246 [info] > git cat-file -s 83b2796e074b15f5dcd4246723cce58f3f57ed5b [2ms]
2025-01-31 22:10:50.284 [info] > git show --textconv :thai_massage/booking/templates/dashboard.html [5ms]
2025-01-31 22:10:50.286 [info] > git ls-files --stage -- /workspace/project-4/thai_massage/booking/templates/dashboard.html [2ms]
2025-01-31 22:10:50.292 [info] > git cat-file -s f6b6dbc2e4c71085937e82d3e2daa314930a862b [1ms]
2025-01-31 22:10:58.826 [info] > git fetch [312ms]
2025-01-31 22:10:58.840 [info] > git config --get commit.template [6ms]
2025-01-31 22:10:58.842 [info] > git for-each-ref --format=%(refname)%00%(upstream:short)%00%(objectname)%00%(upstream:track)%00%(upstream:remotename)%00%(upstream:remoteref) refs/heads/main refs/remotes/main [2ms]
2025-01-31 22:10:58.856 [info] > git status -z -uall [8ms]
2025-01-31 22:10:58.858 [info] > git for-each-ref --sort -committerdate --format %(refname) %(objectname) %(*objectname) [2ms]
2025-01-31 22:10:59.611 [info] > git show --textconv :thai_massage/booking/forms.py [6ms]
2025-01-31 22:10:59.612 [info] > git ls-files --stage -- /workspace/project-4/thai_massage/booking/forms.py [2ms]
2025-01-31 22:10:59.619 [info] > git cat-file -s 2ec9c2e2b642dcee2f68ae335919fe2ba0aec55d [1ms]
2025-01-31 22:11:00.170 [info] > git config --get commit.template [8ms]
2025-01-31 22:11:00.172 [info] > git for-each-ref --format=%(refname)%00%(upstream:short)%00%(objectname)%00%(upstream:track)%00%(upstream:remotename)%00%(upstream:remoteref) refs/heads/main refs/remotes/main [2ms]
2025-01-31 22:11:00.186 [info] > git status -z -uall [7ms]
2025-01-31 22:11:00.188 [info] > git for-each-ref --sort -committerdate --format %(refname) %(objectname) %(*objectname) [2ms]
2025-01-31 22:11:00.491 [info] > git ls-files --stage -- /workspace/project-4/thai_massage/booking/templates/dashboard.html [6ms]
2025-01-31 22:11:00.497 [info] > git ls-files --stage -- /workspace/project-4/thai_massage/booking/templates/booking_success.html [19ms]
2025-01-31 22:11:00.503 [info] > git ls-files --stage -- /workspace/project-4/thai_massage/booking/static/booking/css/custom_style.css [30ms]
2025-01-31 22:11:00.509 [info] > git cat-file -s 83b2796e074b15f5dcd4246723cce58f3f57ed5b [6ms]
2025-01-31 22:11:00.510 [info] > git cat-file -s f6b6dbc2e4c71085937e82d3e2daa314930a862b [12ms]
2025-01-31 22:11:00.510 [info] > git ls-files --stage -- /workspace/project-4/thai_massage/booking/forms.py [20ms]
2025-01-31 22:11:00.515 [info] > git cat-file -s a636d4852b2413df135882bff40f954cd1855535 [7ms]
2025-01-31 22:11:00.516 [info] > git cat-file -s 2ec9c2e2b642dcee2f68ae335919fe2ba0aec55d [1ms]
2025-01-31 22:11:00.733 [info] > git show --textconv :thai_massage/booking/templates/booking_success.html [6ms]
2025-01-31 22:11:00.739 [info] > git show --textconv :thai_massage/booking/templates/dashboard.html [7ms]
2025-01-31 22:11:00.745 [info] > git show --textconv :thai_massage/booking/static/booking/css/custom_style.css [7ms]
2025-01-31 22:11:00.751 [info] > git show --textconv :thai_massage/booking/forms.py [6ms]
2025-01-31 22:11:00.754 [info] > git blame --root --incremental c564e9aa3690eae582f0796bce82783040d9707d -- /workspace/project-4/thai_massage/booking/templates/booking_success.html [3ms]
2025-01-31 22:11:04.745 [info] > git show --textconv :thai_massage/booking/static/booking/css/styles.css [6ms]
2025-01-31 22:11:04.746 [info] > git ls-files --stage -- /workspace/project-4/thai_massage/booking/static/booking/css/styles.css [2ms]
2025-01-31 22:11:04.753 [info] > git cat-file -s 65d8bc43ee359280abaf4743144395abaad0ec51 [2ms]
2025-01-31 22:11:05.059 [info] > git blame --root --incremental c564e9aa3690eae582f0796bce82783040d9707d -- /workspace/project-4/thai_massage/booking/static/booking/css/styles.css [5ms]
2025-01-31 22:11:27.628 [info] > git config --get commit.template [7ms]
2025-01-31 22:11:27.629 [info] > git for-each-ref --format=%(refname)%00%(upstream:short)%00%(objectname)%00%(upstream:track)%00%(upstream:remotename)%00%(upstream:remoteref) refs/heads/main refs/remotes/main [2ms]
2025-01-31 22:11:27.641 [info] > git status -z -uall [6ms]
2025-01-31 22:11:27.644 [info] > git for-each-ref --sort -committerdate --format %(refname) %(objectname) %(*objectname) [4ms]
2025-01-31 22:11:32.658 [info] > git config --get commit.template [5ms]
2025-01-31 22:11:32.659 [info] > git for-each-ref --format=%(refname)%00%(upstream:short)%00%(objectname)%00%(upstream:track)%00%(upstream:remotename)%00%(upstream:remoteref) refs/heads/main refs/remotes/main [2ms]
2025-01-31 22:11:32.670 [info] > git status -z -uall [5ms]
2025-01-31 22:11:32.672 [info] > git for-each-ref --sort -committerdate --format %(refname) %(objectname) %(*objectname) [2ms]
2025-01-31 22:14:05.885 [info] > git config --get commit.template [6ms]
2025-01-31 22:14:05.887 [info] > git for-each-ref --format=%(refname)%00%(upstream:short)%00%(objectname)%00%(upstream:track)%00%(upstream:remotename)%00%(upstream:remoteref) refs/heads/main refs/remotes/main [2ms]
2025-01-31 22:14:05.898 [info] > git status -z -uall [6ms]
2025-01-31 22:14:05.900 [info] > git for-each-ref --sort -committerdate --format %(refname) %(objectname) %(*objectname) [3ms]
2025-01-31 22:14:06.190 [info] > git fetch [318ms]
2025-01-31 22:14:06.204 [info] > git config --get commit.template [7ms]
2025-01-31 22:14:06.206 [info] > git for-each-ref --format=%(refname)%00%(upstream:short)%00%(objectname)%00%(upstream:track)%00%(upstream:remotename)%00%(upstream:remoteref) refs/heads/main refs/remotes/main [2ms]
2025-01-31 22:14:06.223 [info] > git status -z -uall [6ms]
2025-01-31 22:14:06.224 [info] > git for-each-ref --sort -committerdate --format %(refname) %(objectname) %(*objectname) [2ms]
2025-01-31 22:14:07.836 [info] > git ls-files --stage -- /workspace/project-4/thai_massage/booking/static/booking/css/styles.css [2ms]
2025-01-31 22:14:07.843 [info] > git cat-file -s 65d8bc43ee359280abaf4743144395abaad0ec51 [2ms]
2025-01-31 22:14:08.057 [info] > git show --textconv :thai_massage/booking/static/booking/css/styles.css [3ms]
2025-01-31 22:14:09.936 [info] > git show --textconv :thai_massage/thai_massage/settings.py [7ms]
2025-01-31 22:14:09.937 [info] > git ls-files --stage -- /workspace/project-4/thai_massage/thai_massage/settings.py [2ms]
2025-01-31 22:14:09.943 [info] > git cat-file -s 2c921cc10e2cf8ee858060f146b1816314f9abb5 [1ms]
2025-01-31 22:14:10.161 [info] > git blame --root --incremental c564e9aa3690eae582f0796bce82783040d9707d -- /workspace/project-4/thai_massage/thai_massage/settings.py [4ms]
2025-01-31 22:14:10.915 [info] > git config --get commit.template [7ms]
2025-01-31 22:14:10.917 [info] > git for-each-ref --format=%(refname)%00%(upstream:short)%00%(objectname)%00%(upstream:track)%00%(upstream:remotename)%00%(upstream:remoteref) refs/heads/main refs/remotes/main [2ms]
2025-01-31 22:14:10.930 [info] > git status -z -uall [7ms]
2025-01-31 22:14:10.932 [info] > git for-each-ref --sort -committerdate --format %(refname) %(objectname) %(*objectname) [3ms]
2025-01-31 22:14:17.225 [info] > git config --get commit.template [6ms]
2025-01-31 22:14:17.227 [info] > git for-each-ref --format=%(refname)%00%(upstream:short)%00%(objectname)%00%(upstream:track)%00%(upstream:remotename)%00%(upstream:remoteref) refs/heads/main refs/remotes/main [3ms]
2025-01-31 22:14:17.239 [info] > git status -z -uall [6ms]
2025-01-31 22:14:17.241 [info] > git for-each-ref --sort -committerdate --format %(refname) %(objectname) %(*objectname) [2ms]
2025-01-31 22:15:14.361 [info] > git config --get commit.template [6ms]
2025-01-31 22:15:14.362 [info] > git for-each-ref --format=%(refname)%00%(upstream:short)%00%(objectname)%00%(upstream:track)%00%(upstream:remotename)%00%(upstream:remoteref) refs/heads/main refs/remotes/main [2ms]
2025-01-31 22:15:14.373 [info] > git status -z -uall [5ms]
2025-01-31 22:15:14.376 [info] > git for-each-ref --sort -committerdate --format %(refname) %(objectname) %(*objectname) [3ms]
2025-01-31 22:15:19.242 [info] > git config --get commit.template [6ms]
2025-01-31 22:15:19.244 [info] > git for-each-ref --format=%(refname)%00%(upstream:short)%00%(objectname)%00%(upstream:track)%00%(upstream:remotename)%00%(upstream:remoteref) refs/heads/main refs/remotes/main [2ms]
2025-01-31 22:15:19.256 [info] > git status -z -uall [7ms]
2025-01-31 22:15:19.258 [info] > git for-each-ref --sort -committerdate --format %(refname) %(objectname) %(*objectname) [2ms]
2025-01-31 22:15:19.391 [info] > git config --get commit.template [8ms]
2025-01-31 22:15:19.391 [info] > git for-each-ref --format=%(refname)%00%(upstream:short)%00%(objectname)%00%(upstream:track)%00%(upstream:remotename)%00%(upstream:remoteref) refs/heads/main refs/remotes/main [2ms]
2025-01-31 22:15:19.404 [info] > git status -z -uall [6ms]
2025-01-31 22:15:19.406 [info] > git for-each-ref --sort -committerdate --format %(refname) %(objectname) %(*objectname) [2ms]
2025-01-31 22:15:19.990 [info] > git show --textconv HEAD:thai_massage/thai_massage/settings.py [6ms]
2025-01-31 22:15:19.993 [info] > git ls-tree -l HEAD -- /workspace/project-4/thai_massage/thai_massage/settings.py [4ms]
2025-01-31 22:15:20.594 [info] > git ls-files --stage -- /workspace/project-4/thai_massage/thai_massage/settings.py [6ms]
2025-01-31 22:15:20.599 [info] > git ls-tree -l HEAD -- /workspace/project-4/thai_massage/thai_massage/settings.py [6ms]
2025-01-31 22:15:20.601 [info] > git cat-file -s b94ebbe015d1169adf9934a3efe246bbdac117bf [2ms]
2025-01-31 22:15:20.816 [info] > git show --textconv HEAD:thai_massage/thai_massage/settings.py [6ms]
2025-01-31 22:15:20.818 [info] > git show --textconv :thai_massage/thai_massage/settings.py [2ms]
2025-01-31 22:15:24.422 [info] > git config --get commit.template [6ms]
2025-01-31 22:15:24.423 [info] > git for-each-ref --format=%(refname)%00%(upstream:short)%00%(objectname)%00%(upstream:track)%00%(upstream:remotename)%00%(upstream:remoteref) refs/heads/main refs/remotes/main [2ms]
2025-01-31 22:15:24.436 [info] > git status -z -uall [7ms]
2025-01-31 22:15:24.437 [info] > git for-each-ref --sort -committerdate --format %(refname) %(objectname) %(*objectname) [3ms]
2025-01-31 22:15:49.354 [info] > git config --get commit.template [7ms]
2025-01-31 22:15:49.355 [info] > git for-each-ref --format=%(refname)%00%(upstream:short)%00%(objectname)%00%(upstream:track)%00%(upstream:remotename)%00%(upstream:remoteref) refs/heads/main refs/remotes/main [2ms]
2025-01-31 22:15:49.367 [info] > git status -z -uall [6ms]
2025-01-31 22:15:49.369 [info] > git for-each-ref --sort -committerdate --format %(refname) %(objectname) %(*objectname) [3ms]
2025-01-31 22:15:49.486 [info] > git merge-base refs/heads/main refs/remotes/origin/main [104ms]
2025-01-31 22:15:49.493 [info] > git blame --root --incremental 2a6b321a3dda27351cb6b3ca46242abbb87be3f0 -- /workspace/project-4/thai_massage/thai_massage/settings.py [117ms]
2025-01-31 22:15:49.495 [info] > git diff --name-status -z --diff-filter=ADMR c564e9aa3690eae582f0796bce82783040d9707d...refs/remotes/origin/main [2ms]
2025-01-31 22:15:49.714 [info] > git config --local branch.main.github-pr-owner-number [2ms]
2025-01-31 22:15:49.714 [warning] [Git][config] git config failed: Failed to execute git
2025-01-31 22:15:50.507 [info] > git config --get commit.template [6ms]
2025-01-31 22:15:50.509 [info] > git for-each-ref --format=%(refname)%00%(upstream:short)%00%(objectname)%00%(upstream:track)%00%(upstream:remotename)%00%(upstream:remoteref) refs/heads/main refs/remotes/main [3ms]
2025-01-31 22:15:50.521 [info] > git status -z -uall [7ms]
2025-01-31 22:15:50.522 [info] > git for-each-ref --sort -committerdate --format %(refname) %(objectname) %(*objectname) [2ms]
2025-01-31 22:15:50.816 [info] > git ls-files --stage -- /workspace/project-4/thai_massage/thai_massage/settings.py [8ms]
2025-01-31 22:15:50.822 [info] > git ls-tree -l HEAD -- /workspace/project-4/thai_massage/thai_massage/settings.py [6ms]
2025-01-31 22:15:50.823 [info] > git cat-file -s b94ebbe015d1169adf9934a3efe246bbdac117bf [2ms]
2025-01-31 22:15:51.041 [info] > git show --textconv HEAD:thai_massage/thai_massage/settings.py [7ms]
2025-01-31 22:15:51.043 [info] > git show --textconv :thai_massage/thai_massage/settings.py [2ms]
2025-01-31 22:15:52.783 [info] > git config --get commit.template [7ms]
2025-01-31 22:15:52.785 [info] > git for-each-ref --format=%(refname)%00%(upstream:short)%00%(objectname)%00%(upstream:track)%00%(upstream:remotename)%00%(upstream:remoteref) refs/heads/main refs/remotes/main [2ms]
2025-01-31 22:15:52.798 [info] > git status -z -uall [7ms]
2025-01-31 22:15:52.799 [info] > git for-each-ref --sort -committerdate --format %(refname) %(objectname) %(*objectname) [2ms]
2025-01-31 22:15:52.810 [info] > git merge-base refs/heads/main refs/remotes/origin/main [2ms]
2025-01-31 22:15:52.818 [info] > git diff --name-status -z --diff-filter=ADMR 2a6b321a3dda27351cb6b3ca46242abbb87be3f0...refs/remotes/origin/main [2ms]
2025-01-31 22:15:53.026 [info] > git config --local branch.main.github-pr-owner-number [2ms]
2025-01-31 22:15:53.026 [warning] [Git][config] git config failed: Failed to execute git
2025-01-31 22:15:54.240 [info] > git ls-files --stage -- /workspace/project-4/thai_massage/thai_massage/settings.py [7ms]
2025-01-31 22:15:54.245 [info] > git ls-tree -l HEAD -- /workspace/project-4/thai_massage/thai_massage/settings.py [6ms]
2025-01-31 22:15:54.247 [info] > git cat-file -s b94ebbe015d1169adf9934a3efe246bbdac117bf [2ms]
2025-01-31 22:15:54.465 [info] > git show --textconv HEAD:thai_massage/thai_massage/settings.py [6ms]
2025-01-31 22:15:54.467 [info] > git show --textconv :thai_massage/thai_massage/settings.py [3ms]
2025-01-31 22:15:55.536 [info] > git config --get commit.template [6ms]
2025-01-31 22:15:55.538 [info] > git for-each-ref --format=%(refname)%00%(upstream:short)%00%(objectname)%00%(upstream:track)%00%(upstream:remotename)%00%(upstream:remoteref) refs/heads/main refs/remotes/main [2ms]
2025-01-31 22:15:55.548 [info] > git status -z -uall [5ms]
2025-01-31 22:15:55.550 [info] > git for-each-ref --sort -committerdate --format %(refname) %(objectname) %(*objectname) [2ms]
2025-01-31 22:17:06.545 [info] > git fetch [314ms]
2025-01-31 22:17:06.560 [info] > git config --get commit.template [8ms]
2025-01-31 22:17:06.562 [info] > git for-each-ref --format=%(refname)%00%(upstream:short)%00%(objectname)%00%(upstream:track)%00%(upstream:remotename)%00%(upstream:remoteref) refs/heads/main refs/remotes/main [2ms]
2025-01-31 22:17:06.575 [info] > git status -z -uall [7ms]
2025-01-31 22:17:06.577 [info] > git for-each-ref --sort -committerdate --format %(refname) %(objectname) %(*objectname) [2ms]
2025-01-31 22:17:07.886 [info] > git config --get commit.template [6ms]
2025-01-31 22:17:07.888 [info] > git for-each-ref --format=%(refname)%00%(upstream:short)%00%(objectname)%00%(upstream:track)%00%(upstream:remotename)%00%(upstream:remoteref) refs/heads/main refs/remotes/main [2ms]
2025-01-31 22:17:07.899 [info] > git status -z -uall [5ms]
2025-01-31 22:17:07.901 [info] > git for-each-ref --sort -committerdate --format %(refname) %(objectname) %(*objectname) [2ms]
2025-01-31 22:17:08.192 [info] > git ls-files --stage -- /workspace/project-4/thai_massage/thai_massage/settings.py [7ms]
2025-01-31 22:17:08.198 [info] > git ls-tree -l HEAD -- /workspace/project-4/thai_massage/thai_massage/settings.py [7ms]
2025-01-31 22:17:08.199 [info] > git cat-file -s b94ebbe015d1169adf9934a3efe246bbdac117bf [2ms]
2025-01-31 22:17:08.419 [info] > git show --textconv HEAD:thai_massage/thai_massage/settings.py [6ms]
2025-01-31 22:17:08.421 [info] > git show --textconv :thai_massage/thai_massage/settings.py [2ms]
2025-01-31 22:27:00.622 [info] > git config --get commit.template [8ms]
2025-01-31 22:27:00.624 [info] > git for-each-ref --format=%(refname)%00%(upstream:short)%00%(objectname)%00%(upstream:track)%00%(upstream:remotename)%00%(upstream:remoteref) refs/heads/main refs/remotes/main [2ms]
2025-01-31 22:27:00.636 [info] > git status -z -uall [6ms]
2025-01-31 22:27:00.638 [info] > git for-each-ref --sort -committerdate --format %(refname) %(objectname) %(*objectname) [2ms]
2025-01-31 22:27:00.908 [info] > git fetch [301ms]
2025-01-31 22:27:00.920 [info] > git config --get commit.template [6ms]
2025-01-31 22:27:00.922 [info] > git for-each-ref --format=%(refname)%00%(upstream:short)%00%(objectname)%00%(upstream:track)%00%(upstream:remotename)%00%(upstream:remoteref) refs/heads/main refs/remotes/main [2ms]
2025-01-31 22:27:00.934 [info] > git status -z -uall [6ms]
2025-01-31 22:27:00.935 [info] > git for-each-ref --sort -committerdate --format %(refname) %(objectname) %(*objectname) [2ms]
2025-01-31 22:27:13.303 [info] > git config --get commit.template [6ms]
2025-01-31 22:27:13.305 [info] > git for-each-ref --format=%(refname)%00%(upstream:short)%00%(objectname)%00%(upstream:track)%00%(upstream:remotename)%00%(upstream:remoteref) refs/heads/main refs/remotes/main [2ms]
2025-01-31 22:27:13.315 [info] > git status -z -uall [5ms]
2025-01-31 22:27:13.317 [info] > git for-each-ref --sort -committerdate --format %(refname) %(objectname) %(*objectname) [2ms]
2025-01-31 22:27:13.515 [info] > git ls-files --stage -- /workspace/project-4/thai_massage/thai_massage/settings.py [2ms]
2025-01-31 22:27:13.522 [info] > git cat-file -s b94ebbe015d1169adf9934a3efe246bbdac117bf [2ms]
2025-01-31 22:27:13.737 [info] > git show --textconv :thai_massage/thai_massage/settings.py [3ms]
2025-01-31 22:28:06.844 [info] > git config --get commit.template [6ms]
2025-01-31 22:28:06.846 [info] > git for-each-ref --format=%(refname)%00%(upstream:short)%00%(objectname)%00%(upstream:track)%00%(upstream:remotename)%00%(upstream:remoteref) refs/heads/main refs/remotes/main [2ms]
2025-01-31 22:28:06.859 [info] > git status -z -uall [7ms]
2025-01-31 22:28:06.861 [info] > git for-each-ref --sort -committerdate --format %(refname) %(objectname) %(*objectname) [3ms]
