2025-02-01 19:31:11.011 [warning] /home/gitpod/.ssh/config: ENOENT: no such file or directory, open '/home/gitpod/.ssh/config'
2025-02-01 19:31:11.011 [info] Activation> Extension version: 0.102.0
2025-02-01 19:31:13.131 [info] Looking for git repository
2025-02-01 19:31:13.131 [info] Found 0 repositories during activation
2025-02-01 19:31:13.131 [info] Git repository found, initializing review manager and pr tree view.
2025-02-01 19:31:13.137 [info] Registering git provider
2025-02-01 19:31:13.137 [info] Review+0> Validate state in progress
2025-02-01 19:31:13.137 [info] Review+0> Validating state...
2025-02-01 19:31:13.450 [info] Found GitHub remote for folder /workspace/project-4
2025-02-01 19:31:13.736 [info] Trying to use globalState for assignableUsers.
2025-02-01 19:31:13.947 [info] Review+0> No matching pull request metadata found locally for current branch main
2025-02-01 19:31:14.242 [info] Review+0> No matching pull request metadata found on GitHub for current branch main
2025-02-01 19:31:14.465 [info] Using globalState assignableUsers for 1.
2025-02-01 19:34:51.303 [info] Repo state for file:///workspace/project-4 changed.
2025-02-01 19:34:51.303 [info] Repo file:///workspace/project-4 has already been setup.
2025-02-01 19:41:21.861 [info] Review+0> Validate state in progress
2025-02-01 19:41:21.861 [info] Review+0> Validating state...
2025-02-01 19:41:22.277 [info] Found GitHub remote for folder /workspace/project-4
2025-02-01 19:41:22.278 [info] Using in-memory cached assignable users.
2025-02-01 19:41:22.289 [info] Review+0> No matching pull request metadata found locally for current branch main
2025-02-01 19:41:22.546 [info] Review+0> No matching pull request metadata found on GitHub for current branch main
2025-02-01 19:41:25.936 [info] Review+0> Validate state in progress
2025-02-01 19:41:25.936 [info] Review+0> Validating state...
2025-02-01 19:41:26.152 [info] Found GitHub remote for folder /workspace/project-4
2025-02-01 19:41:26.152 [info] Using in-memory cached assignable users.
2025-02-01 19:41:26.161 [info] Review+0> No matching pull request metadata found locally for current branch main
2025-02-01 19:41:26.402 [info] Review+0> No matching pull request metadata found on GitHub for current branch main
2025-02-01 19:48:31.568 [info] Review+0> Validate state in progress
2025-02-01 19:48:31.568 [info] Review+0> Validating state...
2025-02-01 19:48:31.911 [info] Found GitHub remote for folder /workspace/project-4
2025-02-01 19:48:31.911 [info] Using in-memory cached assignable users.
2025-02-01 19:48:31.920 [info] Review+0> No matching pull request metadata found locally for current branch main
2025-02-01 19:48:32.194 [info] Review+0> No matching pull request metadata found on GitHub for current branch main
2025-02-01 19:48:35.696 [info] Review+0> Validate state in progress
2025-02-01 19:48:35.696 [info] Review+0> Validating state...
2025-02-01 19:48:35.913 [info] Found GitHub remote for folder /workspace/project-4
2025-02-01 19:48:35.914 [info] Using in-memory cached assignable users.
2025-02-01 19:48:35.922 [info] Review+0> No matching pull request metadata found locally for current branch main
2025-02-01 19:48:36.181 [info] Review+0> No matching pull request metadata found on GitHub for current branch main
2025-02-01 19:55:38.483 [info] Review+0> Validate state in progress
2025-02-01 19:55:38.483 [info] Review+0> Validating state...
2025-02-01 19:55:38.818 [info] Found GitHub remote for folder /workspace/project-4
2025-02-01 19:55:38.819 [info] Using in-memory cached assignable users.
2025-02-01 19:55:38.826 [info] Review+0> No matching pull request metadata found locally for current branch main
2025-02-01 19:55:39.072 [info] Review+0> No matching pull request metadata found on GitHub for current branch main
2025-02-01 19:55:41.485 [info] Review+0> Validate state in progress
2025-02-01 19:55:41.485 [info] Review+0> Validating state...
2025-02-01 19:55:41.700 [info] Found GitHub remote for folder /workspace/project-4
2025-02-01 19:55:41.700 [info] Using in-memory cached assignable users.
2025-02-01 19:55:41.708 [info] Review+0> No matching pull request metadata found locally for current branch main
2025-02-01 19:55:41.954 [info] Review+0> No matching pull request metadata found on GitHub for current branch main
2025-02-01 20:27:04.333 [info] Review+0> Validate state in progress
2025-02-01 20:27:04.333 [info] Review+0> Validating state...
2025-02-01 20:27:04.675 [info] Found GitHub remote for folder /workspace/project-4
2025-02-01 20:27:04.676 [info] Using in-memory cached assignable users.
2025-02-01 20:27:04.685 [info] Review+0> No matching pull request metadata found locally for current branch main
2025-02-01 20:27:05.012 [info] Review+0> No matching pull request metadata found on GitHub for current branch main
2025-02-01 20:27:08.159 [info] Review+0> Validate state in progress
2025-02-01 20:27:08.159 [info] Review+0> Validating state...
2025-02-01 20:27:08.381 [info] Found GitHub remote for folder /workspace/project-4
2025-02-01 20:27:08.381 [info] Using in-memory cached assignable users.
2025-02-01 20:27:08.388 [info] Review+0> No matching pull request metadata found locally for current branch main
2025-02-01 20:27:08.620 [info] Review+0> No matching pull request metadata found on GitHub for current branch main
2025-02-01 21:19:45.122 [info] Review+0> Validate state in progress
2025-02-01 21:19:45.122 [info] Review+0> Validating state...
2025-02-01 21:19:45.459 [info] Found GitHub remote for folder /workspace/project-4
2025-02-01 21:19:45.460 [info] Using in-memory cached assignable users.
2025-02-01 21:19:45.468 [info] Review+0> No matching pull request metadata found locally for current branch main
2025-02-01 21:19:45.693 [info] Review+0> No matching pull request metadata found on GitHub for current branch main
2025-02-01 21:20:09.997 [info] Review+0> Validate state in progress
2025-02-01 21:20:09.997 [info] Review+0> Validating state...
2025-02-01 21:20:10.330 [info] Found GitHub remote for folder /workspace/project-4
2025-02-01 21:20:10.330 [info] Using in-memory cached assignable users.
2025-02-01 21:20:10.341 [info] Review+0> No matching pull request metadata found locally for current branch main
2025-02-01 21:20:10.605 [info] Review+0> No matching pull request metadata found on GitHub for current branch main
2025-02-01 21:20:15.861 [info] Review+0> Validate state in progress
2025-02-01 21:20:15.861 [info] Review+0> Validating state...
2025-02-01 21:20:16.075 [info] Found GitHub remote for folder /workspace/project-4
2025-02-01 21:20:16.075 [info] Using in-memory cached assignable users.
2025-02-01 21:20:16.083 [info] Review+0> No matching pull request metadata found locally for current branch main
2025-02-01 21:20:16.325 [info] Review+0> No matching pull request metadata found on GitHub for current branch main
