2025-01-28 17:38:49.450 [info] Log level: Info
2025-01-28 17:38:49.543 [info] VSCODE_MACHINE_ID: dd745e17-5294-4cc8-a682-898a1783f5ec
2025-01-28 17:38:49.543 [info] VSCODE_SESSION_ID: 5ad43489-b7de-4106-9e3b-f3e2ce80bc0a1738085925663
2025-01-28 17:38:49.543 [info] VSCODE_VERSION: 1.96.3
2025-01-28 17:38:49.543 [info] VSCODE_APP_NAME: Gitpod Code
2025-01-28 17:38:49.543 [info] VSCODE_APP_HOST: Gitpod
2025-01-28 17:38:49.543 [info] VSCODE_UI_KIND: web
2025-01-28 17:38:49.543 [info] GITPOD_WORKSPACE_CONTEXT_URL: https://github.com/samanthamoss87/project-4
2025-01-28 17:38:49.543 [info] GITPOD_INSTANCE_ID: 55f83db1-9ad3-49cc-8f91-c712aa7fbd9a
2025-01-28 17:38:49.543 [info] GITPOD_WORKSPACE_URL: https://samanthamoss87-project4-ewn3f8asl7s.ws-eu117.gitpod.io
2025-01-28 17:38:49.548 [info] Gitpod Web 3953e81
2025-01-28 17:38:49.548 [info] Reading sessions from keychain...
2025-01-28 17:38:49.831 [info] Getting sessions for all scopes...
2025-01-28 17:38:49.831 [info] Getting sessions for all scopes...
2025-01-28 17:38:49.831 [info] Getting GitHub sessions for all scopes...
2025-01-28 17:38:49.831 [info] Getting sessions for function:accessCodeSyncStorage...
2025-01-28 17:38:49.832 [info] Got stored sessions!
2025-01-28 17:38:49.832 [info] Verified session with the following scopes: function:accessCodeSyncStorage function:closePort function:controlAdmission function:deleteEnvVar function:generateNewGitpodToken function:getDefaultWorkspaceImage function:getGitpodTokenScopes function:getIDToken function:getLoggedInUser function:getOpenPorts function:getSupportedWorkspaceClasses function:getTeams function:getToken function:getWorkspace function:getWorkspaceEnvVars function:getWorkspaceOwner function:getWorkspaceTimeout function:getWorkspaceUsers function:guessGitTokenScopes function:isWorkspaceOwner function:openPort function:sendHeartBeat function:setEnvVar function:setWorkspaceTimeout function:stopWorkspace function:takeSnapshot function:trackEvent function:updateGitStatus function:waitForSnapshot resource:contentBlob::*::create/get resource:envVar::*/**::update resource:envVar::*/*::update resource:envVar::samanthamoss87/project-4::create/get/update/delete resource:gitpodToken::*::create resource:snapshot::ws-samanthamoss87-project4-ewn3f8asl7s::create resource:token::*::get resource:userStorage::*::create/get/update resource:workspace::samanthamoss87-project4-ewn3f8asl7s::get/update resource:workspaceInstance::55f83db1-9ad3-49cc-8f91-c712aa7fbd9a::get/update/delete
2025-01-28 17:38:49.832 [info] Got 1 verified sessions.
2025-01-28 17:38:49.832 [info] Got 1 sessions for all scopes...
2025-01-28 17:38:49.832 [info] Got 1 sessions for all scopes...
2025-01-28 17:38:49.832 [info] Got 1 sessions for function:accessCodeSyncStorage...
2025-01-28 17:38:49.988 [info] Got 1 GitHub sessions for all scopes...
2025-01-28 17:38:50.067 [info] Getting GitHub sessions for all scopes...
2025-01-28 17:38:50.067 [info] Getting sessions for all scopes...
2025-01-28 17:38:50.067 [info] Got 1 GitHub sessions for all scopes...
2025-01-28 17:38:50.067 [info] Got 1 sessions for all scopes...
2025-01-28 17:38:50.258 [info] Getting GitHub sessions for all scopes...
2025-01-28 17:38:50.259 [info] Got 1 GitHub sessions for all scopes...
2025-01-28 17:38:50.853 [info] Getting GitHub sessions for read:user,repo,user:email,workflow...
2025-01-28 17:38:50.853 [info] Got 1 GitHub sessions for read:user,repo,user:email,workflow...
2025-01-28 17:38:51.495 [info] Getting GitHub sessions for project,read:org,read:user,repo,user:email,workflow...
2025-01-28 17:38:51.495 [info] Got 0 GitHub sessions for project,read:org,read:user,repo,user:email,workflow...
2025-01-28 17:38:51.866 [info] Getting GitHub sessions for read:user,repo,user:email,workflow...
2025-01-28 17:38:51.866 [info] Got 1 GitHub sessions for read:user,repo,user:email,workflow...
2025-01-28 17:38:52.160 [info] Getting GitHub sessions for read:user,repo,user:email,workflow...
2025-01-28 17:38:52.160 [info] Got 1 GitHub sessions for read:user,repo,user:email,workflow...
2025-01-28 17:41:02.919 [info] Getting sessions for all scopes...
2025-01-28 17:41:02.920 [info] Getting GitHub sessions for all scopes...
2025-01-28 17:41:02.920 [info] Got 1 sessions for all scopes...
2025-01-28 17:41:02.920 [info] Got 1 GitHub sessions for all scopes...
