2025-01-27 22:07:39.503 [info] Log level: Info
2025-01-27 22:07:39.590 [info] VSCODE_MACHINE_ID: dd745e17-5294-4cc8-a682-898a1783f5ec
2025-01-27 22:07:39.590 [info] VSCODE_SESSION_ID: 8e3b2001-43f5-4be1-9939-d2d1c20ab93f1738015654978
2025-01-27 22:07:39.590 [info] VSCODE_VERSION: 1.96.3
2025-01-27 22:07:39.590 [info] VSCODE_APP_NAME: Gitpod Code
2025-01-27 22:07:39.590 [info] VSCODE_APP_HOST: Gitpod
2025-01-27 22:07:39.590 [info] VSCODE_UI_KIND: web
2025-01-27 22:07:39.590 [info] GITPOD_WORKSPACE_CONTEXT_URL: https://github.com/samanthamoss87/project-4
2025-01-27 22:07:39.590 [info] GITPOD_INSTANCE_ID: 6e810094-7b93-4945-927d-26286298649a
2025-01-27 22:07:39.590 [info] GITPOD_WORKSPACE_URL: https://samanthamoss87-project4-ewn3f8asl7s.ws-eu117.gitpod.io
2025-01-27 22:07:39.595 [info] Gitpod Web 3953e81
2025-01-27 22:07:39.595 [info] Reading sessions from keychain...
2025-01-27 22:07:39.852 [info] Getting sessions for all scopes...
2025-01-27 22:07:39.852 [info] Getting sessions for all scopes...
2025-01-27 22:07:39.852 [info] Getting GitHub sessions for all scopes...
2025-01-27 22:07:39.852 [info] Getting sessions for function:accessCodeSyncStorage...
2025-01-27 22:07:39.852 [info] Got stored sessions!
2025-01-27 22:07:39.852 [info] Verified session with the following scopes: function:accessCodeSyncStorage function:closePort function:controlAdmission function:deleteEnvVar function:generateNewGitpodToken function:getDefaultWorkspaceImage function:getGitpodTokenScopes function:getIDToken function:getLoggedInUser function:getOpenPorts function:getSupportedWorkspaceClasses function:getTeams function:getToken function:getWorkspace function:getWorkspaceEnvVars function:getWorkspaceOwner function:getWorkspaceTimeout function:getWorkspaceUsers function:guessGitTokenScopes function:isWorkspaceOwner function:openPort function:sendHeartBeat function:setEnvVar function:setWorkspaceTimeout function:stopWorkspace function:takeSnapshot function:trackEvent function:updateGitStatus function:waitForSnapshot resource:contentBlob::*::create/get resource:envVar::*/**::update resource:envVar::*/*::update resource:envVar::samanthamoss87/project-4::create/get/update/delete resource:gitpodToken::*::create resource:snapshot::ws-samanthamoss87-project4-ewn3f8asl7s::create resource:token::*::get resource:userStorage::*::create/get/update resource:workspace::samanthamoss87-project4-ewn3f8asl7s::get/update resource:workspaceInstance::6e810094-7b93-4945-927d-26286298649a::get/update/delete
2025-01-27 22:07:39.852 [info] Got 1 verified sessions.
2025-01-27 22:07:39.852 [info] Got 1 sessions for all scopes...
2025-01-27 22:07:39.852 [info] Got 1 sessions for all scopes...
2025-01-27 22:07:39.852 [info] Got 1 sessions for function:accessCodeSyncStorage...
2025-01-27 22:07:40.055 [info] Got 1 GitHub sessions for all scopes...
2025-01-27 22:07:40.064 [info] Getting GitHub sessions for all scopes...
2025-01-27 22:07:40.064 [info] Getting sessions for all scopes...
2025-01-27 22:07:40.064 [info] Got 1 GitHub sessions for all scopes...
2025-01-27 22:07:40.064 [info] Got 1 sessions for all scopes...
2025-01-27 22:07:40.311 [info] Getting GitHub sessions for all scopes...
2025-01-27 22:07:40.311 [info] Got 1 GitHub sessions for all scopes...
2025-01-27 22:07:40.965 [info] Getting GitHub sessions for read:user,repo,user:email,workflow...
2025-01-27 22:07:40.965 [info] Got 1 GitHub sessions for read:user,repo,user:email,workflow...
2025-01-27 22:07:41.574 [info] Getting GitHub sessions for project,read:org,read:user,repo,user:email,workflow...
2025-01-27 22:07:41.574 [info] Got 0 GitHub sessions for project,read:org,read:user,repo,user:email,workflow...
2025-01-27 22:07:41.900 [info] Getting GitHub sessions for read:user,repo,user:email,workflow...
2025-01-27 22:07:41.900 [info] Got 1 GitHub sessions for read:user,repo,user:email,workflow...
2025-01-27 22:07:42.192 [info] Getting GitHub sessions for read:user,repo,user:email,workflow...
2025-01-27 22:07:42.192 [info] Got 1 GitHub sessions for read:user,repo,user:email,workflow...
