2025-01-31 19:51:14.716 [info] Log level: Info
2025-01-31 19:51:14.726 [info] VSCODE_MACHINE_ID: dd745e17-5294-4cc8-a682-898a1783f5ec
2025-01-31 19:51:14.726 [info] VSCODE_SESSION_ID: 5e7b2914-6553-4625-99c1-4d37b8afc7251738353069133
2025-01-31 19:51:14.726 [info] VSCODE_VERSION: 1.96.3
2025-01-31 19:51:14.726 [info] VSCODE_APP_NAME: Gitpod Code
2025-01-31 19:51:14.726 [info] VSCODE_APP_HOST: Gitpod
2025-01-31 19:51:14.726 [info] VSCODE_UI_KIND: web
2025-01-31 19:51:14.726 [info] GITPOD_WORKSPACE_CONTEXT_URL: https://github.com/samanthamoss87/project-4
2025-01-31 19:51:14.726 [info] GITPOD_INSTANCE_ID: 998814e6-7b01-4153-9380-a858b53cd503
2025-01-31 19:51:14.726 [info] GITPOD_WORKSPACE_URL: https://samanthamoss87-project4-ewn3f8asl7s.ws-eu117.gitpod.io
2025-01-31 19:51:14.732 [info] Gitpod Web 3953e81
2025-01-31 19:51:14.732 [info] Reading sessions from keychain...
2025-01-31 19:51:15.021 [info] Getting sessions for all scopes...
2025-01-31 19:51:15.021 [info] Getting sessions for all scopes...
2025-01-31 19:51:15.022 [info] Getting GitHub sessions for all scopes...
2025-01-31 19:51:15.022 [info] Getting sessions for function:accessCodeSyncStorage...
2025-01-31 19:51:15.022 [info] Got stored sessions!
2025-01-31 19:51:15.022 [info] Verified session with the following scopes: function:accessCodeSyncStorage function:closePort function:controlAdmission function:deleteEnvVar function:generateNewGitpodToken function:getDefaultWorkspaceImage function:getGitpodTokenScopes function:getIDToken function:getLoggedInUser function:getOpenPorts function:getSupportedWorkspaceClasses function:getTeams function:getToken function:getWorkspace function:getWorkspaceEnvVars function:getWorkspaceOwner function:getWorkspaceTimeout function:getWorkspaceUsers function:guessGitTokenScopes function:isWorkspaceOwner function:openPort function:sendHeartBeat function:setEnvVar function:setWorkspaceTimeout function:stopWorkspace function:takeSnapshot function:trackEvent function:updateGitStatus function:waitForSnapshot resource:contentBlob::*::create/get resource:envVar::*/**::update resource:envVar::*/*::update resource:envVar::samanthamoss87/project-4::create/get/update/delete resource:gitpodToken::*::create resource:snapshot::ws-samanthamoss87-project4-ewn3f8asl7s::create resource:token::*::get resource:userStorage::*::create/get/update resource:workspace::samanthamoss87-project4-ewn3f8asl7s::get/update resource:workspaceInstance::998814e6-7b01-4153-9380-a858b53cd503::get/update/delete
2025-01-31 19:51:15.029 [info] Got 1 verified sessions.
2025-01-31 19:51:15.029 [info] Got 1 sessions for all scopes...
2025-01-31 19:51:15.029 [info] Got 1 sessions for all scopes...
2025-01-31 19:51:15.029 [info] Got 1 sessions for function:accessCodeSyncStorage...
2025-01-31 19:51:15.321 [info] Got 1 GitHub sessions for all scopes...
2025-01-31 19:51:15.375 [info] Getting GitHub sessions for all scopes...
2025-01-31 19:51:15.375 [info] Getting sessions for all scopes...
2025-01-31 19:51:15.375 [info] Got 1 GitHub sessions for all scopes...
2025-01-31 19:51:15.375 [info] Got 1 sessions for all scopes...
2025-01-31 19:51:15.561 [info] Getting GitHub sessions for all scopes...
2025-01-31 19:51:15.561 [info] Got 1 GitHub sessions for all scopes...
2025-01-31 19:51:16.040 [info] Getting GitHub sessions for read:user,repo,user:email,workflow...
2025-01-31 19:51:16.040 [info] Got 1 GitHub sessions for read:user,repo,user:email,workflow...
2025-01-31 19:51:16.666 [info] Getting GitHub sessions for project,read:org,read:user,repo,user:email,workflow...
2025-01-31 19:51:16.666 [info] Got 0 GitHub sessions for project,read:org,read:user,repo,user:email,workflow...
2025-01-31 19:51:16.940 [info] Getting GitHub sessions for read:user,repo,user:email,workflow...
2025-01-31 19:51:16.940 [info] Got 1 GitHub sessions for read:user,repo,user:email,workflow...
2025-01-31 19:51:17.295 [info] Getting GitHub sessions for read:user,repo,user:email,workflow...
2025-01-31 19:51:17.295 [info] Got 1 GitHub sessions for read:user,repo,user:email,workflow...
