2025-01-30 21:41:44.134 [warning] /home/gitpod/.ssh/config: ENOENT: no such file or directory, open '/home/gitpod/.ssh/config'
2025-01-30 21:41:44.134 [info] Activation> Extension version: 0.102.0
2025-01-30 21:41:46.074 [info] Looking for git repository
2025-01-30 21:41:46.074 [info] Found 0 repositories during activation
2025-01-30 21:41:46.074 [info] Git repository found, initializing review manager and pr tree view.
2025-01-30 21:41:46.080 [info] Registering git provider
2025-01-30 21:41:46.081 [info] Review+0> Validate state in progress
2025-01-30 21:41:46.081 [info] Review+0> Validating state...
2025-01-30 21:41:46.300 [info] Found GitHub remote for folder /workspace/project-4
2025-01-30 21:41:46.560 [info] Trying to use globalState for assignableUsers.
2025-01-30 21:41:46.676 [info] Review+0> No matching pull request metadata found locally for current branch main
2025-01-30 21:41:46.923 [info] Review+0> No matching pull request metadata found on GitHub for current branch main
2025-01-30 21:41:47.135 [info] Using globalState assignableUsers for 1.
2025-01-30 21:43:16.650 [info] Repo state for file:///workspace/project-4 changed.
2025-01-30 21:43:16.650 [info] Repo file:///workspace/project-4 has already been setup.
2025-01-30 23:07:49.718 [info] Review+0> Validate state in progress
2025-01-30 23:07:49.718 [info] Review+0> Validating state...
2025-01-30 23:07:50.054 [info] Found GitHub remote for folder /workspace/project-4
2025-01-30 23:07:50.055 [info] Using in-memory cached assignable users.
2025-01-30 23:07:50.064 [info] Review+0> No matching pull request metadata found locally for current branch main
2025-01-30 23:07:50.281 [info] Review+0> No matching pull request metadata found on GitHub for current branch main
2025-01-30 23:07:54.449 [info] Review+0> Validate state in progress
2025-01-30 23:07:54.449 [info] Review+0> Validating state...
2025-01-30 23:07:54.666 [info] Found GitHub remote for folder /workspace/project-4
2025-01-30 23:07:54.667 [info] Using in-memory cached assignable users.
2025-01-30 23:07:54.675 [info] Review+0> No matching pull request metadata found locally for current branch main
2025-01-30 23:07:54.910 [info] Review+0> No matching pull request metadata found on GitHub for current branch main
