2025-01-27 22:07:40.540 [info] [main] Log level: Info
2025-01-27 22:07:40.540 [info] [main] Validating found git in: "git"
2025-01-27 22:07:40.540 [info] [main] Using git "2.47.0" from "git"
2025-01-27 22:07:40.540 [info] [Model][doInitialScan] Initial repository scan started
2025-01-27 22:07:40.540 [info] > git rev-parse --show-toplevel [3ms]
2025-01-27 22:07:40.540 [info] > git rev-parse --git-dir --git-common-dir [2ms]
2025-01-27 22:07:40.540 [info] [Model][openRepository] Opened repository: /workspace/project-4
2025-01-27 22:07:40.540 [info] > git config --get commit.template [11ms]
2025-01-27 22:07:40.540 [info] > git rev-parse --show-toplevel [3ms]
2025-01-27 22:07:40.540 [info] > git for-each-ref --format=%(refname)%00%(upstream:short)%00%(objectname)%00%(upstream:track)%00%(upstream:remotename)%00%(upstream:remoteref) refs/heads/main refs/remotes/main [6ms]
2025-01-27 22:07:40.540 [info] > git rev-parse --show-toplevel [2ms]
2025-01-27 22:07:40.540 [info] [Model][doInitialScan] Initial repository scan completed - repositories (1), closed repositories (0), parent repositories (0), unsafe repositories (0)
2025-01-27 22:07:40.540 [info] > git status -z -uall [5ms]
2025-01-27 22:07:40.540 [info] > git for-each-ref --sort -committerdate --format %(refname) %(objectname) %(*objectname) [2ms]
2025-01-27 22:07:40.540 [info] > git for-each-ref --format=%(refname)%00%(upstream:short)%00%(objectname)%00%(upstream:track)%00%(upstream:remotename)%00%(upstream:remoteref) refs/heads/main refs/remotes/main [6ms]
2025-01-27 22:07:40.540 [info] > git config --get commit.template [5ms]
2025-01-27 22:07:40.540 [info] > git config --local branch.main.vscode-merge-base [1ms]
2025-01-27 22:07:40.540 [warning] [Git][config] git config failed: Failed to execute git
2025-01-27 22:07:40.540 [info] > git reflog main --grep-reflog=branch: Created from *. [5ms]
2025-01-27 22:07:40.540 [info] > git for-each-ref --format=%(refname)%00%(upstream:short)%00%(objectname)%00%(upstream:track)%00%(upstream:remotename)%00%(upstream:remoteref) refs/heads/main refs/remotes/main [5ms]
2025-01-27 22:07:40.540 [info] > git symbolic-ref --short refs/remotes/origin/HEAD [2ms]
2025-01-27 22:07:40.540 [info] fatal: ref refs/remotes/origin/HEAD is not a symbolic ref
2025-01-27 22:07:40.540 [warning] [Repository][getDefaultBranch] Failed to get default branch details: Failed to execute git.
2025-01-27 22:07:40.540 [info] > git status -z -uall [4ms]
2025-01-27 22:07:40.540 [info] > git merge-base refs/heads/main refs/remotes/origin/main [15ms]
2025-01-27 22:07:40.540 [info] > git for-each-ref --sort -committerdate --format %(refname) %(objectname) %(*objectname) [5ms]
2025-01-27 22:07:40.540 [info] > git diff --name-status -z --diff-filter=ADMR 00688f229014ab96f4971e6d93091b37a6db0a7b...refs/remotes/origin/main [8ms]
2025-01-27 22:07:40.540 [info] > git merge-base refs/heads/main refs/remotes/origin/main [3ms]
2025-01-27 22:07:40.717 [info] > git diff --name-status -z --diff-filter=ADMR 00688f229014ab96f4971e6d93091b37a6db0a7b...refs/remotes/origin/main [177ms]
2025-01-27 22:07:40.720 [info] > git fetch [389ms]
2025-01-27 22:07:40.729 [info] > git config --get commit.template [5ms]
2025-01-27 22:07:40.731 [info] > git for-each-ref --format=%(refname)%00%(upstream:short)%00%(objectname)%00%(upstream:track)%00%(upstream:remotename)%00%(upstream:remoteref) refs/heads/main refs/remotes/main [2ms]
2025-01-27 22:07:40.741 [info] > git status -z -uall [5ms]
2025-01-27 22:07:40.742 [info] > git for-each-ref --sort -committerdate --format %(refname) %(objectname) %(*objectname) [2ms]
2025-01-27 22:07:41.116 [info] > git show --textconv :thai_massage/manage.py [4ms]
2025-01-27 22:07:41.118 [info] > git ls-files --stage -- /workspace/project-4/thai_massage/manage.py [2ms]
2025-01-27 22:07:41.123 [info] > git cat-file -s df580cd766972c347ca1e32551d17c6c43ba75e4 [2ms]
2025-01-27 22:07:41.247 [info] > git check-ignore -v -z --stdin [2ms]
2025-01-27 22:07:42.052 [info] > git config --get commit.template [5ms]
2025-01-27 22:07:42.053 [info] > git for-each-ref --format=%(refname)%00%(upstream:short)%00%(objectname)%00%(upstream:track)%00%(upstream:remotename)%00%(upstream:remoteref) refs/heads/main refs/remotes/main [2ms]
2025-01-27 22:07:42.062 [info] > git status -z -uall [5ms]
2025-01-27 22:07:42.064 [info] > git for-each-ref --sort -committerdate --format %(refname) %(objectname) %(*objectname) [2ms]
2025-01-27 22:07:42.362 [info] > git ls-files --stage -- /workspace/project-4/thai_massage/manage.py [2ms]
2025-01-27 22:07:42.367 [info] > git cat-file -s df580cd766972c347ca1e32551d17c6c43ba75e4 [1ms]
2025-01-27 22:07:42.577 [info] > git show --textconv :thai_massage/manage.py [2ms]
2025-01-27 22:07:43.434 [info] > git config --local branch.main.github-pr-owner-number [106ms]
2025-01-27 22:07:43.434 [warning] [Git][config] git config failed: Failed to execute git
2025-01-27 22:07:43.474 [info] > git blame --root --incremental 00688f229014ab96f4971e6d93091b37a6db0a7b -- /workspace/project-4/thai_massage/manage.py [9ms]
