2025-01-28 19:22:25.165 [warning] /home/gitpod/.ssh/config: ENOENT: no such file or directory, open '/home/gitpod/.ssh/config'
2025-01-28 19:22:25.165 [info] Activation> Extension version: 0.102.0
2025-01-28 19:22:27.113 [info] Looking for git repository
2025-01-28 19:22:27.113 [info] Found 0 repositories during activation
2025-01-28 19:22:27.113 [info] Git repository found, initializing review manager and pr tree view.
2025-01-28 19:22:27.118 [info] Registering git provider
2025-01-28 19:22:27.118 [info] Review+0> Validate state in progress
2025-01-28 19:22:27.118 [info] Review+0> Validating state...
2025-01-28 19:22:27.352 [info] Found GitHub remote for folder /workspace/project-4
2025-01-28 19:22:27.635 [info] Trying to use globalState for assignableUsers.
2025-01-28 19:22:27.796 [info] Review+0> No matching pull request metadata found locally for current branch main
2025-01-28 19:22:28.069 [info] Review+0> No matching pull request metadata found on GitHub for current branch main
2025-01-28 19:22:28.253 [info] Using globalState assignableUsers for 1.
2025-01-28 19:22:55.996 [info] Repo state for file:///workspace/project-4 changed.
2025-01-28 19:22:55.996 [info] Repo file:///workspace/project-4 has already been setup.
2025-01-28 19:24:48.090 [info] Review+0> Validate state in progress
2025-01-28 19:24:48.090 [info] Review+0> Validating state...
2025-01-28 19:24:48.464 [info] Found GitHub remote for folder /workspace/project-4
2025-01-28 19:24:48.464 [info] Using in-memory cached assignable users.
2025-01-28 19:24:48.473 [info] Review+0> No matching pull request metadata found locally for current branch main
2025-01-28 19:24:48.717 [info] Review+0> No matching pull request metadata found on GitHub for current branch main
2025-01-28 19:32:41.226 [info] Review+0> Validate state in progress
2025-01-28 19:32:41.226 [info] Review+0> Validating state...
2025-01-28 19:32:41.563 [info] Found GitHub remote for folder /workspace/project-4
2025-01-28 19:32:41.564 [info] Using in-memory cached assignable users.
2025-01-28 19:32:41.572 [info] Review+0> No matching pull request metadata found locally for current branch main
2025-01-28 19:32:41.827 [info] Review+0> No matching pull request metadata found on GitHub for current branch main
2025-01-28 19:32:45.751 [info] Review+0> Validate state in progress
2025-01-28 19:32:45.751 [info] Review+0> Validating state...
2025-01-28 19:32:45.969 [info] Found GitHub remote for folder /workspace/project-4
2025-01-28 19:32:45.970 [info] Using in-memory cached assignable users.
2025-01-28 19:32:45.977 [info] Review+0> No matching pull request metadata found locally for current branch main
2025-01-28 19:32:46.241 [info] Review+0> No matching pull request metadata found on GitHub for current branch main
2025-01-28 19:39:27.288 [info] Review+0> Validate state in progress
2025-01-28 19:39:27.289 [info] Review+0> Validating state...
2025-01-28 19:39:27.621 [info] Found GitHub remote for folder /workspace/project-4
2025-01-28 19:39:27.622 [info] Using in-memory cached assignable users.
2025-01-28 19:39:27.629 [info] Review+0> No matching pull request metadata found locally for current branch main
2025-01-28 19:39:27.873 [info] Review+0> No matching pull request metadata found on GitHub for current branch main
2025-01-28 19:39:31.821 [info] Review+0> Validate state in progress
2025-01-28 19:39:31.821 [info] Review+0> Validating state...
2025-01-28 19:39:32.032 [info] Found GitHub remote for folder /workspace/project-4
2025-01-28 19:39:32.033 [info] Using in-memory cached assignable users.
2025-01-28 19:39:32.040 [info] Review+0> No matching pull request metadata found locally for current branch main
2025-01-28 19:39:32.338 [info] Review+0> No matching pull request metadata found on GitHub for current branch main
2025-01-28 19:41:12.196 [info] Review+0> Validate state in progress
2025-01-28 19:41:12.196 [info] Review+0> Validating state...
2025-01-28 19:41:12.526 [info] Found GitHub remote for folder /workspace/project-4
2025-01-28 19:41:12.526 [info] Using in-memory cached assignable users.
2025-01-28 19:41:12.534 [info] Review+0> No matching pull request metadata found locally for current branch main
2025-01-28 19:41:12.841 [info] Review+0> No matching pull request metadata found on GitHub for current branch main
2025-01-28 19:41:16.323 [info] Review+0> Validate state in progress
2025-01-28 19:41:16.323 [info] Review+0> Validating state...
2025-01-28 19:41:16.877 [info] Found GitHub remote for folder /workspace/project-4
2025-01-28 19:41:16.877 [info] Using in-memory cached assignable users.
2025-01-28 19:41:16.884 [info] Review+0> No matching pull request metadata found locally for current branch main
2025-01-28 19:41:17.151 [info] Review+0> No matching pull request metadata found on GitHub for current branch main
2025-01-28 19:44:37.920 [info] Review+0> Validate state in progress
2025-01-28 19:44:37.920 [info] Review+0> Validating state...
2025-01-28 19:44:38.242 [info] Found GitHub remote for folder /workspace/project-4
2025-01-28 19:44:38.243 [info] Using in-memory cached assignable users.
2025-01-28 19:44:38.250 [info] Review+0> No matching pull request metadata found locally for current branch main
2025-01-28 19:44:38.526 [info] Review+0> No matching pull request metadata found on GitHub for current branch main
2025-01-28 19:44:41.491 [info] Review+0> Validate state in progress
2025-01-28 19:44:41.491 [info] Review+0> Validating state...
2025-01-28 19:44:41.702 [info] Found GitHub remote for folder /workspace/project-4
2025-01-28 19:44:41.702 [info] Using in-memory cached assignable users.
2025-01-28 19:44:41.710 [info] Review+0> No matching pull request metadata found locally for current branch main
2025-01-28 19:44:41.955 [info] Review+0> No matching pull request metadata found on GitHub for current branch main
2025-01-28 19:46:05.324 [info] Review+0> Validate state in progress
2025-01-28 19:46:05.324 [info] Review+0> Validating state...
2025-01-28 19:46:05.650 [info] Found GitHub remote for folder /workspace/project-4
2025-01-28 19:46:05.650 [info] Using in-memory cached assignable users.
2025-01-28 19:46:05.658 [info] Review+0> No matching pull request metadata found locally for current branch main
2025-01-28 19:46:05.949 [info] Review+0> No matching pull request metadata found on GitHub for current branch main
2025-01-28 19:46:10.312 [info] Review+0> Validate state in progress
2025-01-28 19:46:10.312 [info] Review+0> Validating state...
2025-01-28 19:46:10.523 [info] Found GitHub remote for folder /workspace/project-4
2025-01-28 19:46:10.523 [info] Using in-memory cached assignable users.
2025-01-28 19:46:10.531 [info] Review+0> No matching pull request metadata found locally for current branch main
2025-01-28 19:46:10.778 [info] Review+0> No matching pull request metadata found on GitHub for current branch main
2025-01-28 20:33:57.548 [info] Review+0> Validate state in progress
2025-01-28 20:33:57.548 [info] Review+0> Validating state...
2025-01-28 20:33:57.948 [info] Found GitHub remote for folder /workspace/project-4
2025-01-28 20:33:57.949 [info] Using in-memory cached assignable users.
2025-01-28 20:33:57.959 [info] Review+0> No matching pull request metadata found locally for current branch main
2025-01-28 20:33:58.241 [info] Review+0> No matching pull request metadata found on GitHub for current branch main
2025-01-28 20:34:02.744 [info] Review+0> Validate state in progress
2025-01-28 20:34:02.744 [info] Review+0> Validating state...
2025-01-28 20:34:02.958 [info] Found GitHub remote for folder /workspace/project-4
2025-01-28 20:34:02.959 [info] Using in-memory cached assignable users.
2025-01-28 20:34:02.969 [info] Review+0> No matching pull request metadata found locally for current branch main
2025-01-28 20:34:03.439 [info] Review+0> No matching pull request metadata found on GitHub for current branch main
2025-01-28 20:37:41.073 [info] Review+0> Validate state in progress
2025-01-28 20:37:41.073 [info] Review+0> Validating state...
2025-01-28 20:37:41.409 [info] Found GitHub remote for folder /workspace/project-4
2025-01-28 20:37:41.410 [info] Using in-memory cached assignable users.
2025-01-28 20:37:41.417 [info] Review+0> No matching pull request metadata found locally for current branch main
2025-01-28 20:37:41.661 [info] Review+0> No matching pull request metadata found on GitHub for current branch main
2025-01-28 20:37:44.174 [info] Review+0> Validate state in progress
2025-01-28 20:37:44.174 [info] Review+0> Validating state...
2025-01-28 20:37:44.385 [info] Found GitHub remote for folder /workspace/project-4
2025-01-28 20:37:44.385 [info] Using in-memory cached assignable users.
2025-01-28 20:37:44.393 [info] Review+0> No matching pull request metadata found locally for current branch main
2025-01-28 20:37:44.691 [info] Review+0> No matching pull request metadata found on GitHub for current branch main
