2025-01-31 21:39:48.263 [warning] Dir "/workspace/project-4/.pixi/envs" is not watchable (directory does not exist)
2025-01-31 21:39:48.263 [info] Python interpreter path: ~/.pyenv/shims/python
2025-01-31 21:39:48.548 [info] > ~/.pyenv/bin/pyenv which python
2025-01-31 21:39:48.548 [info] cwd: .
2025-01-31 21:39:49.860 [info] Starting Jedi language server for project-4.
2025-01-31 21:41:24.323 [info] Discover tests for workspace name: project-4 - uri: /workspace/project-4/thai_massage/booking/models.py
2025-01-31 21:41:45.668 [info] Discover tests for workspace name: project-4 - uri: /workspace/project-4/thai_massage/booking/forms.py
2025-01-31 21:42:09.360 [info] Discover tests for workspace name: project-4 - uri: /workspace/project-4/thai_massage/booking/views.py
2025-01-31 21:42:13.004 [info] Discover tests for workspace name: project-4 - uri: /workspace/project-4/thai_massage/booking/views.py
2025-01-31 21:42:32.317 [info] Discover tests for workspace name: project-4 - uri: /workspace/project-4/thai_massage/booking/models.py
2025-01-31 21:50:55.170 [info] Discover tests for workspace name: project-4 - uri: /workspace/project-4/thai_massage/booking/models.py
2025-01-31 21:59:02.526 [info] Discover tests for workspace name: project-4 - uri: /workspace/project-4/thai_massage/booking/forms.py
2025-01-31 21:59:07.358 [info] Discover tests for workspace name: project-4 - uri: /workspace/project-4/thai_massage/booking/forms.py
2025-01-31 21:59:11.859 [info] Discover tests for workspace name: project-4 - uri: /workspace/project-4/thai_massage/booking/forms.py
2025-01-31 21:59:13.099 [info] Discover tests for workspace name: project-4 - uri: /workspace/project-4/thai_massage/booking/forms.py
2025-01-31 21:59:15.380 [info] Discover tests for workspace name: project-4 - uri: /workspace/project-4/thai_massage/booking/forms.py
2025-01-31 21:59:19.443 [info] Discover tests for workspace name: project-4 - uri: /workspace/project-4/thai_massage/booking/forms.py
2025-01-31 21:59:21.643 [info] Discover tests for workspace name: project-4 - uri: /workspace/project-4/thai_massage/booking/forms.py
2025-01-31 21:59:25.177 [info] Discover tests for workspace name: project-4 - uri: /workspace/project-4/thai_massage/booking/forms.py
2025-01-31 21:59:29.525 [info] Discover tests for workspace name: project-4 - uri: /workspace/project-4/thai_massage/booking/forms.py
2025-01-31 21:59:33.857 [info] Discover tests for workspace name: project-4 - uri: /workspace/project-4/thai_massage/booking/forms.py
2025-01-31 22:00:03.035 [info] Discover tests for workspace name: project-4 - uri: /workspace/project-4/thai_massage/booking/forms.py
2025-01-31 22:04:38.057 [info] Discover tests for workspace name: project-4 - uri: /workspace/project-4/thai_massage/booking/views.py
2025-01-31 22:04:42.992 [info] Discover tests for workspace name: project-4 - uri: /workspace/project-4/thai_massage/booking/views.py
2025-01-31 22:04:52.411 [info] Discover tests for workspace name: project-4 - uri: /workspace/project-4/thai_massage/booking/views.py
2025-01-31 22:04:55.579 [info] Discover tests for workspace name: project-4 - uri: /workspace/project-4/thai_massage/booking/views.py
2025-01-31 22:04:59.842 [info] Discover tests for workspace name: project-4 - uri: /workspace/project-4/thai_massage/booking/views.py
2025-01-31 22:05:00.676 [info] Discover tests for workspace name: project-4 - uri: /workspace/project-4/thai_massage/booking/views.py
2025-01-31 22:05:23.052 [info] Discover tests for workspace name: project-4 - uri: /workspace/project-4/thai_massage/booking/views.py
2025-01-31 22:05:24.307 [info] Discover tests for workspace name: project-4 - uri: /workspace/project-4/thai_massage/booking/views.py
2025-01-31 22:05:30.697 [info] Discover tests for workspace name: project-4 - uri: /workspace/project-4/thai_massage/booking/views.py
2025-01-31 22:07:06.292 [info] Discover tests for workspace name: project-4 - uri: /workspace/project-4/thai_massage/booking/views.py
2025-01-31 22:14:16.599 [info] Discover tests for workspace name: project-4 - uri: /workspace/project-4/thai_massage/thai_massage/settings.py
2025-01-31 22:14:18.443 [info] Discover tests for workspace name: project-4 - uri: /workspace/project-4/thai_massage/thai_massage/settings.py
